<?xml version="1.0" encoding="utf-8"?>
<test-run id="2" name="nunitlite.tests.exe" fullname="C:/Users/mmorales/Documents/Product_Verification/NUnit/net-4.5/nunitlite.tests.exe" testcasecount="342" result="Skipped" label="Ignored" start-time="2017-08-14 18:37:41Z" end-time="2017-08-14 18:37:41Z" duration="0.378903" total="342" passed="341" failed="0" inconclusive="0" skipped="1" asserts="698" random-seed="78123231">
  <command-line><![CDATA["C:\Users\mmorales\Documents\Product_Verification\NUnit\net-4.5\nunitlite.tests.exe" ]]></command-line>
  <filter />
  <test-suite type="Assembly" id="1383" name="nunitlite.tests.exe" fullname="C:/Users/mmorales/Documents/Product_Verification/NUnit/net-4.5/nunitlite.tests.exe" runstate="Runnable" testcasecount="342" result="Skipped" label="Ignored" start-time="2017-08-14 18:37:41Z" end-time="2017-08-14 18:37:41Z" duration="0.378903" total="342" passed="341" failed="0" warnings="0" inconclusive="0" skipped="1" asserts="698">
    <environment framework-version="3.7.1.0" clr-version="4.0.30319.42000" os-version="Microsoft Windows NT 6.1.7601 Service Pack 1" platform="Win32NT" cwd="C:\Users\mmorales\Documents\Product_Verification\NUnit\net-4.5" machine-name="SDD16" user="mmorales" user-domain="METOCEANDATA" culture="en-CA" uiculture="en-US" os-architecture="x64" />
    <settings>
      <setting name="WorkDirectory" value="C:\Users\mmorales\Documents\Product_Verification\NUnit\net-4.5" />
      <setting name="NumberOfTestWorkers" value="4" />
    </settings>
    <properties>
      <property name="ParallelScope" value="Fixtures" />
      <property name="_PID" value="7524" />
      <property name="_APPDOMAIN" value="nunitlite.tests.exe" />
    </properties>
    <reason>
      <message><![CDATA[One or more child tests were ignored]]></message>
    </reason>
    <test-suite type="TestSuite" id="1386" name="NUnit" fullname="NUnit" runstate="Runnable" testcasecount="76" result="Passed" start-time="2017-08-14 18:37:41Z" end-time="2017-08-14 18:37:41Z" duration="0.160003" total="76" passed="76" failed="0" warnings="0" inconclusive="0" skipped="0" asserts="178">
      <test-suite type="TestSuite" id="1389" name="ConsoleRunner" fullname="NUnit.ConsoleRunner" runstate="Runnable" testcasecount="2" result="Passed" start-time="2017-08-14 18:37:41Z" end-time="2017-08-14 18:37:41Z" duration="0.151118" total="2" passed="2" failed="0" warnings="0" inconclusive="0" skipped="0" asserts="2">
        <test-suite type="TestSuite" id="1390" name="Tests" fullname="NUnit.ConsoleRunner.Tests" runstate="Runnable" testcasecount="2" result="Passed" start-time="2017-08-14 18:37:41Z" end-time="2017-08-14 18:37:41Z" duration="0.149488" total="2" passed="2" failed="0" warnings="0" inconclusive="0" skipped="0" asserts="2">
          <test-suite type="TestFixture" id="1380" name="DefaultOptionsProviderTests" fullname="NUnit.ConsoleRunner.Tests.DefaultOptionsProviderTests" classname="NUnit.ConsoleRunner.Tests.DefaultOptionsProviderTests" runstate="Runnable" testcasecount="2" result="Passed" start-time="2017-08-14 18:37:41Z" end-time="2017-08-14 18:37:41Z" duration="0.088013" total="2" passed="2" failed="0" warnings="0" inconclusive="0" skipped="0" asserts="2">
            <test-case id="1382" name="ShouldRetTeamCityAsFalseWhenHasNotEnvironmentVariable_TEAMCITY_PROJECT_NAME" fullname="NUnit.ConsoleRunner.Tests.DefaultOptionsProviderTests.ShouldRetTeamCityAsFalseWhenHasNotEnvironmentVariable_TEAMCITY_PROJECT_NAME" methodname="ShouldRetTeamCityAsFalseWhenHasNotEnvironmentVariable_TEAMCITY_PROJECT_NAME" classname="NUnit.ConsoleRunner.Tests.DefaultOptionsProviderTests" runstate="Runnable" seed="860864775" result="Passed" start-time="2017-08-14 18:37:41Z" end-time="2017-08-14 18:37:41Z" duration="0.001764" asserts="1" />
            <test-case id="1381" name="ShouldRetTeamCityAsTrueWhenHasEnvironmentVariable_TEAMCITY_PROJECT_NAME" fullname="NUnit.ConsoleRunner.Tests.DefaultOptionsProviderTests.ShouldRetTeamCityAsTrueWhenHasEnvironmentVariable_TEAMCITY_PROJECT_NAME" methodname="ShouldRetTeamCityAsTrueWhenHasEnvironmentVariable_TEAMCITY_PROJECT_NAME" classname="NUnit.ConsoleRunner.Tests.DefaultOptionsProviderTests" runstate="Runnable" seed="1782564107" result="Passed" start-time="2017-08-14 18:37:41Z" end-time="2017-08-14 18:37:41Z" duration="0.000890" asserts="1" />
          </test-suite>
        </test-suite>
      </test-suite>
      <test-suite type="TestSuite" id="1387" name="Common" fullname="NUnit.Common" runstate="Runnable" testcasecount="74" result="Passed" start-time="2017-08-14 18:37:41Z" end-time="2017-08-14 18:37:41Z" duration="0.158018" total="74" passed="74" failed="0" warnings="0" inconclusive="0" skipped="0" asserts="176">
        <test-suite type="TestSuite" id="1388" name="Tests" fullname="NUnit.Common.Tests" runstate="Runnable" testcasecount="74" result="Passed" start-time="2017-08-14 18:37:41Z" end-time="2017-08-14 18:37:41Z" duration="0.156125" total="74" passed="74" failed="0" warnings="0" inconclusive="0" skipped="0" asserts="176">
          <test-suite type="TestFixture" id="1297" name="ExtendedTextWrapperTests" fullname="NUnit.Common.Tests.ExtendedTextWrapperTests" classname="NUnit.Common.Tests.ExtendedTextWrapperTests" runstate="Runnable" testcasecount="8" result="Passed" start-time="2017-08-14 18:37:41Z" end-time="2017-08-14 18:37:41Z" duration="0.146028" total="8" passed="8" failed="0" warnings="0" inconclusive="0" skipped="0" asserts="8">
            <test-case id="1298" name="Write" fullname="NUnit.Common.Tests.ExtendedTextWrapperTests.Write" methodname="Write" classname="NUnit.Common.Tests.ExtendedTextWrapperTests" runstate="Runnable" seed="525697740" result="Passed" start-time="2017-08-14 18:37:41Z" end-time="2017-08-14 18:37:41Z" duration="0.019652" asserts="1" />
            <test-case id="1299" name="Write_ColorStyle" fullname="NUnit.Common.Tests.ExtendedTextWrapperTests.Write_ColorStyle" methodname="Write_ColorStyle" classname="NUnit.Common.Tests.ExtendedTextWrapperTests" runstate="Runnable" seed="1385803484" result="Passed" start-time="2017-08-14 18:37:41Z" end-time="2017-08-14 18:37:41Z" duration="0.000337" asserts="1" />
            <test-case id="1302" name="WriteLabel" fullname="NUnit.Common.Tests.ExtendedTextWrapperTests.WriteLabel" methodname="WriteLabel" classname="NUnit.Common.Tests.ExtendedTextWrapperTests" runstate="Runnable" seed="1698909587" result="Passed" start-time="2017-08-14 18:37:41Z" end-time="2017-08-14 18:37:41Z" duration="0.000413" asserts="1" />
            <test-case id="1303" name="WriteLabel_ColorStyle" fullname="NUnit.Common.Tests.ExtendedTextWrapperTests.WriteLabel_ColorStyle" methodname="WriteLabel_ColorStyle" classname="NUnit.Common.Tests.ExtendedTextWrapperTests" runstate="Runnable" seed="1406367582" result="Passed" start-time="2017-08-14 18:37:41Z" end-time="2017-08-14 18:37:41Z" duration="0.000342" asserts="1" />
            <test-case id="1304" name="WriteLabelLine" fullname="NUnit.Common.Tests.ExtendedTextWrapperTests.WriteLabelLine" methodname="WriteLabelLine" classname="NUnit.Common.Tests.ExtendedTextWrapperTests" runstate="Runnable" seed="345586126" result="Passed" start-time="2017-08-14 18:37:41Z" end-time="2017-08-14 18:37:41Z" duration="0.000462" asserts="1" />
            <test-case id="1305" name="WriteLabelLine_ColorStyle" fullname="NUnit.Common.Tests.ExtendedTextWrapperTests.WriteLabelLine_ColorStyle" methodname="WriteLabelLine_ColorStyle" classname="NUnit.Common.Tests.ExtendedTextWrapperTests" runstate="Runnable" seed="1933984934" result="Passed" start-time="2017-08-14 18:37:41Z" end-time="2017-08-14 18:37:41Z" duration="0.000323" asserts="1" />
            <test-case id="1300" name="WriteLine" fullname="NUnit.Common.Tests.ExtendedTextWrapperTests.WriteLine" methodname="WriteLine" classname="NUnit.Common.Tests.ExtendedTextWrapperTests" runstate="Runnable" seed="1939727999" result="Passed" start-time="2017-08-14 18:37:41Z" end-time="2017-08-14 18:37:41Z" duration="0.000313" asserts="1" />
            <test-case id="1301" name="WriteLine_ColorStyle" fullname="NUnit.Common.Tests.ExtendedTextWrapperTests.WriteLine_ColorStyle" methodname="WriteLine_ColorStyle" classname="NUnit.Common.Tests.ExtendedTextWrapperTests" runstate="Runnable" seed="347086150" result="Passed" start-time="2017-08-14 18:37:41Z" end-time="2017-08-14 18:37:41Z" duration="0.000336" asserts="1" />
          </test-suite>
          <test-suite type="TestFixture" id="1318" name="TestNameParserTests" fullname="NUnit.Common.Tests.TestNameParserTests" classname="NUnit.Common.Tests.TestNameParserTests" runstate="Runnable" testcasecount="13" result="Passed" start-time="2017-08-14 18:37:41Z" end-time="2017-08-14 18:37:41Z" duration="0.146918" total="13" passed="13" failed="0" warnings="0" inconclusive="0" skipped="0" asserts="30">
            <test-suite type="ParameterizedMethod" id="1328" name="SingleName" fullname="NUnit.Common.Tests.TestNameParserTests.SingleName" classname="NUnit.Common.Tests.TestNameParserTests" runstate="Runnable" testcasecount="9" result="Passed" start-time="2017-08-14 18:37:41Z" end-time="2017-08-14 18:37:41Z" duration="0.042012" total="9" passed="9" failed="0" warnings="0" inconclusive="0" skipped="0" asserts="18">
              <test-case id="1319" name="SingleName(&quot;Test.Namespace.Fixture.Method&quot;)" fullname="NUnit.Common.Tests.TestNameParserTests.SingleName(&quot;Test.Namespace.Fixture.Method&quot;)" methodname="SingleName" classname="NUnit.Common.Tests.TestNameParserTests" runstate="Runnable" seed="1734817616" result="Passed" start-time="2017-08-14 18:37:41Z" end-time="2017-08-14 18:37:41Z" duration="0.018398" asserts="2" />
              <test-case id="1320" name="SingleName(&quot;Test.Namespace.Fixture.Method,&quot;)" fullname="NUnit.Common.Tests.TestNameParserTests.SingleName(&quot;Test.Namespace.Fixture.Method,&quot;)" methodname="SingleName" classname="NUnit.Common.Tests.TestNameParserTests" runstate="Runnable" seed="1076524435" result="Passed" start-time="2017-08-14 18:37:41Z" end-time="2017-08-14 18:37:41Z" duration="0.000105" asserts="2" />
              <test-case id="1321" name="SingleName(&quot;  Test.Namespace.Fixture.Method  &quot;)" fullname="NUnit.Common.Tests.TestNameParserTests.SingleName(&quot;  Test.Namespace.Fixture.Method  &quot;)" methodname="SingleName" classname="NUnit.Common.Tests.TestNameParserTests" runstate="Runnable" seed="1200060177" result="Passed" start-time="2017-08-14 18:37:41Z" end-time="2017-08-14 18:37:41Z" duration="0.000391" asserts="2" />
              <test-case id="1322" name="SingleName(&quot;  Test.Namespace.Fixture.Method  ,&quot;)" fullname="NUnit.Common.Tests.TestNameParserTests.SingleName(&quot;  Test.Namespace.Fixture.Method  ,&quot;)" methodname="SingleName" classname="NUnit.Common.Tests.TestNameParserTests" runstate="Runnable" seed="36066260" result="Passed" start-time="2017-08-14 18:37:41Z" end-time="2017-08-14 18:37:41Z" duration="0.000089" asserts="2" />
              <test-case id="1323" name="SingleName(&quot;Test.Namespace.Fixture.Method()&quot;)" fullname="NUnit.Common.Tests.TestNameParserTests.SingleName(&quot;Test.Namespace.Fixture.Method()&quot;)" methodname="SingleName" classname="NUnit.Common.Tests.TestNameParserTests" runstate="Runnable" seed="1702573634" result="Passed" start-time="2017-08-14 18:37:41Z" end-time="2017-08-14 18:37:41Z" duration="0.000062" asserts="2" />
              <test-case id="1324" name="SingleName(&quot;Test.Namespace.Fixture.Method(\&quot;string,argument\&quot;)&quot;)" fullname="NUnit.Common.Tests.TestNameParserTests.SingleName(&quot;Test.Namespace.Fixture.Method(\&quot;string,argument\&quot;)&quot;)" methodname="SingleName" classname="NUnit.Common.Tests.TestNameParserTests" runstate="Runnable" seed="195805" result="Passed" start-time="2017-08-14 18:37:41Z" end-time="2017-08-14 18:37:41Z" duration="0.000056" asserts="2" />
              <test-case id="1325" name="SingleName(&quot;Test.Namespace.Fixture.Method(1,2,3)&quot;)" fullname="NUnit.Common.Tests.TestNameParserTests.SingleName(&quot;Test.Namespace.Fixture.Method(1,2,3)&quot;)" methodname="SingleName" classname="NUnit.Common.Tests.TestNameParserTests" runstate="Runnable" seed="2145616221" result="Passed" start-time="2017-08-14 18:37:41Z" end-time="2017-08-14 18:37:41Z" duration="0.000053" asserts="2" />
              <test-case id="1326" name="SingleName(&quot;Test.Namespace.Fixture.Method&lt;int,int&gt;()&quot;)" fullname="NUnit.Common.Tests.TestNameParserTests.SingleName(&quot;Test.Namespace.Fixture.Method&lt;int,int&gt;()&quot;)" methodname="SingleName" classname="NUnit.Common.Tests.TestNameParserTests" runstate="Runnable" seed="1995390477" result="Passed" start-time="2017-08-14 18:37:41Z" end-time="2017-08-14 18:37:41Z" duration="0.000093" asserts="2" />
              <test-case id="1327" name="SingleName(&quot;Test.Namespace.Fixture.Method(\&quot;)\&quot;)&quot;)" fullname="NUnit.Common.Tests.TestNameParserTests.SingleName(&quot;Test.Namespace.Fixture.Method(\&quot;)\&quot;)&quot;)" methodname="SingleName" classname="NUnit.Common.Tests.TestNameParserTests" runstate="Runnable" seed="1904020898" result="Passed" start-time="2017-08-14 18:37:41Z" end-time="2017-08-14 18:37:41Z" duration="0.000049" asserts="2" />
            </test-suite>
            <test-suite type="ParameterizedMethod" id="1333" name="TwoNames" fullname="NUnit.Common.Tests.TestNameParserTests.TwoNames" classname="NUnit.Common.Tests.TestNameParserTests" runstate="Runnable" testcasecount="4" result="Passed" start-time="2017-08-14 18:37:41Z" end-time="2017-08-14 18:37:41Z" duration="0.008002" total="4" passed="4" failed="0" warnings="0" inconclusive="0" skipped="0" asserts="12">
              <test-case id="1329" name="TwoNames(&quot;Test.Namespace.Fixture.Method1&quot;,&quot;Test.Namespace.Fixture.Method2&quot;)" fullname="NUnit.Common.Tests.TestNameParserTests.TwoNames(&quot;Test.Namespace.Fixture.Method1&quot;,&quot;Test.Namespace.Fixture.Method2&quot;)" methodname="TwoNames" classname="NUnit.Common.Tests.TestNameParserTests" runstate="Runnable" seed="425997197" result="Passed" start-time="2017-08-14 18:37:41Z" end-time="2017-08-14 18:37:41Z" duration="0.000505" asserts="3" />
              <test-case id="1330" name="TwoNames(&quot;Test.Namespace.Fixture.Method1&quot;,&quot;Test.Namespace.Fixture.Method2,&quot;)" fullname="NUnit.Common.Tests.TestNameParserTests.TwoNames(&quot;Test.Namespace.Fixture.Method1&quot;,&quot;Test.Namespace.Fixture.Method2,&quot;)" methodname="TwoNames" classname="NUnit.Common.Tests.TestNameParserTests" runstate="Runnable" seed="1319374332" result="Passed" start-time="2017-08-14 18:37:41Z" end-time="2017-08-14 18:37:41Z" duration="0.000038" asserts="3" />
              <test-case id="1331" name="TwoNames(&quot;Test.Namespace.Fixture.Method1(1,2)&quot;,&quot;Test.Namespace.Fixture.Method2(3,4)&quot;)" fullname="NUnit.Common.Tests.TestNameParserTests.TwoNames(&quot;Test.Namespace.Fixture.Method1(1,2)&quot;,&quot;Test.Namespace.Fixture.Method2(3,4)&quot;)" methodname="TwoNames" classname="NUnit.Common.Tests.TestNameParserTests" runstate="Runnable" seed="581525869" result="Passed" start-time="2017-08-14 18:37:41Z" end-time="2017-08-14 18:37:41Z" duration="0.000052" asserts="3" />
              <test-case id="1332" name="TwoNames(&quot;Test.Namespace.Fixture.Method1(\&quot;(\&quot;)&quot;,&quot;Test.Namespace.Fixture.Method2(\&quot;&lt;\&quot;)&quot;)" fullname="NUnit.Common.Tests.TestNameParserTests.TwoNames(&quot;Test.Namespace.Fixture.Method1(\&quot;(\&quot;)&quot;,&quot;Test.Namespace.Fixture.Method2(\&quot;&lt;\&quot;)&quot;)" methodname="TwoNames" classname="NUnit.Common.Tests.TestNameParserTests" runstate="Runnable" seed="1146005957" result="Passed" start-time="2017-08-14 18:37:41Z" end-time="2017-08-14 18:37:41Z" duration="0.000046" asserts="3" />
            </test-suite>
          </test-suite>
          <test-suite type="TestFixture" id="1306" name="OutputSpecificationTests" fullname="NUnit.Common.Tests.OutputSpecificationTests" classname="NUnit.Common.Tests.OutputSpecificationTests" runstate="Runnable" testcasecount="11" result="Passed" start-time="2017-08-14 18:37:41Z" end-time="2017-08-14 18:37:41Z" duration="0.148019" total="11" passed="11" failed="0" warnings="0" inconclusive="0" skipped="0" asserts="21">
            <test-case id="1310" name="FileNameOnly" fullname="NUnit.Common.Tests.OutputSpecificationTests.FileNameOnly" methodname="FileNameOnly" classname="NUnit.Common.Tests.OutputSpecificationTests" runstate="Runnable" seed="1755433689" result="Passed" start-time="2017-08-14 18:37:41Z" end-time="2017-08-14 18:37:41Z" duration="0.019547" asserts="3" />
            <test-case id="1311" name="FileNamePlusFormat" fullname="NUnit.Common.Tests.OutputSpecificationTests.FileNamePlusFormat" methodname="FileNamePlusFormat" classname="NUnit.Common.Tests.OutputSpecificationTests" runstate="Runnable" seed="1107663459" result="Passed" start-time="2017-08-14 18:37:41Z" end-time="2017-08-14 18:37:41Z" duration="0.000334" asserts="3" />
            <test-case id="1312" name="FileNamePlusTransform" fullname="NUnit.Common.Tests.OutputSpecificationTests.FileNamePlusTransform" methodname="FileNamePlusTransform" classname="NUnit.Common.Tests.OutputSpecificationTests" runstate="Runnable" seed="2054656309" result="Passed" start-time="2017-08-14 18:37:41Z" end-time="2017-08-14 18:37:41Z" duration="0.000351" asserts="3" />
            <test-case id="1315" name="MultipleFormatSpecifiersNotAllowed" fullname="NUnit.Common.Tests.OutputSpecificationTests.MultipleFormatSpecifiersNotAllowed" methodname="MultipleFormatSpecifiersNotAllowed" classname="NUnit.Common.Tests.OutputSpecificationTests" runstate="Runnable" seed="779857934" result="Passed" start-time="2017-08-14 18:37:41Z" end-time="2017-08-14 18:37:41Z" duration="0.012950" asserts="1" />
            <test-case id="1316" name="MultipleTransformSpecifiersNotAllowed" fullname="NUnit.Common.Tests.OutputSpecificationTests.MultipleTransformSpecifiersNotAllowed" methodname="MultipleTransformSpecifiersNotAllowed" classname="NUnit.Common.Tests.OutputSpecificationTests" runstate="Runnable" seed="1448952754" result="Passed" start-time="2017-08-14 18:37:41Z" end-time="2017-08-14 18:37:41Z" duration="0.000638" asserts="1" />
            <test-case id="1307" name="SpecMayNotBeNull" fullname="NUnit.Common.Tests.OutputSpecificationTests.SpecMayNotBeNull" methodname="SpecMayNotBeNull" classname="NUnit.Common.Tests.OutputSpecificationTests" runstate="Runnable" seed="86411009" result="Passed" start-time="2017-08-14 18:37:41Z" end-time="2017-08-14 18:37:41Z" duration="0.000615" asserts="1" />
            <test-case id="1308" name="SpecOptionMustContainEqualSign" fullname="NUnit.Common.Tests.OutputSpecificationTests.SpecOptionMustContainEqualSign" methodname="SpecOptionMustContainEqualSign" classname="NUnit.Common.Tests.OutputSpecificationTests" runstate="Runnable" seed="919095524" result="Passed" start-time="2017-08-14 18:37:41Z" end-time="2017-08-14 18:37:41Z" duration="0.000931" asserts="1" />
            <test-case id="1309" name="SpecOptionMustContainJustOneEqualSign" fullname="NUnit.Common.Tests.OutputSpecificationTests.SpecOptionMustContainJustOneEqualSign" methodname="SpecOptionMustContainJustOneEqualSign" classname="NUnit.Common.Tests.OutputSpecificationTests" runstate="Runnable" seed="1068768285" result="Passed" start-time="2017-08-14 18:37:41Z" end-time="2017-08-14 18:37:41Z" duration="0.000681" asserts="1" />
            <test-case id="1317" name="TransformWithNonUserFormatNotAllowed" fullname="NUnit.Common.Tests.OutputSpecificationTests.TransformWithNonUserFormatNotAllowed" methodname="TransformWithNonUserFormatNotAllowed" classname="NUnit.Common.Tests.OutputSpecificationTests" runstate="Runnable" seed="116353329" result="Passed" start-time="2017-08-14 18:37:41Z" end-time="2017-08-14 18:37:41Z" duration="0.000690" asserts="1" />
            <test-case id="1313" name="UserFormatMayBeIndicatedExplicitlyAfterTransform" fullname="NUnit.Common.Tests.OutputSpecificationTests.UserFormatMayBeIndicatedExplicitlyAfterTransform" methodname="UserFormatMayBeIndicatedExplicitlyAfterTransform" classname="NUnit.Common.Tests.OutputSpecificationTests" runstate="Runnable" seed="549019449" result="Passed" start-time="2017-08-14 18:37:41Z" end-time="2017-08-14 18:37:41Z" duration="0.000448" asserts="3" />
            <test-case id="1314" name="UserFormatMayBeIndicatedExplicitlyBeforeTransform" fullname="NUnit.Common.Tests.OutputSpecificationTests.UserFormatMayBeIndicatedExplicitlyBeforeTransform" methodname="UserFormatMayBeIndicatedExplicitlyBeforeTransform" classname="NUnit.Common.Tests.OutputSpecificationTests" runstate="Runnable" seed="1771340669" result="Passed" start-time="2017-08-14 18:37:41Z" end-time="2017-08-14 18:37:41Z" duration="0.000414" asserts="3" />
          </test-suite>
          <test-suite type="TestFixture" id="1367" name="TokenizerTests" fullname="NUnit.Common.Tests.TokenizerTests" classname="NUnit.Common.Tests.TokenizerTests" runstate="Runnable" testcasecount="12" result="Passed" start-time="2017-08-14 18:37:41Z" end-time="2017-08-14 18:37:41Z" duration="0.106008" total="12" passed="12" failed="0" warnings="0" inconclusive="0" skipped="0" asserts="61">
            <test-case id="1369" name="BlankStringReturnsEof" fullname="NUnit.Common.Tests.TokenizerTests.BlankStringReturnsEof" methodname="BlankStringReturnsEof" classname="NUnit.Common.Tests.TokenizerTests" runstate="Runnable" seed="1652002273" result="Passed" start-time="2017-08-14 18:37:41Z" end-time="2017-08-14 18:37:41Z" duration="0.002073" asserts="3" />
            <test-case id="1370" name="IdentifierTokens" fullname="NUnit.Common.Tests.TokenizerTests.IdentifierTokens" methodname="IdentifierTokens" classname="NUnit.Common.Tests.TokenizerTests" runstate="Runnable" seed="1188323621" result="Passed" start-time="2017-08-14 18:37:41Z" end-time="2017-08-14 18:37:41Z" duration="0.000643" asserts="5" />
            <test-case id="1379" name="MixedTokens_Complex" fullname="NUnit.Common.Tests.TokenizerTests.MixedTokens_Complex" methodname="MixedTokens_Complex" classname="NUnit.Common.Tests.TokenizerTests" runstate="Runnable" seed="1211707785" result="Passed" start-time="2017-08-14 18:37:41Z" end-time="2017-08-14 18:37:41Z" duration="0.001378" asserts="14" />
            <test-case id="1378" name="MixedTokens_Simple" fullname="NUnit.Common.Tests.TokenizerTests.MixedTokens_Simple" methodname="MixedTokens_Simple" classname="NUnit.Common.Tests.TokenizerTests" runstate="Runnable" seed="562618452" result="Passed" start-time="2017-08-14 18:37:41Z" end-time="2017-08-14 18:37:41Z" duration="0.000584" asserts="4" />
            <test-case id="1368" name="NullInputThrowsException" fullname="NUnit.Common.Tests.TokenizerTests.NullInputThrowsException" methodname="NullInputThrowsException" classname="NUnit.Common.Tests.TokenizerTests" runstate="Runnable" seed="1862542343" result="Passed" start-time="2017-08-14 18:37:41Z" end-time="2017-08-14 18:37:41Z" duration="0.000823" asserts="1" />
            <test-case id="1375" name="StringsMayContainEscapedQuoteChar" fullname="NUnit.Common.Tests.TokenizerTests.StringsMayContainEscapedQuoteChar" methodname="StringsMayContainEscapedQuoteChar" classname="NUnit.Common.Tests.TokenizerTests" runstate="Runnable" seed="28812299" result="Passed" start-time="2017-08-14 18:37:41Z" end-time="2017-08-14 18:37:41Z" duration="0.000612" asserts="4" />
            <test-case id="1372" name="StringWithDoubleQuotes" fullname="NUnit.Common.Tests.TokenizerTests.StringWithDoubleQuotes" methodname="StringWithDoubleQuotes" classname="NUnit.Common.Tests.TokenizerTests" runstate="Runnable" seed="1586293888" result="Passed" start-time="2017-08-14 18:37:41Z" end-time="2017-08-14 18:37:41Z" duration="0.000630" asserts="4" />
            <test-case id="1373" name="StringWithSingleQuotes" fullname="NUnit.Common.Tests.TokenizerTests.StringWithSingleQuotes" methodname="StringWithSingleQuotes" classname="NUnit.Common.Tests.TokenizerTests" runstate="Runnable" seed="319909260" result="Passed" start-time="2017-08-14 18:37:41Z" end-time="2017-08-14 18:37:41Z" duration="0.000576" asserts="4" />
            <test-case id="1374" name="StringWithSlashes" fullname="NUnit.Common.Tests.TokenizerTests.StringWithSlashes" methodname="StringWithSlashes" classname="NUnit.Common.Tests.TokenizerTests" runstate="Runnable" seed="1188312361" result="Passed" start-time="2017-08-14 18:37:41Z" end-time="2017-08-14 18:37:41Z" duration="0.000909" asserts="4" />
            <test-case id="1377" name="SymbolTokens_DoubleChar" fullname="NUnit.Common.Tests.TokenizerTests.SymbolTokens_DoubleChar" methodname="SymbolTokens_DoubleChar" classname="NUnit.Common.Tests.TokenizerTests" runstate="Runnable" seed="1821708697" result="Passed" start-time="2017-08-14 18:37:41Z" end-time="2017-08-14 18:37:41Z" duration="0.001025" asserts="7" />
            <test-case id="1376" name="SymbolTokens_SingleChar" fullname="NUnit.Common.Tests.TokenizerTests.SymbolTokens_SingleChar" methodname="SymbolTokens_SingleChar" classname="NUnit.Common.Tests.TokenizerTests" runstate="Runnable" seed="1971948138" result="Passed" start-time="2017-08-14 18:37:41Z" end-time="2017-08-14 18:37:41Z" duration="0.000978" asserts="7" />
            <test-case id="1371" name="WordsInUnicode" fullname="NUnit.Common.Tests.TokenizerTests.WordsInUnicode" methodname="WordsInUnicode" classname="NUnit.Common.Tests.TokenizerTests" runstate="Runnable" seed="1806304339" result="Passed" start-time="2017-08-14 18:37:41Z" end-time="2017-08-14 18:37:41Z" duration="0.000638" asserts="4" />
          </test-suite>
          <test-suite type="TestFixture" id="1334" name="TestSelectionParserTests" fullname="NUnit.Common.Tests.TestSelectionParserTests" classname="NUnit.Common.Tests.TestSelectionParserTests" runstate="Runnable" testcasecount="30" result="Passed" start-time="2017-08-14 18:37:41Z" end-time="2017-08-14 18:37:41Z" duration="0.150193" total="30" passed="30" failed="0" warnings="0" inconclusive="0" skipped="0" asserts="56">
            <test-suite type="ParameterizedMethod" id="1361" name="TestParser" fullname="NUnit.Common.Tests.TestSelectionParserTests.TestParser" classname="NUnit.Common.Tests.TestSelectionParserTests" runstate="Runnable" testcasecount="26" result="Passed" start-time="2017-08-14 18:37:41Z" end-time="2017-08-14 18:37:41Z" duration="0.076901" total="26" passed="26" failed="0" warnings="0" inconclusive="0" skipped="0" asserts="52">
              <test-case id="1335" name="TestParser(&quot;cat=Urgent&quot;,&quot;&lt;cat&gt;Urgent&lt;/cat&gt;&quot;)" fullname="NUnit.Common.Tests.TestSelectionParserTests.TestParser(&quot;cat=Urgent&quot;,&quot;&lt;cat&gt;Urgent&lt;/cat&gt;&quot;)" methodname="TestParser" classname="NUnit.Common.Tests.TestSelectionParserTests" runstate="Runnable" seed="1702361884" result="Passed" start-time="2017-08-14 18:37:41Z" end-time="2017-08-14 18:37:41Z" duration="0.025385" asserts="2" />
              <test-case id="1336" name="TestParser(&quot;cat==Urgent&quot;,&quot;&lt;cat&gt;Urgent&lt;/cat&gt;&quot;)" fullname="NUnit.Common.Tests.TestSelectionParserTests.TestParser(&quot;cat==Urgent&quot;,&quot;&lt;cat&gt;Urgent&lt;/cat&gt;&quot;)" methodname="TestParser" classname="NUnit.Common.Tests.TestSelectionParserTests" runstate="Runnable" seed="1360713382" result="Passed" start-time="2017-08-14 18:37:41Z" end-time="2017-08-14 18:37:41Z" duration="0.000216" asserts="2" />
              <test-case id="1337" name="TestParser(&quot;cat!=Urgent&quot;,&quot;&lt;not&gt;&lt;cat&gt;Urgent&lt;/cat&gt;&lt;/not&gt;&quot;)" fullname="NUnit.Common.Tests.TestSelectionParserTests.TestParser(&quot;cat!=Urgent&quot;,&quot;&lt;not&gt;&lt;cat&gt;Urgent&lt;/cat&gt;&lt;/not&gt;&quot;)" methodname="TestParser" classname="NUnit.Common.Tests.TestSelectionParserTests" runstate="Runnable" seed="23946602" result="Passed" start-time="2017-08-14 18:37:41Z" end-time="2017-08-14 18:37:41Z" duration="0.000232" asserts="2" />
              <test-case id="1338" name="TestParser(&quot;cat =~ Urgent&quot;,&quot;&lt;cat re='1'&gt;Urgent&lt;/cat&gt;&quot;)" fullname="NUnit.Common.Tests.TestSelectionParserTests.TestParser(&quot;cat =~ Urgent&quot;,&quot;&lt;cat re='1'&gt;Urgent&lt;/cat&gt;&quot;)" methodname="TestParser" classname="NUnit.Common.Tests.TestSelectionParserTests" runstate="Runnable" seed="1704513912" result="Passed" start-time="2017-08-14 18:37:41Z" end-time="2017-08-14 18:37:41Z" duration="0.000189" asserts="2" />
              <test-case id="1339" name="TestParser(&quot;cat !~ Urgent&quot;,&quot;&lt;not&gt;&lt;cat re='1'&gt;Urgent&lt;/cat&gt;&lt;/not&gt;&quot;)" fullname="NUnit.Common.Tests.TestSelectionParserTests.TestParser(&quot;cat !~ Urgent&quot;,&quot;&lt;not&gt;&lt;cat re='1'&gt;Urgent&lt;/cat&gt;&lt;/not&gt;&quot;)" methodname="TestParser" classname="NUnit.Common.Tests.TestSelectionParserTests" runstate="Runnable" seed="1344947587" result="Passed" start-time="2017-08-14 18:37:41Z" end-time="2017-08-14 18:37:41Z" duration="0.000141" asserts="2" />
              <test-case id="1340" name="TestParser(&quot;cat = Urgent || cat = High&quot;,&quot;&lt;or&gt;&lt;cat&gt;Urgent&lt;/cat&gt;&lt;cat&gt;High&lt;/cat&gt;&lt;/or&gt;&quot;)" fullname="NUnit.Common.Tests.TestSelectionParserTests.TestParser(&quot;cat = Urgent || cat = High&quot;,&quot;&lt;or&gt;&lt;cat&gt;Urgent&lt;/cat&gt;&lt;cat&gt;High&lt;/cat&gt;&lt;/or&gt;&quot;)" methodname="TestParser" classname="NUnit.Common.Tests.TestSelectionParserTests" runstate="Runnable" seed="658605156" result="Passed" start-time="2017-08-14 18:37:41Z" end-time="2017-08-14 18:37:41Z" duration="0.000135" asserts="2" />
              <test-case id="1341" name="TestParser(&quot;Priority == High&quot;,&quot;&lt;prop name='Priority'&gt;High&lt;/prop&gt;&quot;)" fullname="NUnit.Common.Tests.TestSelectionParserTests.TestParser(&quot;Priority == High&quot;,&quot;&lt;prop name='Priority'&gt;High&lt;/prop&gt;&quot;)" methodname="TestParser" classname="NUnit.Common.Tests.TestSelectionParserTests" runstate="Runnable" seed="2106089541" result="Passed" start-time="2017-08-14 18:37:41Z" end-time="2017-08-14 18:37:41Z" duration="0.000540" asserts="2" />
              <test-case id="1342" name="TestParser(&quot;Priority != Urgent&quot;,&quot;&lt;not&gt;&lt;prop name='Priority'&gt;Urgent&lt;/prop&gt;&lt;/not&gt;&quot;)" fullname="NUnit.Common.Tests.TestSelectionParserTests.TestParser(&quot;Priority != Urgent&quot;,&quot;&lt;not&gt;&lt;prop name='Priority'&gt;Urgent&lt;/prop&gt;&lt;/not&gt;&quot;)" methodname="TestParser" classname="NUnit.Common.Tests.TestSelectionParserTests" runstate="Runnable" seed="1476182202" result="Passed" start-time="2017-08-14 18:37:41Z" end-time="2017-08-14 18:37:41Z" duration="0.000215" asserts="2" />
              <test-case id="1343" name="TestParser(&quot;Author =~ Jones&quot;,&quot;&lt;prop name='Author' re='1'&gt;Jones&lt;/prop&gt;&quot;)" fullname="NUnit.Common.Tests.TestSelectionParserTests.TestParser(&quot;Author =~ Jones&quot;,&quot;&lt;prop name='Author' re='1'&gt;Jones&lt;/prop&gt;&quot;)" methodname="TestParser" classname="NUnit.Common.Tests.TestSelectionParserTests" runstate="Runnable" seed="1275903407" result="Passed" start-time="2017-08-14 18:37:41Z" end-time="2017-08-14 18:37:41Z" duration="0.000482" asserts="2" />
              <test-case id="1344" name="TestParser(&quot;Author !~ Jones&quot;,&quot;&lt;not&gt;&lt;prop name='Author' re='1'&gt;Jones&lt;/prop&gt;&lt;/not&gt;&quot;)" fullname="NUnit.Common.Tests.TestSelectionParserTests.TestParser(&quot;Author !~ Jones&quot;,&quot;&lt;not&gt;&lt;prop name='Author' re='1'&gt;Jones&lt;/prop&gt;&lt;/not&gt;&quot;)" methodname="TestParser" classname="NUnit.Common.Tests.TestSelectionParserTests" runstate="Runnable" seed="2040642382" result="Passed" start-time="2017-08-14 18:37:41Z" end-time="2017-08-14 18:37:41Z" duration="0.000136" asserts="2" />
              <test-case id="1345" name="TestParser(&quot;name='SomeTest'&quot;,&quot;&lt;name&gt;SomeTest&lt;/name&gt;&quot;)" fullname="NUnit.Common.Tests.TestSelectionParserTests.TestParser(&quot;name='SomeTest'&quot;,&quot;&lt;name&gt;SomeTest&lt;/name&gt;&quot;)" methodname="TestParser" classname="NUnit.Common.Tests.TestSelectionParserTests" runstate="Runnable" seed="1455864841" result="Passed" start-time="2017-08-14 18:37:41Z" end-time="2017-08-14 18:37:41Z" duration="0.000567" asserts="2" />
              <test-case id="1346" name="TestParser(&quot;method=TestMethod&quot;,&quot;&lt;method&gt;TestMethod&lt;/method&gt;&quot;)" fullname="NUnit.Common.Tests.TestSelectionParserTests.TestParser(&quot;method=TestMethod&quot;,&quot;&lt;method&gt;TestMethod&lt;/method&gt;&quot;)" methodname="TestParser" classname="NUnit.Common.Tests.TestSelectionParserTests" runstate="Runnable" seed="1607570722" result="Passed" start-time="2017-08-14 18:37:41Z" end-time="2017-08-14 18:37:41Z" duration="0.000142" asserts="2" />
              <test-case id="1347" name="TestParser(&quot;method=Test1||method=Test2||method=Test3&quot;,&quot;&lt;or&gt;&lt;method&gt;Test1&lt;/method&gt;&lt;method&gt;Test2&lt;/method&gt;&lt;method&gt;Test3&lt;/method&gt;&lt;/or&gt;&quot;)" fullname="NUnit.Common.Tests.TestSelectionParserTests.TestParser(&quot;method=Test1||method=Test2||method=Test3&quot;,&quot;&lt;or&gt;&lt;method&gt;Test1&lt;/method&gt;&lt;method&gt;Test2&lt;/method&gt;&lt;method&gt;Test3&lt;/method&gt;&lt;/or&gt;&quot;)" methodname="TestParser" classname="NUnit.Common.Tests.TestSelectionParserTests" runstate="Runnable" seed="1495814546" result="Passed" start-time="2017-08-14 18:37:41Z" end-time="2017-08-14 18:37:41Z" duration="0.000129" asserts="2" />
              <test-case id="1348" name="TestParser(&quot;test='My.Test.Fixture.Method(42)'&quot;,&quot;&lt;test&gt;My.Test.Fixture.Method(42)&lt;/test&gt;&quot;)" fullname="NUnit.Common.Tests.TestSelectionParserTests.TestParser(&quot;test='My.Test.Fixture.Method(42)'&quot;,&quot;&lt;test&gt;My.Test.Fixture.Method(42)&lt;/test&gt;&quot;)" methodname="TestParser" classname="NUnit.Common.Tests.TestSelectionParserTests" runstate="Runnable" seed="1588566181" result="Passed" start-time="2017-08-14 18:37:41Z" end-time="2017-08-14 18:37:41Z" duration="0.000181" asserts="2" />
              <test-case id="1349" name="TestParser(&quot;test='My.Test.Fixture.Method(\&quot;xyz\&quot;)'&quot;,&quot;&lt;test&gt;My.Test.Fixture.Method(&amp;quot;xyz&amp;quot;)&lt;/test&gt;&quot;)" fullname="NUnit.Common.Tests.TestSelectionParserTests.TestParser(&quot;test='My.Test.Fixture.Method(\&quot;xyz\&quot;)'&quot;,&quot;&lt;test&gt;My.Test.Fixture.Method(&amp;quot;xyz&amp;quot;)&lt;/test&gt;&quot;)" methodname="TestParser" classname="NUnit.Common.Tests.TestSelectionParserTests" runstate="Runnable" seed="1877322556" result="Passed" start-time="2017-08-14 18:37:41Z" end-time="2017-08-14 18:37:41Z" duration="0.000147" asserts="2" />
              <test-case id="1350" name="TestParser(&quot;test='My.Test.Fixture.Method(\&quot;abc\\'s\&quot;)'&quot;,&quot;&lt;test&gt;My.Test.Fixture.Method(&amp;quot;abc&amp;apos;s&amp;quot;)&lt;/test&gt;&quot;)" fullname="NUnit.Common.Tests.TestSelectionParserTests.TestParser(&quot;test='My.Test.Fixture.Method(\&quot;abc\\'s\&quot;)'&quot;,&quot;&lt;test&gt;My.Test.Fixture.Method(&amp;quot;abc&amp;apos;s&amp;quot;)&lt;/test&gt;&quot;)" methodname="TestParser" classname="NUnit.Common.Tests.TestSelectionParserTests" runstate="Runnable" seed="711092170" result="Passed" start-time="2017-08-14 18:37:41Z" end-time="2017-08-14 18:37:41Z" duration="0.000146" asserts="2" />
              <test-case id="1351" name="TestParser(&quot;test='My.Test.Fixture.Method(\&quot;x&amp;y&amp;z\&quot;)'&quot;,&quot;&lt;test&gt;My.Test.Fixture.Method(&amp;quot;x&amp;amp;y&amp;amp;z&amp;quot;)&lt;/test&gt;&quot;)" fullname="NUnit.Common.Tests.TestSelectionParserTests.TestParser(&quot;test='My.Test.Fixture.Method(\&quot;x&amp;y&amp;z\&quot;)'&quot;,&quot;&lt;test&gt;My.Test.Fixture.Method(&amp;quot;x&amp;amp;y&amp;amp;z&amp;quot;)&lt;/test&gt;&quot;)" methodname="TestParser" classname="NUnit.Common.Tests.TestSelectionParserTests" runstate="Runnable" seed="638083843" result="Passed" start-time="2017-08-14 18:37:41Z" end-time="2017-08-14 18:37:41Z" duration="0.000199" asserts="2" />
              <test-case id="1352" name="TestParser(&quot;test='My.Test.Fixture.Method(\&quot;&lt;xyz&gt;\&quot;)'&quot;,&quot;&lt;test&gt;My.Test.Fixture.Method(&amp;quot;&amp;lt;xyz&amp;gt;&amp;quot;)&lt;/test&gt;&quot;)" fullname="NUnit.Common.Tests.TestSelectionParserTests.TestParser(&quot;test='My.Test.Fixture.Method(\&quot;&lt;xyz&gt;\&quot;)'&quot;,&quot;&lt;test&gt;My.Test.Fixture.Method(&amp;quot;&amp;lt;xyz&amp;gt;&amp;quot;)&lt;/test&gt;&quot;)" methodname="TestParser" classname="NUnit.Common.Tests.TestSelectionParserTests" runstate="Runnable" seed="551949317" result="Passed" start-time="2017-08-14 18:37:41Z" end-time="2017-08-14 18:37:41Z" duration="0.000169" asserts="2" />
              <test-case id="1353" name="TestParser(&quot;cat==Urgent &amp;&amp; test=='My.Tests'&quot;,&quot;&lt;and&gt;&lt;cat&gt;Urgent&lt;/cat&gt;&lt;test&gt;My.Tests&lt;/test&gt;&lt;/and&gt;&quot;)" fullname="NUnit.Common.Tests.TestSelectionParserTests.TestParser(&quot;cat==Urgent &amp;&amp; test=='My.Tests'&quot;,&quot;&lt;and&gt;&lt;cat&gt;Urgent&lt;/cat&gt;&lt;test&gt;My.Tests&lt;/test&gt;&lt;/and&gt;&quot;)" methodname="TestParser" classname="NUnit.Common.Tests.TestSelectionParserTests" runstate="Runnable" seed="1821212155" result="Passed" start-time="2017-08-14 18:37:41Z" end-time="2017-08-14 18:37:41Z" duration="0.000160" asserts="2" />
              <test-case id="1354" name="TestParser(&quot;cat==Urgent and test=='My.Tests'&quot;,&quot;&lt;and&gt;&lt;cat&gt;Urgent&lt;/cat&gt;&lt;test&gt;My.Tests&lt;/test&gt;&lt;/and&gt;&quot;)" fullname="NUnit.Common.Tests.TestSelectionParserTests.TestParser(&quot;cat==Urgent and test=='My.Tests'&quot;,&quot;&lt;and&gt;&lt;cat&gt;Urgent&lt;/cat&gt;&lt;test&gt;My.Tests&lt;/test&gt;&lt;/and&gt;&quot;)" methodname="TestParser" classname="NUnit.Common.Tests.TestSelectionParserTests" runstate="Runnable" seed="1600103984" result="Passed" start-time="2017-08-14 18:37:41Z" end-time="2017-08-14 18:37:41Z" duration="0.000184" asserts="2" />
              <test-case id="1355" name="TestParser(&quot;cat==Urgent || test=='My.Tests'&quot;,&quot;&lt;or&gt;&lt;cat&gt;Urgent&lt;/cat&gt;&lt;test&gt;My.Tests&lt;/test&gt;&lt;/or&gt;&quot;)" fullname="NUnit.Common.Tests.TestSelectionParserTests.TestParser(&quot;cat==Urgent || test=='My.Tests'&quot;,&quot;&lt;or&gt;&lt;cat&gt;Urgent&lt;/cat&gt;&lt;test&gt;My.Tests&lt;/test&gt;&lt;/or&gt;&quot;)" methodname="TestParser" classname="NUnit.Common.Tests.TestSelectionParserTests" runstate="Runnable" seed="1032090560" result="Passed" start-time="2017-08-14 18:37:41Z" end-time="2017-08-14 18:37:41Z" duration="0.000185" asserts="2" />
              <test-case id="1356" name="TestParser(&quot;cat==Urgent or test=='My.Tests'&quot;,&quot;&lt;or&gt;&lt;cat&gt;Urgent&lt;/cat&gt;&lt;test&gt;My.Tests&lt;/test&gt;&lt;/or&gt;&quot;)" fullname="NUnit.Common.Tests.TestSelectionParserTests.TestParser(&quot;cat==Urgent or test=='My.Tests'&quot;,&quot;&lt;or&gt;&lt;cat&gt;Urgent&lt;/cat&gt;&lt;test&gt;My.Tests&lt;/test&gt;&lt;/or&gt;&quot;)" methodname="TestParser" classname="NUnit.Common.Tests.TestSelectionParserTests" runstate="Runnable" seed="1135864555" result="Passed" start-time="2017-08-14 18:37:41Z" end-time="2017-08-14 18:37:41Z" duration="0.000231" asserts="2" />
              <test-case id="1357" name="TestParser(&quot;cat==Urgent || test=='My.Tests' &amp;&amp; cat == high&quot;,&quot;&lt;or&gt;&lt;cat&gt;Urgent&lt;/cat&gt;&lt;and&gt;&lt;test&gt;My.Tests&lt;/test&gt;&lt;cat&gt;high&lt;/cat&gt;&lt;/and&gt;&lt;/or&gt;&quot;)" fullname="NUnit.Common.Tests.TestSelectionParserTests.TestParser(&quot;cat==Urgent || test=='My.Tests' &amp;&amp; cat == high&quot;,&quot;&lt;or&gt;&lt;cat&gt;Urgent&lt;/cat&gt;&lt;and&gt;&lt;test&gt;My.Tests&lt;/test&gt;&lt;cat&gt;high&lt;/cat&gt;&lt;/and&gt;&lt;/or&gt;&quot;)" methodname="TestParser" classname="NUnit.Common.Tests.TestSelectionParserTests" runstate="Runnable" seed="1731996567" result="Passed" start-time="2017-08-14 18:37:41Z" end-time="2017-08-14 18:37:41Z" duration="0.000968" asserts="2" />
              <test-case id="1358" name="TestParser(&quot;cat==Urgent &amp;&amp; test=='My.Tests' || cat == high&quot;,&quot;&lt;or&gt;&lt;and&gt;&lt;cat&gt;Urgent&lt;/cat&gt;&lt;test&gt;My.Tests&lt;/test&gt;&lt;/and&gt;&lt;cat&gt;high&lt;/cat&gt;&lt;/or&gt;&quot;)" fullname="NUnit.Common.Tests.TestSelectionParserTests.TestParser(&quot;cat==Urgent &amp;&amp; test=='My.Tests' || cat == high&quot;,&quot;&lt;or&gt;&lt;and&gt;&lt;cat&gt;Urgent&lt;/cat&gt;&lt;test&gt;My.Tests&lt;/test&gt;&lt;/and&gt;&lt;cat&gt;high&lt;/cat&gt;&lt;/or&gt;&quot;)" methodname="TestParser" classname="NUnit.Common.Tests.TestSelectionParserTests" runstate="Runnable" seed="1381808979" result="Passed" start-time="2017-08-14 18:37:41Z" end-time="2017-08-14 18:37:41Z" duration="0.000154" asserts="2" />
              <test-case id="1359" name="TestParser(&quot;cat==Urgent &amp;&amp; (test=='My.Tests' || cat == high)&quot;,&quot;&lt;and&gt;&lt;cat&gt;Urgent&lt;/cat&gt;&lt;or&gt;&lt;test&gt;My.Tests&lt;/test&gt;&lt;cat&gt;high&lt;/cat&gt;&lt;/or&gt;&lt;/and&gt;&quot;)" fullname="NUnit.Common.Tests.TestSelectionParserTests.TestParser(&quot;cat==Urgent &amp;&amp; (test=='My.Tests' || cat == high)&quot;,&quot;&lt;and&gt;&lt;cat&gt;Urgent&lt;/cat&gt;&lt;or&gt;&lt;test&gt;My.Tests&lt;/test&gt;&lt;cat&gt;high&lt;/cat&gt;&lt;/or&gt;&lt;/and&gt;&quot;)" methodname="TestParser" classname="NUnit.Common.Tests.TestSelectionParserTests" runstate="Runnable" seed="1183256763" result="Passed" start-time="2017-08-14 18:37:41Z" end-time="2017-08-14 18:37:41Z" duration="0.000644" asserts="2" />
              <test-case id="1360" name="TestParser(&quot;cat==Urgent &amp;&amp; !(test=='My.Tests' || cat == high)&quot;,&quot;&lt;and&gt;&lt;cat&gt;Urgent&lt;/cat&gt;&lt;not&gt;&lt;or&gt;&lt;test&gt;My.Tests&lt;/test&gt;&lt;cat&gt;high&lt;/cat&gt;&lt;/or&gt;&lt;/not&gt;&lt;/and&gt;&quot;)" fullname="NUnit.Common.Tests.TestSelectionParserTests.TestParser(&quot;cat==Urgent &amp;&amp; !(test=='My.Tests' || cat == high)&quot;,&quot;&lt;and&gt;&lt;cat&gt;Urgent&lt;/cat&gt;&lt;not&gt;&lt;or&gt;&lt;test&gt;My.Tests&lt;/test&gt;&lt;cat&gt;high&lt;/cat&gt;&lt;/or&gt;&lt;/not&gt;&lt;/and&gt;&quot;)" methodname="TestParser" classname="NUnit.Common.Tests.TestSelectionParserTests" runstate="Runnable" seed="697395569" result="Passed" start-time="2017-08-14 18:37:41Z" end-time="2017-08-14 18:37:41Z" duration="0.000169" asserts="2" />
            </test-suite>
            <test-suite type="ParameterizedMethod" id="1366" name="TestParser_InvalidInput" fullname="NUnit.Common.Tests.TestSelectionParserTests.TestParser_InvalidInput" classname="NUnit.Common.Tests.TestSelectionParserTests" runstate="Runnable" testcasecount="4" result="Passed" start-time="2017-08-14 18:37:41Z" end-time="2017-08-14 18:37:41Z" duration="0.008957" total="4" passed="4" failed="0" warnings="0" inconclusive="0" skipped="0" asserts="4">
              <test-case id="1362" name="TestParser_InvalidInput(null,System.ArgumentNullException)" fullname="NUnit.Common.Tests.TestSelectionParserTests.TestParser_InvalidInput(null,System.ArgumentNullException)" methodname="TestParser_InvalidInput" classname="NUnit.Common.Tests.TestSelectionParserTests" runstate="Runnable" seed="1391309462" result="Passed" start-time="2017-08-14 18:37:41Z" end-time="2017-08-14 18:37:41Z" duration="0.000763" asserts="1" />
              <test-case id="1363" name="TestParser_InvalidInput(&quot;&quot;,NUnit.Common.TestSelectionParserException)" fullname="NUnit.Common.Tests.TestSelectionParserTests.TestParser_InvalidInput(&quot;&quot;,NUnit.Common.TestSelectionParserException)" methodname="TestParser_InvalidInput" classname="NUnit.Common.Tests.TestSelectionParserTests" runstate="Runnable" seed="717155239" result="Passed" start-time="2017-08-14 18:37:41Z" end-time="2017-08-14 18:37:41Z" duration="0.000134" asserts="1" />
              <test-case id="1364" name="TestParser_InvalidInput(&quot;   &quot;,NUnit.Common.TestSelectionParserException)" fullname="NUnit.Common.Tests.TestSelectionParserTests.TestParser_InvalidInput(&quot;   &quot;,NUnit.Common.TestSelectionParserException)" methodname="TestParser_InvalidInput" classname="NUnit.Common.Tests.TestSelectionParserTests" runstate="Runnable" seed="1025240530" result="Passed" start-time="2017-08-14 18:37:41Z" end-time="2017-08-14 18:37:41Z" duration="0.000120" asserts="1" />
              <test-case id="1365" name="TestParser_InvalidInput(&quot;  \t\t &quot;,NUnit.Common.TestSelectionParserException)" fullname="NUnit.Common.Tests.TestSelectionParserTests.TestParser_InvalidInput(&quot;  \t\t &quot;,NUnit.Common.TestSelectionParserException)" methodname="TestParser_InvalidInput" classname="NUnit.Common.Tests.TestSelectionParserTests" runstate="Runnable" seed="1628289790" result="Passed" start-time="2017-08-14 18:37:41Z" end-time="2017-08-14 18:37:41Z" duration="0.000177" asserts="1" />
            </test-suite>
          </test-suite>
        </test-suite>
      </test-suite>
    </test-suite>
    <test-suite type="TestSuite" id="1384" name="NUnitLite" fullname="NUnitLite" runstate="Runnable" testcasecount="266" result="Skipped" label="Ignored" start-time="2017-08-14 18:37:41Z" end-time="2017-08-14 18:37:41Z" duration="0.361015" total="266" passed="265" failed="0" warnings="0" inconclusive="0" skipped="1" asserts="520">
      <reason>
        <message><![CDATA[One or more child tests were ignored]]></message>
      </reason>
      <test-suite type="TestSuite" id="1385" name="Tests" fullname="NUnitLite.Tests" runstate="Runnable" testcasecount="266" result="Skipped" label="Ignored" start-time="2017-08-14 18:37:41Z" end-time="2017-08-14 18:37:41Z" duration="0.359035" total="266" passed="265" failed="0" warnings="0" inconclusive="0" skipped="1" asserts="520">
        <reason>
          <message><![CDATA[One or more child tests were ignored]]></message>
        </reason>
        <test-suite type="TestFixture" id="1127" name="MakeRunSettingsTests" fullname="NUnitLite.Tests.MakeRunSettingsTests" classname="NUnitLite.Tests.MakeRunSettingsTests" runstate="Runnable" testcasecount="4" result="Passed" start-time="2017-08-14 18:37:41Z" end-time="2017-08-14 18:37:41Z" duration="0.078102" total="4" passed="4" failed="0" warnings="0" inconclusive="0" skipped="0" asserts="8">
          <test-case id="1130" name="WhenSeedIsSpecified_RunSettingsIncludeIt" fullname="NUnitLite.Tests.MakeRunSettingsTests.WhenSeedIsSpecified_RunSettingsIncludeIt" methodname="WhenSeedIsSpecified_RunSettingsIncludeIt" classname="NUnitLite.Tests.MakeRunSettingsTests" runstate="Runnable" seed="1591368309" result="Passed" start-time="2017-08-14 18:37:41Z" end-time="2017-08-14 18:37:41Z" duration="0.000900" asserts="2" />
          <test-case id="1128" name="WhenTimeoutIsSpecified_RunSettingsIncludeIt" fullname="NUnitLite.Tests.MakeRunSettingsTests.WhenTimeoutIsSpecified_RunSettingsIncludeIt" methodname="WhenTimeoutIsSpecified_RunSettingsIncludeIt" classname="NUnitLite.Tests.MakeRunSettingsTests" runstate="Runnable" seed="1747203596" result="Passed" start-time="2017-08-14 18:37:41Z" end-time="2017-08-14 18:37:41Z" duration="0.001461" asserts="2" />
          <test-case id="1129" name="WhenWorkDirectoryIsSpecified_RunSettingsIncludeIt" fullname="NUnitLite.Tests.MakeRunSettingsTests.WhenWorkDirectoryIsSpecified_RunSettingsIncludeIt" methodname="WhenWorkDirectoryIsSpecified_RunSettingsIncludeIt" classname="NUnitLite.Tests.MakeRunSettingsTests" runstate="Runnable" seed="2013466913" result="Passed" start-time="2017-08-14 18:37:41Z" end-time="2017-08-14 18:37:41Z" duration="0.000593" asserts="2" />
          <test-case id="1131" name="WhenWorkersIsSpecified_RunSettingsIncludeIt" fullname="NUnitLite.Tests.MakeRunSettingsTests.WhenWorkersIsSpecified_RunSettingsIncludeIt" methodname="WhenWorkersIsSpecified_RunSettingsIncludeIt" classname="NUnitLite.Tests.MakeRunSettingsTests" runstate="Runnable" seed="1772176459" result="Passed" start-time="2017-08-14 18:37:41Z" end-time="2017-08-14 18:37:41Z" duration="0.000698" asserts="2" />
        </test-suite>
        <test-suite type="TestFixture" id="1118" name="CreateTestFilterTests" fullname="NUnitLite.Tests.CreateTestFilterTests" classname="NUnitLite.Tests.CreateTestFilterTests" runstate="Runnable" testcasecount="8" result="Passed" start-time="2017-08-14 18:37:41Z" end-time="2017-08-14 18:37:41Z" duration="0.091095" total="8" passed="8" failed="0" warnings="0" inconclusive="0" skipped="0" asserts="48">
          <test-case id="1119" name="EmptyFilter" fullname="NUnitLite.Tests.CreateTestFilterTests.EmptyFilter" methodname="EmptyFilter" classname="NUnitLite.Tests.CreateTestFilterTests" runstate="Runnable" seed="1691315809" result="Passed" start-time="2017-08-14 18:37:41Z" end-time="2017-08-14 18:37:41Z" duration="0.000582" asserts="1" />
          <test-case id="1120" name="OneTestSelected" fullname="NUnitLite.Tests.CreateTestFilterTests.OneTestSelected" methodname="OneTestSelected" classname="NUnitLite.Tests.CreateTestFilterTests" runstate="Runnable" seed="885349265" result="Passed" start-time="2017-08-14 18:37:41Z" end-time="2017-08-14 18:37:41Z" duration="0.002156" asserts="2" />
          <test-case id="1123" name="SixTestsFromTwoTestListFiles" fullname="NUnitLite.Tests.CreateTestFilterTests.SixTestsFromTwoTestListFiles" methodname="SixTestsFromTwoTestListFiles" classname="NUnitLite.Tests.CreateTestFilterTests" runstate="Runnable" seed="1988603613" result="Passed" start-time="2017-08-14 18:37:41Z" end-time="2017-08-14 18:37:41Z" duration="0.008858" asserts="14" />
          <test-case id="1124" name="TestListFileMissing" fullname="NUnitLite.Tests.CreateTestFilterTests.TestListFileMissing" methodname="TestListFileMissing" classname="NUnitLite.Tests.CreateTestFilterTests" runstate="Runnable" seed="1145907632" result="Passed" start-time="2017-08-14 18:37:41Z" end-time="2017-08-14 18:37:41Z" duration="0.003367" asserts="3" />
          <test-case id="1122" name="ThreeTestsFromATestListFile" fullname="NUnitLite.Tests.CreateTestFilterTests.ThreeTestsFromATestListFile" methodname="ThreeTestsFromATestListFile" classname="NUnitLite.Tests.CreateTestFilterTests" runstate="Runnable" seed="130017258" result="Passed" start-time="2017-08-14 18:37:41Z" end-time="2017-08-14 18:37:41Z" duration="0.002282" asserts="8" />
          <test-case id="1121" name="ThreeTestsSelected" fullname="NUnitLite.Tests.CreateTestFilterTests.ThreeTestsSelected" methodname="ThreeTestsSelected" classname="NUnitLite.Tests.CreateTestFilterTests" runstate="Runnable" seed="1703116616" result="Passed" start-time="2017-08-14 18:37:41Z" end-time="2017-08-14 18:37:41Z" duration="0.001884" asserts="8" />
          <test-case id="1126" name="TwoTestsAndWhereClauseSpecified" fullname="NUnitLite.Tests.CreateTestFilterTests.TwoTestsAndWhereClauseSpecified" methodname="TwoTestsAndWhereClauseSpecified" classname="NUnitLite.Tests.CreateTestFilterTests" runstate="Runnable" seed="220028702" result="Passed" start-time="2017-08-14 18:37:41Z" end-time="2017-08-14 18:37:41Z" duration="0.010852" asserts="10" />
          <test-case id="1125" name="WhereClauseSpecified" fullname="NUnitLite.Tests.CreateTestFilterTests.WhereClauseSpecified" methodname="WhereClauseSpecified" classname="NUnitLite.Tests.CreateTestFilterTests" runstate="Runnable" seed="1385912921" result="Passed" start-time="2017-08-14 18:37:41Z" end-time="2017-08-14 18:37:41Z" duration="0.000647" asserts="2" />
        </test-suite>
        <test-suite type="TestFixture" id="1175" name="TeamCityEventListenerTests" fullname="NUnitLite.Tests.TeamCityEventListenerTests" classname="NUnitLite.Tests.TeamCityEventListenerTests" runstate="Runnable" testcasecount="7" result="Passed" start-time="2017-08-14 18:37:41Z" end-time="2017-08-14 18:37:41Z" duration="0.061630" total="7" passed="7" failed="0" warnings="0" inconclusive="0" skipped="0" asserts="7">
          <test-case id="1182" name="TestFinished_Failed" fullname="NUnitLite.Tests.TeamCityEventListenerTests.TestFinished_Failed" methodname="TestFinished_Failed" classname="NUnitLite.Tests.TeamCityEventListenerTests" runstate="Runnable" seed="668005824" result="Passed" start-time="2017-08-14 18:37:41Z" end-time="2017-08-14 18:37:41Z" duration="0.003040" asserts="1" />
          <test-case id="1181" name="TestFinished_Ignored" fullname="NUnitLite.Tests.TeamCityEventListenerTests.TestFinished_Ignored" methodname="TestFinished_Ignored" classname="NUnitLite.Tests.TeamCityEventListenerTests" runstate="Runnable" seed="411190882" result="Passed" start-time="2017-08-14 18:37:41Z" end-time="2017-08-14 18:37:41Z" duration="0.000818" asserts="1" />
          <test-case id="1180" name="TestFinished_Inconclusive" fullname="NUnitLite.Tests.TeamCityEventListenerTests.TestFinished_Inconclusive" methodname="TestFinished_Inconclusive" classname="NUnitLite.Tests.TeamCityEventListenerTests" runstate="Runnable" seed="319299497" result="Passed" start-time="2017-08-14 18:37:41Z" end-time="2017-08-14 18:37:41Z" duration="0.000730" asserts="1" />
          <test-case id="1179" name="TestFinished_Passed" fullname="NUnitLite.Tests.TeamCityEventListenerTests.TestFinished_Passed" methodname="TestFinished_Passed" classname="NUnitLite.Tests.TeamCityEventListenerTests" runstate="Runnable" seed="1154991937" result="Passed" start-time="2017-08-14 18:37:41Z" end-time="2017-08-14 18:37:41Z" duration="0.000770" asserts="1" />
          <test-case id="1178" name="TestStarted" fullname="NUnitLite.Tests.TeamCityEventListenerTests.TestStarted" methodname="TestStarted" classname="NUnitLite.Tests.TeamCityEventListenerTests" runstate="Runnable" seed="340329524" result="Passed" start-time="2017-08-14 18:37:41Z" end-time="2017-08-14 18:37:41Z" duration="0.001893" asserts="1" />
          <test-case id="1177" name="TestSuiteFinished" fullname="NUnitLite.Tests.TeamCityEventListenerTests.TestSuiteFinished" methodname="TestSuiteFinished" classname="NUnitLite.Tests.TeamCityEventListenerTests" runstate="Runnable" seed="1563870626" result="Passed" start-time="2017-08-14 18:37:41Z" end-time="2017-08-14 18:37:41Z" duration="0.000531" asserts="1" />
          <test-case id="1176" name="TestSuiteStarted" fullname="NUnitLite.Tests.TeamCityEventListenerTests.TestSuiteStarted" methodname="TestSuiteStarted" classname="NUnitLite.Tests.TeamCityEventListenerTests" runstate="Runnable" seed="158434633" result="Passed" start-time="2017-08-14 18:37:41Z" end-time="2017-08-14 18:37:41Z" duration="0.000386" asserts="1" />
        </test-suite>
        <test-suite type="TestFixture" id="1183" name="TextUIReportTests" fullname="NUnitLite.Tests.TextUIReportTests" classname="NUnitLite.Tests.TextUIReportTests" runstate="Runnable" testcasecount="5" result="Skipped" label="Ignored" start-time="2017-08-14 18:37:41Z" end-time="2017-08-14 18:37:41Z" duration="0.040415" total="5" passed="4" failed="0" warnings="0" inconclusive="0" skipped="1" asserts="14">
          <reason>
            <message><![CDATA[One or more child tests were ignored]]></message>
          </reason>
          <test-case id="1184" name="DisplayHelp" fullname="NUnitLite.Tests.TextUIReportTests.DisplayHelp" methodname="DisplayHelp" classname="NUnitLite.Tests.TextUIReportTests" runstate="Runnable" seed="1904905590" result="Passed" start-time="2017-08-14 18:37:41Z" end-time="2017-08-14 18:37:41Z" duration="0.010853" asserts="1" />
          <test-case id="1188" name="ErrorsAndFailuresReportTest" fullname="NUnitLite.Tests.TextUIReportTests.ErrorsAndFailuresReportTest" methodname="ErrorsAndFailuresReportTest" classname="NUnitLite.Tests.TextUIReportTests" runstate="Runnable" seed="792201347" result="Passed" start-time="2017-08-14 18:37:41Z" end-time="2017-08-14 18:37:41Z" duration="0.003963" asserts="11" />
          <test-case id="1185" name="ReportSequenceTest" fullname="NUnitLite.Tests.TextUIReportTests.ReportSequenceTest" methodname="ReportSequenceTest" classname="NUnitLite.Tests.TextUIReportTests" runstate="Ignored" seed="1946344793" result="Skipped" label="Ignored" start-time="2017-08-14 18:37:41Z" end-time="2017-08-14 18:37:41Z" duration="0.000007" asserts="0">
            <properties>
              <property name="_SKIPREASON" value="Test needs modification" />
            </properties>
            <reason>
              <message><![CDATA[Test needs modification]]></message>
            </reason>
          </test-case>
          <test-case id="1187" name="SummaryReportTest" fullname="NUnitLite.Tests.TextUIReportTests.SummaryReportTest" methodname="SummaryReportTest" classname="NUnitLite.Tests.TextUIReportTests" runstate="Runnable" seed="1132494625" result="Passed" start-time="2017-08-14 18:37:41Z" end-time="2017-08-14 18:37:41Z" duration="0.001915" asserts="1" />
          <test-case id="1186" name="TestsNotRunTest" fullname="NUnitLite.Tests.TextUIReportTests.TestsNotRunTest" methodname="TestsNotRunTest" classname="NUnitLite.Tests.TextUIReportTests" runstate="Runnable" seed="1136063468" result="Passed" start-time="2017-08-14 18:37:41Z" end-time="2017-08-14 18:37:41Z" duration="0.000859" asserts="1" />
        </test-suite>
        <test-suite type="TestFixture" id="1132" name="NUnit2XmlOutputWriterTests" fullname="NUnitLite.Tests.NUnit2XmlOutputWriterTests" classname="NUnitLite.Tests.NUnit2XmlOutputWriterTests" runstate="Runnable" testcasecount="38" result="Passed" start-time="2017-08-14 18:37:41Z" end-time="2017-08-14 18:37:41Z" duration="0.133049" total="38" passed="38" failed="0" warnings="0" inconclusive="0" skipped="0" asserts="60">
          <test-case id="1160" name="CultureInfo_HasCultureInfoElement" fullname="NUnitLite.Tests.NUnit2XmlOutputWriterTests.CultureInfo_HasCultureInfoElement" methodname="CultureInfo_HasCultureInfoElement" classname="NUnitLite.Tests.NUnit2XmlOutputWriterTests" runstate="Runnable" seed="1126876497" result="Passed" start-time="2017-08-14 18:37:41Z" end-time="2017-08-14 18:37:41Z" duration="0.000392" asserts="1" />
          <test-suite type="ParameterizedMethod" id="1163" name="CultureInfo_HasRequiredAttribute" fullname="NUnitLite.Tests.NUnit2XmlOutputWriterTests.CultureInfo_HasRequiredAttribute" classname="NUnitLite.Tests.NUnit2XmlOutputWriterTests" runstate="Runnable" testcasecount="2" result="Passed" start-time="2017-08-14 18:37:41Z" end-time="2017-08-14 18:37:41Z" duration="0.004294" total="2" passed="2" failed="0" warnings="0" inconclusive="0" skipped="0" asserts="4">
            <test-case id="1161" name="CultureInfo_HasRequiredAttribute(&quot;current-culture&quot;)" fullname="NUnitLite.Tests.NUnit2XmlOutputWriterTests.CultureInfo_HasRequiredAttribute(&quot;current-culture&quot;)" methodname="CultureInfo_HasRequiredAttribute" classname="NUnitLite.Tests.NUnit2XmlOutputWriterTests" runstate="Runnable" seed="171210786" result="Passed" start-time="2017-08-14 18:37:41Z" end-time="2017-08-14 18:37:41Z" duration="0.000965" asserts="2" />
            <test-case id="1162" name="CultureInfo_HasRequiredAttribute(&quot;current-uiculture&quot;)" fullname="NUnitLite.Tests.NUnit2XmlOutputWriterTests.CultureInfo_HasRequiredAttribute(&quot;current-uiculture&quot;)" methodname="CultureInfo_HasRequiredAttribute" classname="NUnitLite.Tests.NUnit2XmlOutputWriterTests" runstate="Runnable" seed="177628429" result="Passed" start-time="2017-08-14 18:37:41Z" end-time="2017-08-14 18:37:41Z" duration="0.000047" asserts="2" />
          </test-suite>
          <test-case id="1134" name="Document_FirstChildIsXmlDeclaration" fullname="NUnitLite.Tests.NUnit2XmlOutputWriterTests.Document_FirstChildIsXmlDeclaration" methodname="Document_FirstChildIsXmlDeclaration" classname="NUnitLite.Tests.NUnit2XmlOutputWriterTests" runstate="Runnable" seed="1592601681" result="Passed" start-time="2017-08-14 18:37:41Z" end-time="2017-08-14 18:37:41Z" duration="0.002222" asserts="2" />
          <test-case id="1137" name="Document_HasTestResults" fullname="NUnitLite.Tests.NUnit2XmlOutputWriterTests.Document_HasTestResults" methodname="Document_HasTestResults" classname="NUnitLite.Tests.NUnit2XmlOutputWriterTests" runstate="Runnable" seed="1351558267" result="Passed" start-time="2017-08-14 18:37:41Z" end-time="2017-08-14 18:37:41Z" duration="0.000462" asserts="2" />
          <test-case id="1133" name="Document_HasThreeChildren" fullname="NUnitLite.Tests.NUnit2XmlOutputWriterTests.Document_HasThreeChildren" methodname="Document_HasThreeChildren" classname="NUnitLite.Tests.NUnit2XmlOutputWriterTests" runstate="Runnable" seed="1004143649" result="Passed" start-time="2017-08-14 18:37:41Z" end-time="2017-08-14 18:37:41Z" duration="0.000264" asserts="1" />
          <test-case id="1135" name="Document_SecondChildIsComment" fullname="NUnitLite.Tests.NUnit2XmlOutputWriterTests.Document_SecondChildIsComment" methodname="Document_SecondChildIsComment" classname="NUnitLite.Tests.NUnit2XmlOutputWriterTests" runstate="Runnable" seed="1637030639" result="Passed" start-time="2017-08-14 18:37:41Z" end-time="2017-08-14 18:37:41Z" duration="0.000362" asserts="1" />
          <test-case id="1136" name="Document_ThirdChildIsTestResults" fullname="NUnitLite.Tests.NUnit2XmlOutputWriterTests.Document_ThirdChildIsTestResults" methodname="Document_ThirdChildIsTestResults" classname="NUnitLite.Tests.NUnit2XmlOutputWriterTests" runstate="Runnable" seed="2078448287" result="Passed" start-time="2017-08-14 18:37:41Z" end-time="2017-08-14 18:37:41Z" duration="0.000296" asserts="1" />
          <test-case id="1150" name="Environment_HasEnvironmentElement" fullname="NUnitLite.Tests.NUnit2XmlOutputWriterTests.Environment_HasEnvironmentElement" methodname="Environment_HasEnvironmentElement" classname="NUnitLite.Tests.NUnit2XmlOutputWriterTests" runstate="Runnable" seed="490962230" result="Passed" start-time="2017-08-14 18:37:41Z" end-time="2017-08-14 18:37:41Z" duration="0.000355" asserts="1" />
          <test-suite type="ParameterizedMethod" id="1159" name="Environment_HasRequiredAttribute" fullname="NUnitLite.Tests.NUnit2XmlOutputWriterTests.Environment_HasRequiredAttribute" classname="NUnitLite.Tests.NUnit2XmlOutputWriterTests" runstate="Runnable" testcasecount="8" result="Passed" start-time="2017-08-14 18:37:41Z" end-time="2017-08-14 18:37:41Z" duration="0.016015" total="8" passed="8" failed="0" warnings="0" inconclusive="0" skipped="0" asserts="8">
            <test-case id="1151" name="Environment_HasRequiredAttribute(&quot;nunit-version&quot;)" fullname="NUnitLite.Tests.NUnit2XmlOutputWriterTests.Environment_HasRequiredAttribute(&quot;nunit-version&quot;)" methodname="Environment_HasRequiredAttribute" classname="NUnitLite.Tests.NUnit2XmlOutputWriterTests" runstate="Runnable" seed="1278347525" result="Passed" start-time="2017-08-14 18:37:41Z" end-time="2017-08-14 18:37:41Z" duration="0.000165" asserts="1" />
            <test-case id="1152" name="Environment_HasRequiredAttribute(&quot;clr-version&quot;)" fullname="NUnitLite.Tests.NUnit2XmlOutputWriterTests.Environment_HasRequiredAttribute(&quot;clr-version&quot;)" methodname="Environment_HasRequiredAttribute" classname="NUnitLite.Tests.NUnit2XmlOutputWriterTests" runstate="Runnable" seed="837798300" result="Passed" start-time="2017-08-14 18:37:41Z" end-time="2017-08-14 18:37:41Z" duration="0.000058" asserts="1" />
            <test-case id="1153" name="Environment_HasRequiredAttribute(&quot;os-version&quot;)" fullname="NUnitLite.Tests.NUnit2XmlOutputWriterTests.Environment_HasRequiredAttribute(&quot;os-version&quot;)" methodname="Environment_HasRequiredAttribute" classname="NUnitLite.Tests.NUnit2XmlOutputWriterTests" runstate="Runnable" seed="2076070074" result="Passed" start-time="2017-08-14 18:37:41Z" end-time="2017-08-14 18:37:41Z" duration="0.000072" asserts="1" />
            <test-case id="1154" name="Environment_HasRequiredAttribute(&quot;platform&quot;)" fullname="NUnitLite.Tests.NUnit2XmlOutputWriterTests.Environment_HasRequiredAttribute(&quot;platform&quot;)" methodname="Environment_HasRequiredAttribute" classname="NUnitLite.Tests.NUnit2XmlOutputWriterTests" runstate="Runnable" seed="332300762" result="Passed" start-time="2017-08-14 18:37:41Z" end-time="2017-08-14 18:37:41Z" duration="0.000072" asserts="1" />
            <test-case id="1155" name="Environment_HasRequiredAttribute(&quot;cwd&quot;)" fullname="NUnitLite.Tests.NUnit2XmlOutputWriterTests.Environment_HasRequiredAttribute(&quot;cwd&quot;)" methodname="Environment_HasRequiredAttribute" classname="NUnitLite.Tests.NUnit2XmlOutputWriterTests" runstate="Runnable" seed="625629878" result="Passed" start-time="2017-08-14 18:37:41Z" end-time="2017-08-14 18:37:41Z" duration="0.000070" asserts="1" />
            <test-case id="1156" name="Environment_HasRequiredAttribute(&quot;machine-name&quot;)" fullname="NUnitLite.Tests.NUnit2XmlOutputWriterTests.Environment_HasRequiredAttribute(&quot;machine-name&quot;)" methodname="Environment_HasRequiredAttribute" classname="NUnitLite.Tests.NUnit2XmlOutputWriterTests" runstate="Runnable" seed="1154717751" result="Passed" start-time="2017-08-14 18:37:41Z" end-time="2017-08-14 18:37:41Z" duration="0.000072" asserts="1" />
            <test-case id="1157" name="Environment_HasRequiredAttribute(&quot;user&quot;)" fullname="NUnitLite.Tests.NUnit2XmlOutputWriterTests.Environment_HasRequiredAttribute(&quot;user&quot;)" methodname="Environment_HasRequiredAttribute" classname="NUnitLite.Tests.NUnit2XmlOutputWriterTests" runstate="Runnable" seed="1488769060" result="Passed" start-time="2017-08-14 18:37:41Z" end-time="2017-08-14 18:37:41Z" duration="0.000068" asserts="1" />
            <test-case id="1158" name="Environment_HasRequiredAttribute(&quot;user-domain&quot;)" fullname="NUnitLite.Tests.NUnit2XmlOutputWriterTests.Environment_HasRequiredAttribute(&quot;user-domain&quot;)" methodname="Environment_HasRequiredAttribute" classname="NUnitLite.Tests.NUnit2XmlOutputWriterTests" runstate="Runnable" seed="1372215128" result="Passed" start-time="2017-08-14 18:37:41Z" end-time="2017-08-14 18:37:41Z" duration="0.000063" asserts="1" />
          </test-suite>
          <test-case id="1138" name="TestResults_AssemblyPathIsCorrect" fullname="NUnitLite.Tests.NUnit2XmlOutputWriterTests.TestResults_AssemblyPathIsCorrect" methodname="TestResults_AssemblyPathIsCorrect" classname="NUnitLite.Tests.NUnit2XmlOutputWriterTests" runstate="Runnable" seed="1860416784" result="Passed" start-time="2017-08-14 18:37:41Z" end-time="2017-08-14 18:37:41Z" duration="0.000233" asserts="2" />
          <test-suite type="ParameterizedMethod" id="1147" name="TestResults_CounterIsCorrect" fullname="NUnitLite.Tests.NUnit2XmlOutputWriterTests.TestResults_CounterIsCorrect" classname="NUnitLite.Tests.NUnit2XmlOutputWriterTests" runstate="Runnable" testcasecount="8" result="Passed" start-time="2017-08-14 18:37:41Z" end-time="2017-08-14 18:37:41Z" duration="0.016019" total="8" passed="8" failed="0" warnings="0" inconclusive="0" skipped="0" asserts="16">
            <test-case id="1139" name="TestResults_CounterIsCorrect(&quot;total&quot;,10)" fullname="NUnitLite.Tests.NUnit2XmlOutputWriterTests.TestResults_CounterIsCorrect(&quot;total&quot;,10)" methodname="TestResults_CounterIsCorrect" classname="NUnitLite.Tests.NUnit2XmlOutputWriterTests" runstate="Runnable" seed="1650697165" result="Passed" start-time="2017-08-14 18:37:41Z" end-time="2017-08-14 18:37:41Z" duration="0.000291" asserts="2" />
            <test-case id="1140" name="TestResults_CounterIsCorrect(&quot;errors&quot;,1)" fullname="NUnitLite.Tests.NUnit2XmlOutputWriterTests.TestResults_CounterIsCorrect(&quot;errors&quot;,1)" methodname="TestResults_CounterIsCorrect" classname="NUnitLite.Tests.NUnit2XmlOutputWriterTests" runstate="Runnable" seed="827085151" result="Passed" start-time="2017-08-14 18:37:41Z" end-time="2017-08-14 18:37:41Z" duration="0.000076" asserts="2" />
            <test-case id="1141" name="TestResults_CounterIsCorrect(&quot;failures&quot;,1)" fullname="NUnitLite.Tests.NUnit2XmlOutputWriterTests.TestResults_CounterIsCorrect(&quot;failures&quot;,1)" methodname="TestResults_CounterIsCorrect" classname="NUnitLite.Tests.NUnit2XmlOutputWriterTests" runstate="Runnable" seed="674909161" result="Passed" start-time="2017-08-14 18:37:41Z" end-time="2017-08-14 18:37:41Z" duration="0.000065" asserts="2" />
            <test-case id="1142" name="TestResults_CounterIsCorrect(&quot;inconclusive&quot;,1)" fullname="NUnitLite.Tests.NUnit2XmlOutputWriterTests.TestResults_CounterIsCorrect(&quot;inconclusive&quot;,1)" methodname="TestResults_CounterIsCorrect" classname="NUnitLite.Tests.NUnit2XmlOutputWriterTests" runstate="Runnable" seed="1345855228" result="Passed" start-time="2017-08-14 18:37:41Z" end-time="2017-08-14 18:37:41Z" duration="0.000073" asserts="2" />
            <test-case id="1143" name="TestResults_CounterIsCorrect(&quot;not-run&quot;,3)" fullname="NUnitLite.Tests.NUnit2XmlOutputWriterTests.TestResults_CounterIsCorrect(&quot;not-run&quot;,3)" methodname="TestResults_CounterIsCorrect" classname="NUnitLite.Tests.NUnit2XmlOutputWriterTests" runstate="Runnable" seed="1921010735" result="Passed" start-time="2017-08-14 18:37:41Z" end-time="2017-08-14 18:37:41Z" duration="0.000062" asserts="2" />
            <test-case id="1144" name="TestResults_CounterIsCorrect(&quot;ignored&quot;,1)" fullname="NUnitLite.Tests.NUnit2XmlOutputWriterTests.TestResults_CounterIsCorrect(&quot;ignored&quot;,1)" methodname="TestResults_CounterIsCorrect" classname="NUnitLite.Tests.NUnit2XmlOutputWriterTests" runstate="Runnable" seed="762807677" result="Passed" start-time="2017-08-14 18:37:41Z" end-time="2017-08-14 18:37:41Z" duration="0.000064" asserts="2" />
            <test-case id="1145" name="TestResults_CounterIsCorrect(&quot;skipped&quot;,0)" fullname="NUnitLite.Tests.NUnit2XmlOutputWriterTests.TestResults_CounterIsCorrect(&quot;skipped&quot;,0)" methodname="TestResults_CounterIsCorrect" classname="NUnitLite.Tests.NUnit2XmlOutputWriterTests" runstate="Runnable" seed="1493044140" result="Passed" start-time="2017-08-14 18:37:41Z" end-time="2017-08-14 18:37:41Z" duration="0.000063" asserts="2" />
            <test-case id="1146" name="TestResults_CounterIsCorrect(&quot;invalid&quot;,2)" fullname="NUnitLite.Tests.NUnit2XmlOutputWriterTests.TestResults_CounterIsCorrect(&quot;invalid&quot;,2)" methodname="TestResults_CounterIsCorrect" classname="NUnitLite.Tests.NUnit2XmlOutputWriterTests" runstate="Runnable" seed="254258956" result="Passed" start-time="2017-08-14 18:37:41Z" end-time="2017-08-14 18:37:41Z" duration="0.000069" asserts="2" />
          </test-suite>
          <test-case id="1148" name="TestResults_HasValidDateAttribute" fullname="NUnitLite.Tests.NUnit2XmlOutputWriterTests.TestResults_HasValidDateAttribute" methodname="TestResults_HasValidDateAttribute" classname="NUnitLite.Tests.NUnit2XmlOutputWriterTests" runstate="Runnable" seed="1651840869" result="Passed" start-time="2017-08-14 18:37:41Z" end-time="2017-08-14 18:37:41Z" duration="0.000807" asserts="2" />
          <test-case id="1149" name="TestResults_HasValidTimeAttribute" fullname="NUnitLite.Tests.NUnit2XmlOutputWriterTests.TestResults_HasValidTimeAttribute" methodname="TestResults_HasValidTimeAttribute" classname="NUnitLite.Tests.NUnit2XmlOutputWriterTests" runstate="Runnable" seed="864846340" result="Passed" start-time="2017-08-14 18:37:41Z" end-time="2017-08-14 18:37:41Z" duration="0.001696" asserts="2" />
          <test-suite type="ParameterizedMethod" id="1172" name="TestSuite_ExpectedAttribute" fullname="NUnitLite.Tests.NUnit2XmlOutputWriterTests.TestSuite_ExpectedAttribute" classname="NUnitLite.Tests.NUnit2XmlOutputWriterTests" runstate="Runnable" testcasecount="7" result="Passed" start-time="2017-08-14 18:37:41Z" end-time="2017-08-14 18:37:41Z" duration="0.014039" total="7" passed="7" failed="0" warnings="0" inconclusive="0" skipped="0" asserts="14">
            <test-case id="1165" name="TestSuite_ExpectedAttribute(&quot;type&quot;,&quot;TestFixture&quot;)" fullname="NUnitLite.Tests.NUnit2XmlOutputWriterTests.TestSuite_ExpectedAttribute(&quot;type&quot;,&quot;TestFixture&quot;)" methodname="TestSuite_ExpectedAttribute" classname="NUnitLite.Tests.NUnit2XmlOutputWriterTests" runstate="Runnable" seed="978139204" result="Passed" start-time="2017-08-14 18:37:41Z" end-time="2017-08-14 18:37:41Z" duration="0.000262" asserts="2" />
            <test-case id="1166" name="TestSuite_ExpectedAttribute(&quot;name&quot;,&quot;MockTestFixture&quot;)" fullname="NUnitLite.Tests.NUnit2XmlOutputWriterTests.TestSuite_ExpectedAttribute(&quot;name&quot;,&quot;MockTestFixture&quot;)" methodname="TestSuite_ExpectedAttribute" classname="NUnitLite.Tests.NUnit2XmlOutputWriterTests" runstate="Runnable" seed="2059514499" result="Passed" start-time="2017-08-14 18:37:41Z" end-time="2017-08-14 18:37:41Z" duration="0.000086" asserts="2" />
            <test-case id="1167" name="TestSuite_ExpectedAttribute(&quot;description&quot;,&quot;Fake Test Fixture&quot;)" fullname="NUnitLite.Tests.NUnit2XmlOutputWriterTests.TestSuite_ExpectedAttribute(&quot;description&quot;,&quot;Fake Test Fixture&quot;)" methodname="TestSuite_ExpectedAttribute" classname="NUnitLite.Tests.NUnit2XmlOutputWriterTests" runstate="Runnable" seed="1986202964" result="Passed" start-time="2017-08-14 18:37:41Z" end-time="2017-08-14 18:37:41Z" duration="0.000061" asserts="2" />
            <test-case id="1168" name="TestSuite_ExpectedAttribute(&quot;executed&quot;,&quot;True&quot;)" fullname="NUnitLite.Tests.NUnit2XmlOutputWriterTests.TestSuite_ExpectedAttribute(&quot;executed&quot;,&quot;True&quot;)" methodname="TestSuite_ExpectedAttribute" classname="NUnitLite.Tests.NUnit2XmlOutputWriterTests" runstate="Runnable" seed="1363472874" result="Passed" start-time="2017-08-14 18:37:41Z" end-time="2017-08-14 18:37:41Z" duration="0.000053" asserts="2" />
            <test-case id="1169" name="TestSuite_ExpectedAttribute(&quot;result&quot;,&quot;Failure&quot;)" fullname="NUnitLite.Tests.NUnit2XmlOutputWriterTests.TestSuite_ExpectedAttribute(&quot;result&quot;,&quot;Failure&quot;)" methodname="TestSuite_ExpectedAttribute" classname="NUnitLite.Tests.NUnit2XmlOutputWriterTests" runstate="Runnable" seed="2044476584" result="Passed" start-time="2017-08-14 18:37:41Z" end-time="2017-08-14 18:37:41Z" duration="0.000080" asserts="2" />
            <test-case id="1170" name="TestSuite_ExpectedAttribute(&quot;success&quot;,&quot;False&quot;)" fullname="NUnitLite.Tests.NUnit2XmlOutputWriterTests.TestSuite_ExpectedAttribute(&quot;success&quot;,&quot;False&quot;)" methodname="TestSuite_ExpectedAttribute" classname="NUnitLite.Tests.NUnit2XmlOutputWriterTests" runstate="Runnable" seed="1588504307" result="Passed" start-time="2017-08-14 18:37:41Z" end-time="2017-08-14 18:37:41Z" duration="0.000090" asserts="2" />
            <test-case id="1171" name="TestSuite_ExpectedAttribute(&quot;asserts&quot;,&quot;0&quot;)" fullname="NUnitLite.Tests.NUnit2XmlOutputWriterTests.TestSuite_ExpectedAttribute(&quot;asserts&quot;,&quot;0&quot;)" methodname="TestSuite_ExpectedAttribute" classname="NUnitLite.Tests.NUnit2XmlOutputWriterTests" runstate="Runnable" seed="2046307473" result="Passed" start-time="2017-08-14 18:37:41Z" end-time="2017-08-14 18:37:41Z" duration="0.000059" asserts="2" />
          </test-suite>
          <test-case id="1164" name="TestSuite_HasTestSuiteElement" fullname="NUnitLite.Tests.NUnit2XmlOutputWriterTests.TestSuite_HasTestSuiteElement" methodname="TestSuite_HasTestSuiteElement" classname="NUnitLite.Tests.NUnit2XmlOutputWriterTests" runstate="Runnable" seed="1394215205" result="Passed" start-time="2017-08-14 18:37:41Z" end-time="2017-08-14 18:37:41Z" duration="0.000454" asserts="1" />
          <test-case id="1173" name="TestSuite_HasValidTimeAttribute" fullname="NUnitLite.Tests.NUnit2XmlOutputWriterTests.TestSuite_HasValidTimeAttribute" methodname="TestSuite_HasValidTimeAttribute" classname="NUnitLite.Tests.NUnit2XmlOutputWriterTests" runstate="Runnable" seed="1297200796" result="Passed" start-time="2017-08-14 18:37:41Z" end-time="2017-08-14 18:37:41Z" duration="0.000589" asserts="2" />
          <test-case id="1174" name="TestSuite_ResultIsFailure" fullname="NUnitLite.Tests.NUnit2XmlOutputWriterTests.TestSuite_ResultIsFailure" methodname="TestSuite_ResultIsFailure" classname="NUnitLite.Tests.NUnit2XmlOutputWriterTests" runstate="Runnable" seed="1676683010" result="Passed" start-time="2017-08-14 18:37:41Z" end-time="2017-08-14 18:37:41Z" duration="0.000098" asserts="0" />
        </test-suite>
        <test-suite type="TestFixture" id="1189" name="TextUITests" fullname="NUnitLite.Tests.TextUITests" classname="NUnitLite.Tests.TextUITests" runstate="Runnable" testcasecount="96" result="Passed" start-time="2017-08-14 18:37:41Z" end-time="2017-08-14 18:37:41Z" duration="0.220024" total="96" passed="96" failed="0" warnings="0" inconclusive="0" skipped="0" asserts="96">
          <test-case id="1191" name="DisplayError" fullname="NUnitLite.Tests.TextUITests.DisplayError" methodname="DisplayError" classname="NUnitLite.Tests.TextUITests" runstate="Runnable" seed="1952917249" result="Passed" start-time="2017-08-14 18:37:41Z" end-time="2017-08-14 18:37:41Z" duration="0.000846" asserts="1" />
          <test-case id="1192" name="DisplayErrors" fullname="NUnitLite.Tests.TextUITests.DisplayErrors" methodname="DisplayErrors" classname="NUnitLite.Tests.TextUITests" runstate="Runnable" seed="2137842187" result="Passed" start-time="2017-08-14 18:37:41Z" end-time="2017-08-14 18:37:41Z" duration="0.000660" asserts="1" />
          <test-case id="1193" name="DisplayHeader" fullname="NUnitLite.Tests.TextUITests.DisplayHeader" methodname="DisplayHeader" classname="NUnitLite.Tests.TextUITests" runstate="Runnable" seed="366625042" result="Passed" start-time="2017-08-14 18:37:41Z" end-time="2017-08-14 18:37:41Z" duration="0.001035" asserts="1" />
          <test-case id="1195" name="DisplayRuntimeEnvironment" fullname="NUnitLite.Tests.TextUITests.DisplayRuntimeEnvironment" methodname="DisplayRuntimeEnvironment" classname="NUnitLite.Tests.TextUITests" runstate="Runnable" seed="610649515" result="Passed" start-time="2017-08-14 18:37:41Z" end-time="2017-08-14 18:37:41Z" duration="0.000329" asserts="1" />
          <test-case id="1194" name="DisplayTestFiles" fullname="NUnitLite.Tests.TextUITests.DisplayTestFiles" methodname="DisplayTestFiles" classname="NUnitLite.Tests.TextUITests" runstate="Runnable" seed="1917745772" result="Passed" start-time="2017-08-14 18:37:41Z" end-time="2017-08-14 18:37:41Z" duration="0.000381" asserts="1" />
          <test-case id="1190" name="DisplayWarning" fullname="NUnitLite.Tests.TextUITests.DisplayWarning" methodname="DisplayWarning" classname="NUnitLite.Tests.TextUITests" runstate="Runnable" seed="531571781" result="Passed" start-time="2017-08-14 18:37:41Z" end-time="2017-08-14 18:37:41Z" duration="0.000372" asserts="1" />
          <test-suite type="ParameterizedMethod" id="1266" name="ImmediateOutput" fullname="NUnitLite.Tests.TextUITests.ImmediateOutput" classname="NUnitLite.Tests.TextUITests" runstate="Runnable" testcasecount="14" result="Passed" start-time="2017-08-14 18:37:41Z" end-time="2017-08-14 18:37:41Z" duration="0.028017" total="14" passed="14" failed="0" warnings="0" inconclusive="0" skipped="0" asserts="14">
            <test-case id="1252" name="ImmediateOutput(&quot;Off&quot;,NUnit.Framework.Interfaces.TestOutput[],&quot;OUTPUT\n&quot;)" fullname="NUnitLite.Tests.TextUITests.ImmediateOutput(&quot;Off&quot;,NUnit.Framework.Interfaces.TestOutput[],&quot;OUTPUT\n&quot;)" methodname="ImmediateOutput" classname="NUnitLite.Tests.TextUITests" runstate="Runnable" seed="2142603058" result="Passed" start-time="2017-08-14 18:37:41Z" end-time="2017-08-14 18:37:41Z" duration="0.000713" asserts="1" />
            <test-case id="1253" name="ImmediateOutput(&quot;On&quot;,NUnit.Framework.Interfaces.TestOutput[],&quot;=&gt; SomeMethod\nOUTPUT\n&quot;)" fullname="NUnitLite.Tests.TextUITests.ImmediateOutput(&quot;On&quot;,NUnit.Framework.Interfaces.TestOutput[],&quot;=&gt; SomeMethod\nOUTPUT\n&quot;)" methodname="ImmediateOutput" classname="NUnitLite.Tests.TextUITests" runstate="Runnable" seed="444251689" result="Passed" start-time="2017-08-14 18:37:41Z" end-time="2017-08-14 18:37:41Z" duration="0.000107" asserts="1" />
            <test-case id="1254" name="ImmediateOutput(&quot;All&quot;,NUnit.Framework.Interfaces.TestOutput[],&quot;=&gt; SomeMethod\nOUTPUT\n&quot;)" fullname="NUnitLite.Tests.TextUITests.ImmediateOutput(&quot;All&quot;,NUnit.Framework.Interfaces.TestOutput[],&quot;=&gt; SomeMethod\nOUTPUT\n&quot;)" methodname="ImmediateOutput" classname="NUnitLite.Tests.TextUITests" runstate="Runnable" seed="1193709835" result="Passed" start-time="2017-08-14 18:37:41Z" end-time="2017-08-14 18:37:41Z" duration="0.000132" asserts="1" />
            <test-case id="1255" name="ImmediateOutput(&quot;Before&quot;,NUnit.Framework.Interfaces.TestOutput[],&quot;=&gt; SomeMethod\nOUTPUT\n&quot;)" fullname="NUnitLite.Tests.TextUITests.ImmediateOutput(&quot;Before&quot;,NUnit.Framework.Interfaces.TestOutput[],&quot;=&gt; SomeMethod\nOUTPUT\n&quot;)" methodname="ImmediateOutput" classname="NUnitLite.Tests.TextUITests" runstate="Runnable" seed="1927442251" result="Passed" start-time="2017-08-14 18:37:41Z" end-time="2017-08-14 18:37:41Z" duration="0.000165" asserts="1" />
            <test-case id="1256" name="ImmediateOutput(&quot;After&quot;,NUnit.Framework.Interfaces.TestOutput[],&quot;=&gt; SomeMethod\nOUTPUT\n&quot;)" fullname="NUnitLite.Tests.TextUITests.ImmediateOutput(&quot;After&quot;,NUnit.Framework.Interfaces.TestOutput[],&quot;=&gt; SomeMethod\nOUTPUT\n&quot;)" methodname="ImmediateOutput" classname="NUnitLite.Tests.TextUITests" runstate="Runnable" seed="1963373698" result="Passed" start-time="2017-08-14 18:37:41Z" end-time="2017-08-14 18:37:41Z" duration="0.000116" asserts="1" />
            <test-case id="1257" name="ImmediateOutput(&quot;Off&quot;,NUnit.Framework.Interfaces.TestOutput[],&quot;OUTPUT&quot;)" fullname="NUnitLite.Tests.TextUITests.ImmediateOutput(&quot;Off&quot;,NUnit.Framework.Interfaces.TestOutput[],&quot;OUTPUT&quot;)" methodname="ImmediateOutput" classname="NUnitLite.Tests.TextUITests" runstate="Runnable" seed="1270154108" result="Passed" start-time="2017-08-14 18:37:41Z" end-time="2017-08-14 18:37:41Z" duration="0.000111" asserts="1" />
            <test-case id="1258" name="ImmediateOutput(&quot;On&quot;,NUnit.Framework.Interfaces.TestOutput[],&quot;=&gt; SomeMethod\nOUTPUT&quot;)" fullname="NUnitLite.Tests.TextUITests.ImmediateOutput(&quot;On&quot;,NUnit.Framework.Interfaces.TestOutput[],&quot;=&gt; SomeMethod\nOUTPUT&quot;)" methodname="ImmediateOutput" classname="NUnitLite.Tests.TextUITests" runstate="Runnable" seed="391844961" result="Passed" start-time="2017-08-14 18:37:41Z" end-time="2017-08-14 18:37:41Z" duration="0.000305" asserts="1" />
            <test-case id="1259" name="ImmediateOutput(&quot;All&quot;,NUnit.Framework.Interfaces.TestOutput[],&quot;=&gt; SomeMethod\nOUTPUT&quot;)" fullname="NUnitLite.Tests.TextUITests.ImmediateOutput(&quot;All&quot;,NUnit.Framework.Interfaces.TestOutput[],&quot;=&gt; SomeMethod\nOUTPUT&quot;)" methodname="ImmediateOutput" classname="NUnitLite.Tests.TextUITests" runstate="Runnable" seed="1544536087" result="Passed" start-time="2017-08-14 18:37:41Z" end-time="2017-08-14 18:37:41Z" duration="0.000103" asserts="1" />
            <test-case id="1260" name="ImmediateOutput(&quot;Before&quot;,NUnit.Framework.Interfaces.TestOutput[],&quot;=&gt; SomeMethod\nOUTPUT&quot;)" fullname="NUnitLite.Tests.TextUITests.ImmediateOutput(&quot;Before&quot;,NUnit.Framework.Interfaces.TestOutput[],&quot;=&gt; SomeMethod\nOUTPUT&quot;)" methodname="ImmediateOutput" classname="NUnitLite.Tests.TextUITests" runstate="Runnable" seed="380208444" result="Passed" start-time="2017-08-14 18:37:41Z" end-time="2017-08-14 18:37:41Z" duration="0.000097" asserts="1" />
            <test-case id="1261" name="ImmediateOutput(&quot;After&quot;,NUnit.Framework.Interfaces.TestOutput[],&quot;=&gt; SomeMethod\nOUTPUT&quot;)" fullname="NUnitLite.Tests.TextUITests.ImmediateOutput(&quot;After&quot;,NUnit.Framework.Interfaces.TestOutput[],&quot;=&gt; SomeMethod\nOUTPUT&quot;)" methodname="ImmediateOutput" classname="NUnitLite.Tests.TextUITests" runstate="Runnable" seed="1163289364" result="Passed" start-time="2017-08-14 18:37:41Z" end-time="2017-08-14 18:37:41Z" duration="0.000177" asserts="1" />
            <test-case id="1262" name="ImmediateOutput(&quot;On&quot;,NUnit.Framework.Interfaces.TestOutput[],&quot;=&gt; T1\nABC&quot;)" fullname="NUnitLite.Tests.TextUITests.ImmediateOutput(&quot;On&quot;,NUnit.Framework.Interfaces.TestOutput[],&quot;=&gt; T1\nABC&quot;)" methodname="ImmediateOutput" classname="NUnitLite.Tests.TextUITests" runstate="Runnable" seed="832397999" result="Passed" start-time="2017-08-14 18:37:41Z" end-time="2017-08-14 18:37:41Z" duration="0.000112" asserts="1" />
            <test-case id="1263" name="ImmediateOutput(&quot;On&quot;,NUnit.Framework.Interfaces.TestOutput[],&quot;=&gt; T1\nABC\n&quot;)" fullname="NUnitLite.Tests.TextUITests.ImmediateOutput(&quot;On&quot;,NUnit.Framework.Interfaces.TestOutput[],&quot;=&gt; T1\nABC\n&quot;)" methodname="ImmediateOutput" classname="NUnitLite.Tests.TextUITests" runstate="Runnable" seed="1228821691" result="Passed" start-time="2017-08-14 18:37:41Z" end-time="2017-08-14 18:37:41Z" duration="0.000115" asserts="1" />
            <test-case id="1264" name="ImmediateOutput(&quot;On&quot;,NUnit.Framework.Interfaces.TestOutput[],&quot;=&gt; EN\nHello\n=&gt; IT\nCiao!\n=&gt; EN\nWorld!\n&quot;)" fullname="NUnitLite.Tests.TextUITests.ImmediateOutput(&quot;On&quot;,NUnit.Framework.Interfaces.TestOutput[],&quot;=&gt; EN\nHello\n=&gt; IT\nCiao!\n=&gt; EN\nWorld!\n&quot;)" methodname="ImmediateOutput" classname="NUnitLite.Tests.TextUITests" runstate="Runnable" seed="1704869076" result="Passed" start-time="2017-08-14 18:37:41Z" end-time="2017-08-14 18:37:41Z" duration="0.000103" asserts="1" />
            <test-case id="1265" name="ImmediateOutput(&quot;On&quot;,NUnit.Framework.Interfaces.TestOutput[],&quot;=&gt; EN\nHello\n=&gt; IT\nCiao!\n=&gt; EN\nWorld!&quot;)" fullname="NUnitLite.Tests.TextUITests.ImmediateOutput(&quot;On&quot;,NUnit.Framework.Interfaces.TestOutput[],&quot;=&gt; EN\nHello\n=&gt; IT\nCiao!\n=&gt; EN\nWorld!&quot;)" methodname="ImmediateOutput" classname="NUnitLite.Tests.TextUITests" runstate="Runnable" seed="1379105742" result="Passed" start-time="2017-08-14 18:37:41Z" end-time="2017-08-14 18:37:41Z" duration="0.000100" asserts="1" />
          </test-suite>
          <test-suite type="ParameterizedMethod" id="1278" name="SingleTest_ImmediateOutput" fullname="NUnitLite.Tests.TextUITests.SingleTest_ImmediateOutput" classname="NUnitLite.Tests.TextUITests" runstate="Runnable" testcasecount="5" result="Passed" start-time="2017-08-14 18:37:41Z" end-time="2017-08-14 18:37:41Z" duration="0.010008" total="5" passed="5" failed="0" warnings="0" inconclusive="0" skipped="0" asserts="5">
            <test-case id="1273" name="SingleTest_ImmediateOutput(&quot;Off&quot;,&quot;IMMEDIATE OUTPUT\nNORMAL OUTPUT\n&quot;)" fullname="NUnitLite.Tests.TextUITests.SingleTest_ImmediateOutput(&quot;Off&quot;,&quot;IMMEDIATE OUTPUT\nNORMAL OUTPUT\n&quot;)" methodname="SingleTest_ImmediateOutput" classname="NUnitLite.Tests.TextUITests" runstate="Runnable" seed="1041871031" result="Passed" start-time="2017-08-14 18:37:41Z" end-time="2017-08-14 18:37:41Z" duration="0.000780" asserts="1" />
            <test-case id="1274" name="SingleTest_ImmediateOutput(&quot;On&quot;,&quot;=&gt; NUnitLite.Tests.TextUITests.MyFakeMethod\nIMMEDIATE OUTPUT\nNORMAL OUTPUT\n&quot;)" fullname="NUnitLite.Tests.TextUITests.SingleTest_ImmediateOutput(&quot;On&quot;,&quot;=&gt; NUnitLite.Tests.TextUITests.MyFakeMethod\nIMMEDIATE OUTPUT\nNORMAL OUTPUT\n&quot;)" methodname="SingleTest_ImmediateOutput" classname="NUnitLite.Tests.TextUITests" runstate="Runnable" seed="284786978" result="Passed" start-time="2017-08-14 18:37:41Z" end-time="2017-08-14 18:37:41Z" duration="0.000133" asserts="1" />
            <test-case id="1275" name="SingleTest_ImmediateOutput(&quot;All&quot;,&quot;=&gt; NUnitLite.Tests.TextUITests.MyFakeMethod\nIMMEDIATE OUTPUT\nNORMAL OUTPUT\n&quot;)" fullname="NUnitLite.Tests.TextUITests.SingleTest_ImmediateOutput(&quot;All&quot;,&quot;=&gt; NUnitLite.Tests.TextUITests.MyFakeMethod\nIMMEDIATE OUTPUT\nNORMAL OUTPUT\n&quot;)" methodname="SingleTest_ImmediateOutput" classname="NUnitLite.Tests.TextUITests" runstate="Runnable" seed="315880399" result="Passed" start-time="2017-08-14 18:37:41Z" end-time="2017-08-14 18:37:41Z" duration="0.000120" asserts="1" />
            <test-case id="1276" name="SingleTest_ImmediateOutput(&quot;Before&quot;,&quot;=&gt; NUnitLite.Tests.TextUITests.MyFakeMethod\nIMMEDIATE OUTPUT\nNORMAL OUTPUT\n&quot;)" fullname="NUnitLite.Tests.TextUITests.SingleTest_ImmediateOutput(&quot;Before&quot;,&quot;=&gt; NUnitLite.Tests.TextUITests.MyFakeMethod\nIMMEDIATE OUTPUT\nNORMAL OUTPUT\n&quot;)" methodname="SingleTest_ImmediateOutput" classname="NUnitLite.Tests.TextUITests" runstate="Runnable" seed="327838659" result="Passed" start-time="2017-08-14 18:37:41Z" end-time="2017-08-14 18:37:41Z" duration="0.000118" asserts="1" />
            <test-case id="1277" name="SingleTest_ImmediateOutput(&quot;After&quot;,&quot;=&gt; NUnitLite.Tests.TextUITests.MyFakeMethod\nIMMEDIATE OUTPUT\nNORMAL OUTPUT\nPassed =&gt; NUnitLite.Tests.TextUITests.MyFakeMethod\n&quot;)" fullname="NUnitLite.Tests.TextUITests.SingleTest_ImmediateOutput(&quot;After&quot;,&quot;=&gt; NUnitLite.Tests.TextUITests.MyFakeMethod\nIMMEDIATE OUTPUT\nNORMAL OUTPUT\nPassed =&gt; NUnitLite.Tests.TextUITests.MyFakeMethod\n&quot;)" methodname="SingleTest_ImmediateOutput" classname="NUnitLite.Tests.TextUITests" runstate="Runnable" seed="1215720029" result="Passed" start-time="2017-08-14 18:37:41Z" end-time="2017-08-14 18:37:41Z" duration="0.000910" asserts="1" />
          </test-suite>
          <test-suite type="ParameterizedMethod" id="1272" name="SingleTest_StartAndFinish" fullname="NUnitLite.Tests.TextUITests.SingleTest_StartAndFinish" classname="NUnitLite.Tests.TextUITests" runstate="Runnable" testcasecount="5" result="Passed" start-time="2017-08-14 18:37:41Z" end-time="2017-08-14 18:37:41Z" duration="0.010014" total="5" passed="5" failed="0" warnings="0" inconclusive="0" skipped="0" asserts="5">
            <test-case id="1267" name="SingleTest_StartAndFinish(&quot;Off&quot;,&quot;OUTPUT\n&quot;)" fullname="NUnitLite.Tests.TextUITests.SingleTest_StartAndFinish(&quot;Off&quot;,&quot;OUTPUT\n&quot;)" methodname="SingleTest_StartAndFinish" classname="NUnitLite.Tests.TextUITests" runstate="Runnable" seed="2073624543" result="Passed" start-time="2017-08-14 18:37:41Z" end-time="2017-08-14 18:37:41Z" duration="0.000524" asserts="1" />
            <test-case id="1268" name="SingleTest_StartAndFinish(&quot;On&quot;,&quot;=&gt; NUnitLite.Tests.TextUITests.MyFakeMethod\nOUTPUT\n&quot;)" fullname="NUnitLite.Tests.TextUITests.SingleTest_StartAndFinish(&quot;On&quot;,&quot;=&gt; NUnitLite.Tests.TextUITests.MyFakeMethod\nOUTPUT\n&quot;)" methodname="SingleTest_StartAndFinish" classname="NUnitLite.Tests.TextUITests" runstate="Runnable" seed="1713842347" result="Passed" start-time="2017-08-14 18:37:41Z" end-time="2017-08-14 18:37:41Z" duration="0.000116" asserts="1" />
            <test-case id="1269" name="SingleTest_StartAndFinish(&quot;All&quot;,&quot;=&gt; NUnitLite.Tests.TextUITests.MyFakeMethod\nOUTPUT\n&quot;)" fullname="NUnitLite.Tests.TextUITests.SingleTest_StartAndFinish(&quot;All&quot;,&quot;=&gt; NUnitLite.Tests.TextUITests.MyFakeMethod\nOUTPUT\n&quot;)" methodname="SingleTest_StartAndFinish" classname="NUnitLite.Tests.TextUITests" runstate="Runnable" seed="719039960" result="Passed" start-time="2017-08-14 18:37:41Z" end-time="2017-08-14 18:37:41Z" duration="0.000106" asserts="1" />
            <test-case id="1270" name="SingleTest_StartAndFinish(&quot;Before&quot;,&quot;=&gt; NUnitLite.Tests.TextUITests.MyFakeMethod\nOUTPUT\n&quot;)" fullname="NUnitLite.Tests.TextUITests.SingleTest_StartAndFinish(&quot;Before&quot;,&quot;=&gt; NUnitLite.Tests.TextUITests.MyFakeMethod\nOUTPUT\n&quot;)" methodname="SingleTest_StartAndFinish" classname="NUnitLite.Tests.TextUITests" runstate="Runnable" seed="1141703191" result="Passed" start-time="2017-08-14 18:37:41Z" end-time="2017-08-14 18:37:41Z" duration="0.000105" asserts="1" />
            <test-case id="1271" name="SingleTest_StartAndFinish(&quot;After&quot;,&quot;=&gt; NUnitLite.Tests.TextUITests.MyFakeMethod\nOUTPUT\nPassed =&gt; NUnitLite.Tests.TextUITests.MyFakeMethod\n&quot;)" fullname="NUnitLite.Tests.TextUITests.SingleTest_StartAndFinish(&quot;After&quot;,&quot;=&gt; NUnitLite.Tests.TextUITests.MyFakeMethod\nOUTPUT\nPassed =&gt; NUnitLite.Tests.TextUITests.MyFakeMethod\n&quot;)" methodname="SingleTest_StartAndFinish" classname="NUnitLite.Tests.TextUITests" runstate="Runnable" seed="1762470605" result="Passed" start-time="2017-08-14 18:37:41Z" end-time="2017-08-14 18:37:41Z" duration="0.000123" asserts="1" />
          </test-suite>
          <test-suite type="ParameterizedMethod" id="1251" name="SuiteFinished" fullname="NUnitLite.Tests.TextUITests.SuiteFinished" classname="NUnitLite.Tests.TextUITests" runstate="Runnable" testcasecount="10" result="Passed" start-time="2017-08-14 18:37:41Z" end-time="2017-08-14 18:37:41Z" duration="0.020014" total="10" passed="10" failed="0" warnings="0" inconclusive="0" skipped="0" asserts="10">
            <test-case id="1241" name="SuiteFinished(&quot;Off&quot;,Passed,&quot;&quot;,&quot;&quot;,&quot;&quot;)" fullname="NUnitLite.Tests.TextUITests.SuiteFinished(&quot;Off&quot;,Passed,&quot;&quot;,&quot;&quot;,&quot;&quot;)" methodname="SuiteFinished" classname="NUnitLite.Tests.TextUITests" runstate="Runnable" seed="408909185" result="Passed" start-time="2017-08-14 18:37:41Z" end-time="2017-08-14 18:37:41Z" duration="0.000920" asserts="1" />
            <test-case id="1242" name="SuiteFinished(&quot;On&quot;,Passed,&quot;&quot;,&quot;&quot;,&quot;&quot;)" fullname="NUnitLite.Tests.TextUITests.SuiteFinished(&quot;On&quot;,Passed,&quot;&quot;,&quot;&quot;,&quot;&quot;)" methodname="SuiteFinished" classname="NUnitLite.Tests.TextUITests" runstate="Runnable" seed="654021792" result="Passed" start-time="2017-08-14 18:37:41Z" end-time="2017-08-14 18:37:41Z" duration="0.000205" asserts="1" />
            <test-case id="1243" name="SuiteFinished(&quot;All&quot;,Passed,&quot;&quot;,&quot;&quot;,&quot;&quot;)" fullname="NUnitLite.Tests.TextUITests.SuiteFinished(&quot;All&quot;,Passed,&quot;&quot;,&quot;&quot;,&quot;&quot;)" methodname="SuiteFinished" classname="NUnitLite.Tests.TextUITests" runstate="Runnable" seed="378835142" result="Passed" start-time="2017-08-14 18:37:41Z" end-time="2017-08-14 18:37:41Z" duration="0.000187" asserts="1" />
            <test-case id="1244" name="SuiteFinished(&quot;Before&quot;,Passed,&quot;&quot;,&quot;&quot;,&quot;&quot;)" fullname="NUnitLite.Tests.TextUITests.SuiteFinished(&quot;Before&quot;,Passed,&quot;&quot;,&quot;&quot;,&quot;&quot;)" methodname="SuiteFinished" classname="NUnitLite.Tests.TextUITests" runstate="Runnable" seed="427094790" result="Passed" start-time="2017-08-14 18:37:41Z" end-time="2017-08-14 18:37:41Z" duration="0.000246" asserts="1" />
            <test-case id="1245" name="SuiteFinished(&quot;After&quot;,Passed,&quot;&quot;,&quot;&quot;,&quot;&quot;)" fullname="NUnitLite.Tests.TextUITests.SuiteFinished(&quot;After&quot;,Passed,&quot;&quot;,&quot;&quot;,&quot;&quot;)" methodname="SuiteFinished" classname="NUnitLite.Tests.TextUITests" runstate="Runnable" seed="485765573" result="Passed" start-time="2017-08-14 18:37:41Z" end-time="2017-08-14 18:37:41Z" duration="0.000173" asserts="1" />
            <test-case id="1246" name="SuiteFinished(&quot;Off&quot;,Passed,&quot;&quot;,&quot;First line of output\nAnother line of output&quot;,&quot;First line of output\nAnother line of output\n&quot;)" fullname="NUnitLite.Tests.TextUITests.SuiteFinished(&quot;Off&quot;,Passed,&quot;&quot;,&quot;First line of output\nAnother line of output&quot;,&quot;First line of output\nAnother line of output\n&quot;)" methodname="SuiteFinished" classname="NUnitLite.Tests.TextUITests" runstate="Runnable" seed="740224094" result="Passed" start-time="2017-08-14 18:37:41Z" end-time="2017-08-14 18:37:41Z" duration="0.000188" asserts="1" />
            <test-case id="1247" name="SuiteFinished(&quot;On&quot;,Passed,&quot;&quot;,&quot;First line of output\nAnother line of output&quot;,&quot;=&gt; DummySuite\nFirst line of output\nAnother line of output\n&quot;)" fullname="NUnitLite.Tests.TextUITests.SuiteFinished(&quot;On&quot;,Passed,&quot;&quot;,&quot;First line of output\nAnother line of output&quot;,&quot;=&gt; DummySuite\nFirst line of output\nAnother line of output\n&quot;)" methodname="SuiteFinished" classname="NUnitLite.Tests.TextUITests" runstate="Runnable" seed="1899832481" result="Passed" start-time="2017-08-14 18:37:41Z" end-time="2017-08-14 18:37:41Z" duration="0.000194" asserts="1" />
            <test-case id="1248" name="SuiteFinished(&quot;All&quot;,Passed,&quot;&quot;,&quot;First line of output\nAnother line of output&quot;,&quot;=&gt; DummySuite\nFirst line of output\nAnother line of output\n&quot;)" fullname="NUnitLite.Tests.TextUITests.SuiteFinished(&quot;All&quot;,Passed,&quot;&quot;,&quot;First line of output\nAnother line of output&quot;,&quot;=&gt; DummySuite\nFirst line of output\nAnother line of output\n&quot;)" methodname="SuiteFinished" classname="NUnitLite.Tests.TextUITests" runstate="Runnable" seed="303520113" result="Passed" start-time="2017-08-14 18:37:41Z" end-time="2017-08-14 18:37:41Z" duration="0.000367" asserts="1" />
            <test-case id="1249" name="SuiteFinished(&quot;Before&quot;,Passed,&quot;&quot;,&quot;First line of output\nAnother line of output&quot;,&quot;=&gt; DummySuite\nFirst line of output\nAnother line of output\n&quot;)" fullname="NUnitLite.Tests.TextUITests.SuiteFinished(&quot;Before&quot;,Passed,&quot;&quot;,&quot;First line of output\nAnother line of output&quot;,&quot;=&gt; DummySuite\nFirst line of output\nAnother line of output\n&quot;)" methodname="SuiteFinished" classname="NUnitLite.Tests.TextUITests" runstate="Runnable" seed="576949246" result="Passed" start-time="2017-08-14 18:37:41Z" end-time="2017-08-14 18:37:41Z" duration="0.000221" asserts="1" />
            <test-case id="1250" name="SuiteFinished(&quot;After&quot;,Passed,&quot;&quot;,&quot;First line of output\nAnother line of output&quot;,&quot;=&gt; DummySuite\nFirst line of output\nAnother line of output\n&quot;)" fullname="NUnitLite.Tests.TextUITests.SuiteFinished(&quot;After&quot;,Passed,&quot;&quot;,&quot;First line of output\nAnother line of output&quot;,&quot;=&gt; DummySuite\nFirst line of output\nAnother line of output\n&quot;)" methodname="SuiteFinished" classname="NUnitLite.Tests.TextUITests" runstate="Runnable" seed="434196720" result="Passed" start-time="2017-08-14 18:37:41Z" end-time="2017-08-14 18:37:41Z" duration="0.000271" asserts="1" />
          </test-suite>
          <test-suite type="ParameterizedMethod" id="1207" name="SuiteStarted" fullname="NUnitLite.Tests.TextUITests.SuiteStarted" classname="NUnitLite.Tests.TextUITests" runstate="Runnable" testcasecount="5" result="Passed" start-time="2017-08-14 18:37:41Z" end-time="2017-08-14 18:37:41Z" duration="0.010023" total="5" passed="5" failed="0" warnings="0" inconclusive="0" skipped="0" asserts="5">
            <test-case id="1202" name="SuiteStarted(&quot;Off&quot;,&quot;&quot;)" fullname="NUnitLite.Tests.TextUITests.SuiteStarted(&quot;Off&quot;,&quot;&quot;)" methodname="SuiteStarted" classname="NUnitLite.Tests.TextUITests" runstate="Runnable" seed="1364115316" result="Passed" start-time="2017-08-14 18:37:41Z" end-time="2017-08-14 18:37:41Z" duration="0.000431" asserts="1" />
            <test-case id="1203" name="SuiteStarted(&quot;On&quot;,&quot;&quot;)" fullname="NUnitLite.Tests.TextUITests.SuiteStarted(&quot;On&quot;,&quot;&quot;)" methodname="SuiteStarted" classname="NUnitLite.Tests.TextUITests" runstate="Runnable" seed="874929451" result="Passed" start-time="2017-08-14 18:37:41Z" end-time="2017-08-14 18:37:41Z" duration="0.000117" asserts="1" />
            <test-case id="1204" name="SuiteStarted(&quot;All&quot;,&quot;&quot;)" fullname="NUnitLite.Tests.TextUITests.SuiteStarted(&quot;All&quot;,&quot;&quot;)" methodname="SuiteStarted" classname="NUnitLite.Tests.TextUITests" runstate="Runnable" seed="1239176495" result="Passed" start-time="2017-08-14 18:37:41Z" end-time="2017-08-14 18:37:41Z" duration="0.000127" asserts="1" />
            <test-case id="1205" name="SuiteStarted(&quot;Before&quot;,&quot;&quot;)" fullname="NUnitLite.Tests.TextUITests.SuiteStarted(&quot;Before&quot;,&quot;&quot;)" methodname="SuiteStarted" classname="NUnitLite.Tests.TextUITests" runstate="Runnable" seed="1840084812" result="Passed" start-time="2017-08-14 18:37:41Z" end-time="2017-08-14 18:37:41Z" duration="0.000133" asserts="1" />
            <test-case id="1206" name="SuiteStarted(&quot;After&quot;,&quot;&quot;)" fullname="NUnitLite.Tests.TextUITests.SuiteStarted(&quot;After&quot;,&quot;&quot;)" methodname="SuiteStarted" classname="NUnitLite.Tests.TextUITests" runstate="Runnable" seed="2116922225" result="Passed" start-time="2017-08-14 18:37:41Z" end-time="2017-08-14 18:37:41Z" duration="0.000241" asserts="1" />
          </test-suite>
          <test-suite type="ParameterizedMethod" id="1234" name="TestFinished" fullname="NUnitLite.Tests.TextUITests.TestFinished" classname="NUnitLite.Tests.TextUITests" runstate="Runnable" testcasecount="26" result="Passed" start-time="2017-08-14 18:37:41Z" end-time="2017-08-14 18:37:41Z" duration="0.054016" total="26" passed="26" failed="0" warnings="0" inconclusive="0" skipped="0" asserts="26">
            <test-case id="1208" name="TestFinished(&quot;Off&quot;,Passed,&quot;&quot;,&quot;&quot;,&quot;&quot;)" fullname="NUnitLite.Tests.TextUITests.TestFinished(&quot;Off&quot;,Passed,&quot;&quot;,&quot;&quot;,&quot;&quot;)" methodname="TestFinished" classname="NUnitLite.Tests.TextUITests" runstate="Runnable" seed="1342634257" result="Passed" start-time="2017-08-14 18:37:41Z" end-time="2017-08-14 18:37:41Z" duration="0.001094" asserts="1" />
            <test-case id="1209" name="TestFinished(&quot;On&quot;,Passed,&quot;&quot;,&quot;&quot;,&quot;&quot;)" fullname="NUnitLite.Tests.TextUITests.TestFinished(&quot;On&quot;,Passed,&quot;&quot;,&quot;&quot;,&quot;&quot;)" methodname="TestFinished" classname="NUnitLite.Tests.TextUITests" runstate="Runnable" seed="951022529" result="Passed" start-time="2017-08-14 18:37:41Z" end-time="2017-08-14 18:37:41Z" duration="0.000778" asserts="1" />
            <test-case id="1210" name="TestFinished(&quot;All&quot;,Passed,&quot;&quot;,&quot;&quot;,&quot;&quot;)" fullname="NUnitLite.Tests.TextUITests.TestFinished(&quot;All&quot;,Passed,&quot;&quot;,&quot;&quot;,&quot;&quot;)" methodname="TestFinished" classname="NUnitLite.Tests.TextUITests" runstate="Runnable" seed="1253594729" result="Passed" start-time="2017-08-14 18:37:41Z" end-time="2017-08-14 18:37:41Z" duration="0.000665" asserts="1" />
            <test-case id="1211" name="TestFinished(&quot;Before&quot;,Passed,&quot;&quot;,&quot;&quot;,&quot;&quot;)" fullname="NUnitLite.Tests.TextUITests.TestFinished(&quot;Before&quot;,Passed,&quot;&quot;,&quot;&quot;,&quot;&quot;)" methodname="TestFinished" classname="NUnitLite.Tests.TextUITests" runstate="Runnable" seed="792828179" result="Passed" start-time="2017-08-14 18:37:41Z" end-time="2017-08-14 18:37:41Z" duration="0.000311" asserts="1" />
            <test-case id="1212" name="TestFinished(&quot;After&quot;,Passed,&quot;&quot;,&quot;&quot;,&quot;Passed =&gt; NUnitLite.Tests.TextUITests.MyFakeMethod\n&quot;)" fullname="NUnitLite.Tests.TextUITests.TestFinished(&quot;After&quot;,Passed,&quot;&quot;,&quot;&quot;,&quot;Passed =&gt; NUnitLite.Tests.TextUITests.MyFakeMethod\n&quot;)" methodname="TestFinished" classname="NUnitLite.Tests.TextUITests" runstate="Runnable" seed="1198133710" result="Passed" start-time="2017-08-14 18:37:41Z" end-time="2017-08-14 18:37:41Z" duration="0.000333" asserts="1" />
            <test-case id="1213" name="TestFinished(&quot;After&quot;,Failed,&quot;&quot;,&quot;&quot;,&quot;Failed =&gt; NUnitLite.Tests.TextUITests.MyFakeMethod\n&quot;)" fullname="NUnitLite.Tests.TextUITests.TestFinished(&quot;After&quot;,Failed,&quot;&quot;,&quot;&quot;,&quot;Failed =&gt; NUnitLite.Tests.TextUITests.MyFakeMethod\n&quot;)" methodname="TestFinished" classname="NUnitLite.Tests.TextUITests" runstate="Runnable" seed="270412580" result="Passed" start-time="2017-08-14 18:37:41Z" end-time="2017-08-14 18:37:41Z" duration="0.000819" asserts="1" />
            <test-case id="1214" name="TestFinished(&quot;After&quot;,Failed,&quot;Invalid&quot;,&quot;&quot;,&quot;Invalid =&gt; NUnitLite.Tests.TextUITests.MyFakeMethod\n&quot;)" fullname="NUnitLite.Tests.TextUITests.TestFinished(&quot;After&quot;,Failed,&quot;Invalid&quot;,&quot;&quot;,&quot;Invalid =&gt; NUnitLite.Tests.TextUITests.MyFakeMethod\n&quot;)" methodname="TestFinished" classname="NUnitLite.Tests.TextUITests" runstate="Runnable" seed="1949897745" result="Passed" start-time="2017-08-14 18:37:41Z" end-time="2017-08-14 18:37:41Z" duration="0.000333" asserts="1" />
            <test-case id="1215" name="TestFinished(&quot;After&quot;,Failed,&quot;Cancelled&quot;,&quot;&quot;,&quot;Cancelled =&gt; NUnitLite.Tests.TextUITests.MyFakeMethod\n&quot;)" fullname="NUnitLite.Tests.TextUITests.TestFinished(&quot;After&quot;,Failed,&quot;Cancelled&quot;,&quot;&quot;,&quot;Cancelled =&gt; NUnitLite.Tests.TextUITests.MyFakeMethod\n&quot;)" methodname="TestFinished" classname="NUnitLite.Tests.TextUITests" runstate="Runnable" seed="1025291829" result="Passed" start-time="2017-08-14 18:37:41Z" end-time="2017-08-14 18:37:41Z" duration="0.000440" asserts="1" />
            <test-case id="1216" name="TestFinished(&quot;After&quot;,Failed,&quot;Error&quot;,&quot;&quot;,&quot;Error =&gt; NUnitLite.Tests.TextUITests.MyFakeMethod\n&quot;)" fullname="NUnitLite.Tests.TextUITests.TestFinished(&quot;After&quot;,Failed,&quot;Error&quot;,&quot;&quot;,&quot;Error =&gt; NUnitLite.Tests.TextUITests.MyFakeMethod\n&quot;)" methodname="TestFinished" classname="NUnitLite.Tests.TextUITests" runstate="Runnable" seed="178565287" result="Passed" start-time="2017-08-14 18:37:41Z" end-time="2017-08-14 18:37:41Z" duration="0.000376" asserts="1" />
            <test-case id="1217" name="TestFinished(&quot;After&quot;,Inconclusive,&quot;&quot;,&quot;&quot;,&quot;Inconclusive =&gt; NUnitLite.Tests.TextUITests.MyFakeMethod\n&quot;)" fullname="NUnitLite.Tests.TextUITests.TestFinished(&quot;After&quot;,Inconclusive,&quot;&quot;,&quot;&quot;,&quot;Inconclusive =&gt; NUnitLite.Tests.TextUITests.MyFakeMethod\n&quot;)" methodname="TestFinished" classname="NUnitLite.Tests.TextUITests" runstate="Runnable" seed="2080485700" result="Passed" start-time="2017-08-14 18:37:41Z" end-time="2017-08-14 18:37:41Z" duration="0.000367" asserts="1" />
            <test-case id="1218" name="TestFinished(&quot;After&quot;,Skipped,&quot;&quot;,&quot;&quot;,&quot;Skipped =&gt; NUnitLite.Tests.TextUITests.MyFakeMethod\n&quot;)" fullname="NUnitLite.Tests.TextUITests.TestFinished(&quot;After&quot;,Skipped,&quot;&quot;,&quot;&quot;,&quot;Skipped =&gt; NUnitLite.Tests.TextUITests.MyFakeMethod\n&quot;)" methodname="TestFinished" classname="NUnitLite.Tests.TextUITests" runstate="Runnable" seed="1141582233" result="Passed" start-time="2017-08-14 18:37:41Z" end-time="2017-08-14 18:37:41Z" duration="0.000325" asserts="1" />
            <test-case id="1219" name="TestFinished(&quot;After&quot;,Skipped,&quot;Ignored&quot;,&quot;&quot;,&quot;Ignored =&gt; NUnitLite.Tests.TextUITests.MyFakeMethod\n&quot;)" fullname="NUnitLite.Tests.TextUITests.TestFinished(&quot;After&quot;,Skipped,&quot;Ignored&quot;,&quot;&quot;,&quot;Ignored =&gt; NUnitLite.Tests.TextUITests.MyFakeMethod\n&quot;)" methodname="TestFinished" classname="NUnitLite.Tests.TextUITests" runstate="Runnable" seed="1882261312" result="Passed" start-time="2017-08-14 18:37:41Z" end-time="2017-08-14 18:37:41Z" duration="0.000305" asserts="1" />
            <test-case id="1220" name="TestFinished(&quot;After&quot;,Warning,&quot;&quot;,&quot;&quot;,&quot;Warning =&gt; NUnitLite.Tests.TextUITests.MyFakeMethod\n&quot;)" fullname="NUnitLite.Tests.TextUITests.TestFinished(&quot;After&quot;,Warning,&quot;&quot;,&quot;&quot;,&quot;Warning =&gt; NUnitLite.Tests.TextUITests.MyFakeMethod\n&quot;)" methodname="TestFinished" classname="NUnitLite.Tests.TextUITests" runstate="Runnable" seed="1281584264" result="Passed" start-time="2017-08-14 18:37:41Z" end-time="2017-08-14 18:37:41Z" duration="0.000322" asserts="1" />
            <test-case id="1221" name="TestFinished(&quot;Off&quot;,Passed,&quot;&quot;,&quot;First line of output\nAnother line of output&quot;,&quot;First line of output\nAnother line of output\n&quot;)" fullname="NUnitLite.Tests.TextUITests.TestFinished(&quot;Off&quot;,Passed,&quot;&quot;,&quot;First line of output\nAnother line of output&quot;,&quot;First line of output\nAnother line of output\n&quot;)" methodname="TestFinished" classname="NUnitLite.Tests.TextUITests" runstate="Runnable" seed="1557790292" result="Passed" start-time="2017-08-14 18:37:41Z" end-time="2017-08-14 18:37:41Z" duration="0.000320" asserts="1" />
            <test-case id="1222" name="TestFinished(&quot;On&quot;,Passed,&quot;&quot;,&quot;First line of output\nAnother line of output&quot;,&quot;=&gt; NUnitLite.Tests.TextUITests.MyFakeMethod\nFirst line of output\nAnother line of output\n&quot;)" fullname="NUnitLite.Tests.TextUITests.TestFinished(&quot;On&quot;,Passed,&quot;&quot;,&quot;First line of output\nAnother line of output&quot;,&quot;=&gt; NUnitLite.Tests.TextUITests.MyFakeMethod\nFirst line of output\nAnother line of output\n&quot;)" methodname="TestFinished" classname="NUnitLite.Tests.TextUITests" runstate="Runnable" seed="1294561902" result="Passed" start-time="2017-08-14 18:37:41Z" end-time="2017-08-14 18:37:41Z" duration="0.000367" asserts="1" />
            <test-case id="1223" name="TestFinished(&quot;All&quot;,Passed,&quot;&quot;,&quot;First line of output\nAnother line of output&quot;,&quot;=&gt; NUnitLite.Tests.TextUITests.MyFakeMethod\nFirst line of output\nAnother line of output\n&quot;)" fullname="NUnitLite.Tests.TextUITests.TestFinished(&quot;All&quot;,Passed,&quot;&quot;,&quot;First line of output\nAnother line of output&quot;,&quot;=&gt; NUnitLite.Tests.TextUITests.MyFakeMethod\nFirst line of output\nAnother line of output\n&quot;)" methodname="TestFinished" classname="NUnitLite.Tests.TextUITests" runstate="Runnable" seed="83219273" result="Passed" start-time="2017-08-14 18:37:41Z" end-time="2017-08-14 18:37:41Z" duration="0.000364" asserts="1" />
            <test-case id="1224" name="TestFinished(&quot;Before&quot;,Passed,&quot;&quot;,&quot;First line of output\nAnother line of output&quot;,&quot;=&gt; NUnitLite.Tests.TextUITests.MyFakeMethod\nFirst line of output\nAnother line of output\n&quot;)" fullname="NUnitLite.Tests.TextUITests.TestFinished(&quot;Before&quot;,Passed,&quot;&quot;,&quot;First line of output\nAnother line of output&quot;,&quot;=&gt; NUnitLite.Tests.TextUITests.MyFakeMethod\nFirst line of output\nAnother line of output\n&quot;)" methodname="TestFinished" classname="NUnitLite.Tests.TextUITests" runstate="Runnable" seed="1045785612" result="Passed" start-time="2017-08-14 18:37:41Z" end-time="2017-08-14 18:37:41Z" duration="0.000321" asserts="1" />
            <test-case id="1225" name="TestFinished(&quot;After&quot;,Passed,&quot;&quot;,&quot;First line of output\nAnother line of output&quot;,&quot;=&gt; NUnitLite.Tests.TextUITests.MyFakeMethod\nFirst line of output\nAnother line of output\nPassed =&gt; NUnitLite.Tests.TextUITests.MyFakeMethod\n&quot;)" fullname="NUnitLite.Tests.TextUITests.TestFinished(&quot;After&quot;,Passed,&quot;&quot;,&quot;First line of output\nAnother line of output&quot;,&quot;=&gt; NUnitLite.Tests.TextUITests.MyFakeMethod\nFirst line of output\nAnother line of output\nPassed =&gt; NUnitLite.Tests.TextUITests.MyFakeMethod\n&quot;)" methodname="TestFinished" classname="NUnitLite.Tests.TextUITests" runstate="Runnable" seed="920043274" result="Passed" start-time="2017-08-14 18:37:41Z" end-time="2017-08-14 18:37:41Z" duration="0.000358" asserts="1" />
            <test-case id="1226" name="TestFinished(&quot;After&quot;,Failed,&quot;&quot;,&quot;First line of output\nAnother line of output&quot;,&quot;=&gt; NUnitLite.Tests.TextUITests.MyFakeMethod\nFirst line of output\nAnother line of output\nFailed =&gt; NUnitLite.Tests.TextUITests.MyFakeMethod\n&quot;)" fullname="NUnitLite.Tests.TextUITests.TestFinished(&quot;After&quot;,Failed,&quot;&quot;,&quot;First line of output\nAnother line of output&quot;,&quot;=&gt; NUnitLite.Tests.TextUITests.MyFakeMethod\nFirst line of output\nAnother line of output\nFailed =&gt; NUnitLite.Tests.TextUITests.MyFakeMethod\n&quot;)" methodname="TestFinished" classname="NUnitLite.Tests.TextUITests" runstate="Runnable" seed="155582996" result="Passed" start-time="2017-08-14 18:37:41Z" end-time="2017-08-14 18:37:41Z" duration="0.000333" asserts="1" />
            <test-case id="1227" name="TestFinished(&quot;After&quot;,Failed,&quot;Invalid&quot;,&quot;First line of output\nAnother line of output&quot;,&quot;=&gt; NUnitLite.Tests.TextUITests.MyFakeMethod\nFirst line of output\nAnother line of output\nInvalid =&gt; NUnitLite.Tests.TextUITests.MyFakeMethod\n&quot;)" fullname="NUnitLite.Tests.TextUITests.TestFinished(&quot;After&quot;,Failed,&quot;Invalid&quot;,&quot;First line of output\nAnother line of output&quot;,&quot;=&gt; NUnitLite.Tests.TextUITests.MyFakeMethod\nFirst line of output\nAnother line of output\nInvalid =&gt; NUnitLite.Tests.TextUITests.MyFakeMethod\n&quot;)" methodname="TestFinished" classname="NUnitLite.Tests.TextUITests" runstate="Runnable" seed="1397345015" result="Passed" start-time="2017-08-14 18:37:41Z" end-time="2017-08-14 18:37:41Z" duration="0.000341" asserts="1" />
            <test-case id="1228" name="TestFinished(&quot;After&quot;,Failed,&quot;Cancelled&quot;,&quot;First line of output\nAnother line of output&quot;,&quot;=&gt; NUnitLite.Tests.TextUITests.MyFakeMethod\nFirst line of output\nAnother line of output\nCancelled =&gt; NUnitLite.Tests.TextUITests.MyFakeMethod\n&quot;)" fullname="NUnitLite.Tests.TextUITests.TestFinished(&quot;After&quot;,Failed,&quot;Cancelled&quot;,&quot;First line of output\nAnother line of output&quot;,&quot;=&gt; NUnitLite.Tests.TextUITests.MyFakeMethod\nFirst line of output\nAnother line of output\nCancelled =&gt; NUnitLite.Tests.TextUITests.MyFakeMethod\n&quot;)" methodname="TestFinished" classname="NUnitLite.Tests.TextUITests" runstate="Runnable" seed="2091514918" result="Passed" start-time="2017-08-14 18:37:41Z" end-time="2017-08-14 18:37:41Z" duration="0.000322" asserts="1" />
            <test-case id="1229" name="TestFinished(&quot;After&quot;,Failed,&quot;Error&quot;,&quot;First line of output\nAnother line of output&quot;,&quot;=&gt; NUnitLite.Tests.TextUITests.MyFakeMethod\nFirst line of output\nAnother line of output\nError =&gt; NUnitLite.Tests.TextUITests.MyFakeMethod\n&quot;)" fullname="NUnitLite.Tests.TextUITests.TestFinished(&quot;After&quot;,Failed,&quot;Error&quot;,&quot;First line of output\nAnother line of output&quot;,&quot;=&gt; NUnitLite.Tests.TextUITests.MyFakeMethod\nFirst line of output\nAnother line of output\nError =&gt; NUnitLite.Tests.TextUITests.MyFakeMethod\n&quot;)" methodname="TestFinished" classname="NUnitLite.Tests.TextUITests" runstate="Runnable" seed="2038771294" result="Passed" start-time="2017-08-14 18:37:41Z" end-time="2017-08-14 18:37:41Z" duration="0.000377" asserts="1" />
            <test-case id="1230" name="TestFinished(&quot;After&quot;,Inconclusive,&quot;&quot;,&quot;First line of output\nAnother line of output&quot;,&quot;=&gt; NUnitLite.Tests.TextUITests.MyFakeMethod\nFirst line of output\nAnother line of output\nInconclusive =&gt; NUnitLite.Tests.TextUITests.MyFakeMethod\n&quot;)" fullname="NUnitLite.Tests.TextUITests.TestFinished(&quot;After&quot;,Inconclusive,&quot;&quot;,&quot;First line of output\nAnother line of output&quot;,&quot;=&gt; NUnitLite.Tests.TextUITests.MyFakeMethod\nFirst line of output\nAnother line of output\nInconclusive =&gt; NUnitLite.Tests.TextUITests.MyFakeMethod\n&quot;)" methodname="TestFinished" classname="NUnitLite.Tests.TextUITests" runstate="Runnable" seed="1097885127" result="Passed" start-time="2017-08-14 18:37:41Z" end-time="2017-08-14 18:37:41Z" duration="0.001393" asserts="1" />
            <test-case id="1231" name="TestFinished(&quot;After&quot;,Skipped,&quot;&quot;,&quot;First line of output\nAnother line of output&quot;,&quot;=&gt; NUnitLite.Tests.TextUITests.MyFakeMethod\nFirst line of output\nAnother line of output\nSkipped =&gt; NUnitLite.Tests.TextUITests.MyFakeMethod\n&quot;)" fullname="NUnitLite.Tests.TextUITests.TestFinished(&quot;After&quot;,Skipped,&quot;&quot;,&quot;First line of output\nAnother line of output&quot;,&quot;=&gt; NUnitLite.Tests.TextUITests.MyFakeMethod\nFirst line of output\nAnother line of output\nSkipped =&gt; NUnitLite.Tests.TextUITests.MyFakeMethod\n&quot;)" methodname="TestFinished" classname="NUnitLite.Tests.TextUITests" runstate="Runnable" seed="29297321" result="Passed" start-time="2017-08-14 18:37:41Z" end-time="2017-08-14 18:37:41Z" duration="0.000342" asserts="1" />
            <test-case id="1232" name="TestFinished(&quot;After&quot;,Skipped,&quot;Ignored&quot;,&quot;First line of output\nAnother line of output&quot;,&quot;=&gt; NUnitLite.Tests.TextUITests.MyFakeMethod\nFirst line of output\nAnother line of output\nIgnored =&gt; NUnitLite.Tests.TextUITests.MyFakeMethod\n&quot;)" fullname="NUnitLite.Tests.TextUITests.TestFinished(&quot;After&quot;,Skipped,&quot;Ignored&quot;,&quot;First line of output\nAnother line of output&quot;,&quot;=&gt; NUnitLite.Tests.TextUITests.MyFakeMethod\nFirst line of output\nAnother line of output\nIgnored =&gt; NUnitLite.Tests.TextUITests.MyFakeMethod\n&quot;)" methodname="TestFinished" classname="NUnitLite.Tests.TextUITests" runstate="Runnable" seed="919694566" result="Passed" start-time="2017-08-14 18:37:41Z" end-time="2017-08-14 18:37:41Z" duration="0.000367" asserts="1" />
            <test-case id="1233" name="TestFinished(&quot;After&quot;,Warning,&quot;&quot;,&quot;First line of output\nAnother line of output&quot;,&quot;=&gt; NUnitLite.Tests.TextUITests.MyFakeMethod\nFirst line of output\nAnother line of output\nWarning =&gt; NUnitLite.Tests.TextUITests.MyFakeMethod\n&quot;)" fullname="NUnitLite.Tests.TextUITests.TestFinished(&quot;After&quot;,Warning,&quot;&quot;,&quot;First line of output\nAnother line of output&quot;,&quot;=&gt; NUnitLite.Tests.TextUITests.MyFakeMethod\nFirst line of output\nAnother line of output\nWarning =&gt; NUnitLite.Tests.TextUITests.MyFakeMethod\n&quot;)" methodname="TestFinished" classname="NUnitLite.Tests.TextUITests" runstate="Runnable" seed="1599851124" result="Passed" start-time="2017-08-14 18:37:41Z" end-time="2017-08-14 18:37:41Z" duration="0.000372" asserts="1" />
          </test-suite>
          <test-suite type="ParameterizedMethod" id="1201" name="TestStarted" fullname="NUnitLite.Tests.TextUITests.TestStarted" classname="NUnitLite.Tests.TextUITests" runstate="Runnable" testcasecount="5" result="Passed" start-time="2017-08-14 18:37:41Z" end-time="2017-08-14 18:37:41Z" duration="0.010018" total="5" passed="5" failed="0" warnings="0" inconclusive="0" skipped="0" asserts="5">
            <test-case id="1196" name="TestStarted(&quot;Off&quot;,&quot;&quot;)" fullname="NUnitLite.Tests.TextUITests.TestStarted(&quot;Off&quot;,&quot;&quot;)" methodname="TestStarted" classname="NUnitLite.Tests.TextUITests" runstate="Runnable" seed="516009565" result="Passed" start-time="2017-08-14 18:37:41Z" end-time="2017-08-14 18:37:41Z" duration="0.000421" asserts="1" />
            <test-case id="1197" name="TestStarted(&quot;On&quot;,&quot;&quot;)" fullname="NUnitLite.Tests.TextUITests.TestStarted(&quot;On&quot;,&quot;&quot;)" methodname="TestStarted" classname="NUnitLite.Tests.TextUITests" runstate="Runnable" seed="1335731827" result="Passed" start-time="2017-08-14 18:37:41Z" end-time="2017-08-14 18:37:41Z" duration="0.000112" asserts="1" />
            <test-case id="1198" name="TestStarted(&quot;All&quot;,&quot;=&gt; NUnitLite.Tests.TextUITests.MyFakeMethod\n&quot;)" fullname="NUnitLite.Tests.TextUITests.TestStarted(&quot;All&quot;,&quot;=&gt; NUnitLite.Tests.TextUITests.MyFakeMethod\n&quot;)" methodname="TestStarted" classname="NUnitLite.Tests.TextUITests" runstate="Runnable" seed="1205529493" result="Passed" start-time="2017-08-14 18:37:41Z" end-time="2017-08-14 18:37:41Z" duration="0.000106" asserts="1" />
            <test-case id="1199" name="TestStarted(&quot;Before&quot;,&quot;=&gt; NUnitLite.Tests.TextUITests.MyFakeMethod\n&quot;)" fullname="NUnitLite.Tests.TextUITests.TestStarted(&quot;Before&quot;,&quot;=&gt; NUnitLite.Tests.TextUITests.MyFakeMethod\n&quot;)" methodname="TestStarted" classname="NUnitLite.Tests.TextUITests" runstate="Runnable" seed="509547836" result="Passed" start-time="2017-08-14 18:37:41Z" end-time="2017-08-14 18:37:41Z" duration="0.000115" asserts="1" />
            <test-case id="1200" name="TestStarted(&quot;After&quot;,&quot;&quot;)" fullname="NUnitLite.Tests.TextUITests.TestStarted(&quot;After&quot;,&quot;&quot;)" methodname="TestStarted" classname="NUnitLite.Tests.TextUITests" runstate="Runnable" seed="1249049396" result="Passed" start-time="2017-08-14 18:37:41Z" end-time="2017-08-14 18:37:41Z" duration="0.000112" asserts="1" />
          </test-suite>
          <test-suite type="ParameterizedMethod" id="1240" name="TestWritesSingleCharacters" fullname="NUnitLite.Tests.TextUITests.TestWritesSingleCharacters" classname="NUnitLite.Tests.TextUITests" runstate="Runnable" testcasecount="5" result="Passed" start-time="2017-08-14 18:37:41Z" end-time="2017-08-14 18:37:41Z" duration="0.010011" total="5" passed="5" failed="0" warnings="0" inconclusive="0" skipped="0" asserts="5">
            <test-case id="1235" name="TestWritesSingleCharacters(&quot;Off&quot;,&quot;ABC+XYZ\n&quot;)" fullname="NUnitLite.Tests.TextUITests.TestWritesSingleCharacters(&quot;Off&quot;,&quot;ABC+XYZ\n&quot;)" methodname="TestWritesSingleCharacters" classname="NUnitLite.Tests.TextUITests" runstate="Runnable" seed="1795650944" result="Passed" start-time="2017-08-14 18:37:41Z" end-time="2017-08-14 18:37:41Z" duration="0.000682" asserts="1" />
            <test-case id="1236" name="TestWritesSingleCharacters(&quot;On&quot;,&quot;=&gt; NUnitLite.Tests.TextUITests.MyFakeMethod\nABC+XYZ\n&quot;)" fullname="NUnitLite.Tests.TextUITests.TestWritesSingleCharacters(&quot;On&quot;,&quot;=&gt; NUnitLite.Tests.TextUITests.MyFakeMethod\nABC+XYZ\n&quot;)" methodname="TestWritesSingleCharacters" classname="NUnitLite.Tests.TextUITests" runstate="Runnable" seed="1865847415" result="Passed" start-time="2017-08-14 18:37:41Z" end-time="2017-08-14 18:37:41Z" duration="0.000127" asserts="1" />
            <test-case id="1237" name="TestWritesSingleCharacters(&quot;All&quot;,&quot;=&gt; NUnitLite.Tests.TextUITests.MyFakeMethod\nABC+XYZ\n&quot;)" fullname="NUnitLite.Tests.TextUITests.TestWritesSingleCharacters(&quot;All&quot;,&quot;=&gt; NUnitLite.Tests.TextUITests.MyFakeMethod\nABC+XYZ\n&quot;)" methodname="TestWritesSingleCharacters" classname="NUnitLite.Tests.TextUITests" runstate="Runnable" seed="596457642" result="Passed" start-time="2017-08-14 18:37:41Z" end-time="2017-08-14 18:37:41Z" duration="0.000113" asserts="1" />
            <test-case id="1238" name="TestWritesSingleCharacters(&quot;Before&quot;,&quot;=&gt; NUnitLite.Tests.TextUITests.MyFakeMethod\nABC+XYZ\n&quot;)" fullname="NUnitLite.Tests.TextUITests.TestWritesSingleCharacters(&quot;Before&quot;,&quot;=&gt; NUnitLite.Tests.TextUITests.MyFakeMethod\nABC+XYZ\n&quot;)" methodname="TestWritesSingleCharacters" classname="NUnitLite.Tests.TextUITests" runstate="Runnable" seed="1877610641" result="Passed" start-time="2017-08-14 18:37:41Z" end-time="2017-08-14 18:37:41Z" duration="0.000109" asserts="1" />
            <test-case id="1239" name="TestWritesSingleCharacters(&quot;After&quot;,&quot;=&gt; NUnitLite.Tests.TextUITests.MyFakeMethod\nABC+XYZ\nPassed =&gt; NUnitLite.Tests.TextUITests.MyFakeMethod\n&quot;)" fullname="NUnitLite.Tests.TextUITests.TestWritesSingleCharacters(&quot;After&quot;,&quot;=&gt; NUnitLite.Tests.TextUITests.MyFakeMethod\nABC+XYZ\nPassed =&gt; NUnitLite.Tests.TextUITests.MyFakeMethod\n&quot;)" methodname="TestWritesSingleCharacters" classname="NUnitLite.Tests.TextUITests" runstate="Runnable" seed="86135776" result="Passed" start-time="2017-08-14 18:37:41Z" end-time="2017-08-14 18:37:41Z" duration="0.000114" asserts="1" />
          </test-suite>
          <test-suite type="ParameterizedMethod" id="1290" name="TwoTests_InterleavedExecution" fullname="NUnitLite.Tests.TextUITests.TwoTests_InterleavedExecution" classname="NUnitLite.Tests.TextUITests" runstate="Runnable" testcasecount="5" result="Passed" start-time="2017-08-14 18:37:41Z" end-time="2017-08-14 18:37:41Z" duration="0.010015" total="5" passed="5" failed="0" warnings="0" inconclusive="0" skipped="0" asserts="5">
            <test-case id="1285" name="TwoTests_InterleavedExecution(&quot;Off&quot;,&quot;Immediate output from first test\nAnother immediate output from first test\nImmediate output from second test\nOUTPUT1\nOUTPUT2\n&quot;)" fullname="NUnitLite.Tests.TextUITests.TwoTests_InterleavedExecution(&quot;Off&quot;,&quot;Immediate output from first test\nAnother immediate output from first test\nImmediate output from second test\nOUTPUT1\nOUTPUT2\n&quot;)" methodname="TwoTests_InterleavedExecution" classname="NUnitLite.Tests.TextUITests" runstate="Runnable" seed="1982631374" result="Passed" start-time="2017-08-14 18:37:41Z" end-time="2017-08-14 18:37:41Z" duration="0.000905" asserts="1" />
            <test-case id="1286" name="TwoTests_InterleavedExecution(&quot;On&quot;,&quot;=&gt; NUnitLite.Tests.TextUITests.MyFakeMethod\nImmediate output from first test\nAnother immediate output from first test\n=&gt; NUnitLite.Tests.TextUITests.AnotherFakeMethod\nImmediate output from second test\n=&gt; NUnitLite.Tests.TextUITests.MyFakeMethod\nOUTPUT1\n=&gt; NUnitLite.Tests.TextUITests.AnotherFakeMethod\nOUTPUT2\n&quot;)" fullname="NUnitLite.Tests.TextUITests.TwoTests_InterleavedExecution(&quot;On&quot;,&quot;=&gt; NUnitLite.Tests.TextUITests.MyFakeMethod\nImmediate output from first test\nAnother immediate output from first test\n=&gt; NUnitLite.Tests.TextUITests.AnotherFakeMethod\nImmediate output from second test\n=&gt; NUnitLite.Tests.TextUITests.MyFakeMethod\nOUTPUT1\n=&gt; NUnitLite.Tests.TextUITests.AnotherFakeMethod\nOUTPUT2\n&quot;)" methodname="TwoTests_InterleavedExecution" classname="NUnitLite.Tests.TextUITests" runstate="Runnable" seed="1596426385" result="Passed" start-time="2017-08-14 18:37:41Z" end-time="2017-08-14 18:37:41Z" duration="0.000129" asserts="1" />
            <test-case id="1287" name="TwoTests_InterleavedExecution(&quot;All&quot;,&quot;=&gt; NUnitLite.Tests.TextUITests.MyFakeMethod\nImmediate output from first test\n=&gt; NUnitLite.Tests.TextUITests.AnotherFakeMethod\n=&gt; NUnitLite.Tests.TextUITests.MyFakeMethod\nAnother immediate output from first test\n=&gt; NUnitLite.Tests.TextUITests.AnotherFakeMethod\nImmediate output from second test\n=&gt; NUnitLite.Tests.TextUITests.MyFakeMethod\nOUTPUT1\n=&gt; NUnitLite.Tests.TextUITests.AnotherFakeMethod\nOUTPUT2\n&quot;)" fullname="NUnitLite.Tests.TextUITests.TwoTests_InterleavedExecution(&quot;All&quot;,&quot;=&gt; NUnitLite.Tests.TextUITests.MyFakeMethod\nImmediate output from first test\n=&gt; NUnitLite.Tests.TextUITests.AnotherFakeMethod\n=&gt; NUnitLite.Tests.TextUITests.MyFakeMethod\nAnother immediate output from first test\n=&gt; NUnitLite.Tests.TextUITests.AnotherFakeMethod\nImmediate output from second test\n=&gt; NUnitLite.Tests.TextUITests.MyFakeMethod\nOUTPUT1\n=&gt; NUnitLite.Tests.TextUITests.AnotherFakeMethod\nOUTPUT2\n&quot;)" methodname="TwoTests_InterleavedExecution" classname="NUnitLite.Tests.TextUITests" runstate="Runnable" seed="224403905" result="Passed" start-time="2017-08-14 18:37:41Z" end-time="2017-08-14 18:37:41Z" duration="0.000140" asserts="1" />
            <test-case id="1288" name="TwoTests_InterleavedExecution(&quot;Before&quot;,&quot;=&gt; NUnitLite.Tests.TextUITests.MyFakeMethod\nImmediate output from first test\n=&gt; NUnitLite.Tests.TextUITests.AnotherFakeMethod\n=&gt; NUnitLite.Tests.TextUITests.MyFakeMethod\nAnother immediate output from first test\n=&gt; NUnitLite.Tests.TextUITests.AnotherFakeMethod\nImmediate output from second test\n=&gt; NUnitLite.Tests.TextUITests.MyFakeMethod\nOUTPUT1\n=&gt; NUnitLite.Tests.TextUITests.AnotherFakeMethod\nOUTPUT2\n&quot;)" fullname="NUnitLite.Tests.TextUITests.TwoTests_InterleavedExecution(&quot;Before&quot;,&quot;=&gt; NUnitLite.Tests.TextUITests.MyFakeMethod\nImmediate output from first test\n=&gt; NUnitLite.Tests.TextUITests.AnotherFakeMethod\n=&gt; NUnitLite.Tests.TextUITests.MyFakeMethod\nAnother immediate output from first test\n=&gt; NUnitLite.Tests.TextUITests.AnotherFakeMethod\nImmediate output from second test\n=&gt; NUnitLite.Tests.TextUITests.MyFakeMethod\nOUTPUT1\n=&gt; NUnitLite.Tests.TextUITests.AnotherFakeMethod\nOUTPUT2\n&quot;)" methodname="TwoTests_InterleavedExecution" classname="NUnitLite.Tests.TextUITests" runstate="Runnable" seed="65124479" result="Passed" start-time="2017-08-14 18:37:41Z" end-time="2017-08-14 18:37:41Z" duration="0.000129" asserts="1" />
            <test-case id="1289" name="TwoTests_InterleavedExecution(&quot;After&quot;,&quot;=&gt; NUnitLite.Tests.TextUITests.MyFakeMethod\nImmediate output from first test\nAnother immediate output from first test\n=&gt; NUnitLite.Tests.TextUITests.AnotherFakeMethod\nImmediate output from second test\n=&gt; NUnitLite.Tests.TextUITests.MyFakeMethod\nOUTPUT1\nFailed =&gt; NUnitLite.Tests.TextUITests.MyFakeMethod\n=&gt; NUnitLite.Tests.TextUITests.AnotherFakeMethod\nOUTPUT2\nPassed =&gt; NUnitLite.Tests.TextUITests.AnotherFakeMethod\n&quot;)" fullname="NUnitLite.Tests.TextUITests.TwoTests_InterleavedExecution(&quot;After&quot;,&quot;=&gt; NUnitLite.Tests.TextUITests.MyFakeMethod\nImmediate output from first test\nAnother immediate output from first test\n=&gt; NUnitLite.Tests.TextUITests.AnotherFakeMethod\nImmediate output from second test\n=&gt; NUnitLite.Tests.TextUITests.MyFakeMethod\nOUTPUT1\nFailed =&gt; NUnitLite.Tests.TextUITests.MyFakeMethod\n=&gt; NUnitLite.Tests.TextUITests.AnotherFakeMethod\nOUTPUT2\nPassed =&gt; NUnitLite.Tests.TextUITests.AnotherFakeMethod\n&quot;)" methodname="TwoTests_InterleavedExecution" classname="NUnitLite.Tests.TextUITests" runstate="Runnable" seed="1188426057" result="Passed" start-time="2017-08-14 18:37:41Z" end-time="2017-08-14 18:37:41Z" duration="0.000146" asserts="1" />
          </test-suite>
          <test-suite type="ParameterizedMethod" id="1296" name="TwoTests_NestedExecution" fullname="NUnitLite.Tests.TextUITests.TwoTests_NestedExecution" classname="NUnitLite.Tests.TextUITests" runstate="Runnable" testcasecount="5" result="Passed" start-time="2017-08-14 18:37:41Z" end-time="2017-08-14 18:37:41Z" duration="0.010013" total="5" passed="5" failed="0" warnings="0" inconclusive="0" skipped="0" asserts="5">
            <test-case id="1291" name="TwoTests_NestedExecution(&quot;Off&quot;,&quot;Immediate output from first test\nAnother immediate output from first test\nImmediate output from second test\nOUTPUT2\nOUTPUT1\n&quot;)" fullname="NUnitLite.Tests.TextUITests.TwoTests_NestedExecution(&quot;Off&quot;,&quot;Immediate output from first test\nAnother immediate output from first test\nImmediate output from second test\nOUTPUT2\nOUTPUT1\n&quot;)" methodname="TwoTests_NestedExecution" classname="NUnitLite.Tests.TextUITests" runstate="Runnable" seed="767313803" result="Passed" start-time="2017-08-14 18:37:41Z" end-time="2017-08-14 18:37:41Z" duration="0.000890" asserts="1" />
            <test-case id="1292" name="TwoTests_NestedExecution(&quot;On&quot;,&quot;=&gt; NUnitLite.Tests.TextUITests.MyFakeMethod\nImmediate output from first test\nAnother immediate output from first test\n=&gt; NUnitLite.Tests.TextUITests.AnotherFakeMethod\nImmediate output from second test\nOUTPUT2\n=&gt; NUnitLite.Tests.TextUITests.MyFakeMethod\nOUTPUT1\n&quot;)" fullname="NUnitLite.Tests.TextUITests.TwoTests_NestedExecution(&quot;On&quot;,&quot;=&gt; NUnitLite.Tests.TextUITests.MyFakeMethod\nImmediate output from first test\nAnother immediate output from first test\n=&gt; NUnitLite.Tests.TextUITests.AnotherFakeMethod\nImmediate output from second test\nOUTPUT2\n=&gt; NUnitLite.Tests.TextUITests.MyFakeMethod\nOUTPUT1\n&quot;)" methodname="TwoTests_NestedExecution" classname="NUnitLite.Tests.TextUITests" runstate="Runnable" seed="1558477420" result="Passed" start-time="2017-08-14 18:37:41Z" end-time="2017-08-14 18:37:41Z" duration="0.000175" asserts="1" />
            <test-case id="1293" name="TwoTests_NestedExecution(&quot;All&quot;,&quot;=&gt; NUnitLite.Tests.TextUITests.MyFakeMethod\nImmediate output from first test\n=&gt; NUnitLite.Tests.TextUITests.AnotherFakeMethod\n=&gt; NUnitLite.Tests.TextUITests.MyFakeMethod\nAnother immediate output from first test\n=&gt; NUnitLite.Tests.TextUITests.AnotherFakeMethod\nImmediate output from second test\nOUTPUT2\n=&gt; NUnitLite.Tests.TextUITests.MyFakeMethod\nOUTPUT1\n&quot;)" fullname="NUnitLite.Tests.TextUITests.TwoTests_NestedExecution(&quot;All&quot;,&quot;=&gt; NUnitLite.Tests.TextUITests.MyFakeMethod\nImmediate output from first test\n=&gt; NUnitLite.Tests.TextUITests.AnotherFakeMethod\n=&gt; NUnitLite.Tests.TextUITests.MyFakeMethod\nAnother immediate output from first test\n=&gt; NUnitLite.Tests.TextUITests.AnotherFakeMethod\nImmediate output from second test\nOUTPUT2\n=&gt; NUnitLite.Tests.TextUITests.MyFakeMethod\nOUTPUT1\n&quot;)" methodname="TwoTests_NestedExecution" classname="NUnitLite.Tests.TextUITests" runstate="Runnable" seed="549117607" result="Passed" start-time="2017-08-14 18:37:41Z" end-time="2017-08-14 18:37:41Z" duration="0.000129" asserts="1" />
            <test-case id="1294" name="TwoTests_NestedExecution(&quot;Before&quot;,&quot;=&gt; NUnitLite.Tests.TextUITests.MyFakeMethod\nImmediate output from first test\n=&gt; NUnitLite.Tests.TextUITests.AnotherFakeMethod\n=&gt; NUnitLite.Tests.TextUITests.MyFakeMethod\nAnother immediate output from first test\n=&gt; NUnitLite.Tests.TextUITests.AnotherFakeMethod\nImmediate output from second test\nOUTPUT2\n=&gt; NUnitLite.Tests.TextUITests.MyFakeMethod\nOUTPUT1\n&quot;)" fullname="NUnitLite.Tests.TextUITests.TwoTests_NestedExecution(&quot;Before&quot;,&quot;=&gt; NUnitLite.Tests.TextUITests.MyFakeMethod\nImmediate output from first test\n=&gt; NUnitLite.Tests.TextUITests.AnotherFakeMethod\n=&gt; NUnitLite.Tests.TextUITests.MyFakeMethod\nAnother immediate output from first test\n=&gt; NUnitLite.Tests.TextUITests.AnotherFakeMethod\nImmediate output from second test\nOUTPUT2\n=&gt; NUnitLite.Tests.TextUITests.MyFakeMethod\nOUTPUT1\n&quot;)" methodname="TwoTests_NestedExecution" classname="NUnitLite.Tests.TextUITests" runstate="Runnable" seed="1680408617" result="Passed" start-time="2017-08-14 18:37:41Z" end-time="2017-08-14 18:37:41Z" duration="0.000132" asserts="1" />
            <test-case id="1295" name="TwoTests_NestedExecution(&quot;After&quot;,&quot;=&gt; NUnitLite.Tests.TextUITests.MyFakeMethod\nImmediate output from first test\nAnother immediate output from first test\n=&gt; NUnitLite.Tests.TextUITests.AnotherFakeMethod\nImmediate output from second test\nOUTPUT2\nPassed =&gt; NUnitLite.Tests.TextUITests.AnotherFakeMethod\n=&gt; NUnitLite.Tests.TextUITests.MyFakeMethod\nOUTPUT1\nFailed =&gt; NUnitLite.Tests.TextUITests.MyFakeMethod\n&quot;)" fullname="NUnitLite.Tests.TextUITests.TwoTests_NestedExecution(&quot;After&quot;,&quot;=&gt; NUnitLite.Tests.TextUITests.MyFakeMethod\nImmediate output from first test\nAnother immediate output from first test\n=&gt; NUnitLite.Tests.TextUITests.AnotherFakeMethod\nImmediate output from second test\nOUTPUT2\nPassed =&gt; NUnitLite.Tests.TextUITests.AnotherFakeMethod\n=&gt; NUnitLite.Tests.TextUITests.MyFakeMethod\nOUTPUT1\nFailed =&gt; NUnitLite.Tests.TextUITests.MyFakeMethod\n&quot;)" methodname="TwoTests_NestedExecution" classname="NUnitLite.Tests.TextUITests" runstate="Runnable" seed="1757971515" result="Passed" start-time="2017-08-14 18:37:41Z" end-time="2017-08-14 18:37:41Z" duration="0.000154" asserts="1" />
          </test-suite>
          <test-suite type="ParameterizedMethod" id="1284" name="TwoTests_SequentialExecution" fullname="NUnitLite.Tests.TextUITests.TwoTests_SequentialExecution" classname="NUnitLite.Tests.TextUITests" runstate="Runnable" testcasecount="5" result="Passed" start-time="2017-08-14 18:37:41Z" end-time="2017-08-14 18:37:41Z" duration="0.010007" total="5" passed="5" failed="0" warnings="0" inconclusive="0" skipped="0" asserts="5">
            <test-case id="1279" name="TwoTests_SequentialExecution(&quot;Off&quot;,&quot;OUTPUT1\nOUTPUT2\n&quot;)" fullname="NUnitLite.Tests.TextUITests.TwoTests_SequentialExecution(&quot;Off&quot;,&quot;OUTPUT1\nOUTPUT2\n&quot;)" methodname="TwoTests_SequentialExecution" classname="NUnitLite.Tests.TextUITests" runstate="Runnable" seed="1739414726" result="Passed" start-time="2017-08-14 18:37:41Z" end-time="2017-08-14 18:37:41Z" duration="0.000661" asserts="1" />
            <test-case id="1280" name="TwoTests_SequentialExecution(&quot;On&quot;,&quot;=&gt; NUnitLite.Tests.TextUITests.MyFakeMethod\nOUTPUT1\n=&gt; NUnitLite.Tests.TextUITests.AnotherFakeMethod\nOUTPUT2\n&quot;)" fullname="NUnitLite.Tests.TextUITests.TwoTests_SequentialExecution(&quot;On&quot;,&quot;=&gt; NUnitLite.Tests.TextUITests.MyFakeMethod\nOUTPUT1\n=&gt; NUnitLite.Tests.TextUITests.AnotherFakeMethod\nOUTPUT2\n&quot;)" methodname="TwoTests_SequentialExecution" classname="NUnitLite.Tests.TextUITests" runstate="Runnable" seed="1962829708" result="Passed" start-time="2017-08-14 18:37:41Z" end-time="2017-08-14 18:37:41Z" duration="0.000125" asserts="1" />
            <test-case id="1281" name="TwoTests_SequentialExecution(&quot;All&quot;,&quot;=&gt; NUnitLite.Tests.TextUITests.MyFakeMethod\nOUTPUT1\n=&gt; NUnitLite.Tests.TextUITests.AnotherFakeMethod\nOUTPUT2\n&quot;)" fullname="NUnitLite.Tests.TextUITests.TwoTests_SequentialExecution(&quot;All&quot;,&quot;=&gt; NUnitLite.Tests.TextUITests.MyFakeMethod\nOUTPUT1\n=&gt; NUnitLite.Tests.TextUITests.AnotherFakeMethod\nOUTPUT2\n&quot;)" methodname="TwoTests_SequentialExecution" classname="NUnitLite.Tests.TextUITests" runstate="Runnable" seed="505936801" result="Passed" start-time="2017-08-14 18:37:41Z" end-time="2017-08-14 18:37:41Z" duration="0.000119" asserts="1" />
            <test-case id="1282" name="TwoTests_SequentialExecution(&quot;Before&quot;,&quot;=&gt; NUnitLite.Tests.TextUITests.MyFakeMethod\nOUTPUT1\n=&gt; NUnitLite.Tests.TextUITests.AnotherFakeMethod\nOUTPUT2\n&quot;)" fullname="NUnitLite.Tests.TextUITests.TwoTests_SequentialExecution(&quot;Before&quot;,&quot;=&gt; NUnitLite.Tests.TextUITests.MyFakeMethod\nOUTPUT1\n=&gt; NUnitLite.Tests.TextUITests.AnotherFakeMethod\nOUTPUT2\n&quot;)" methodname="TwoTests_SequentialExecution" classname="NUnitLite.Tests.TextUITests" runstate="Runnable" seed="926677571" result="Passed" start-time="2017-08-14 18:37:41Z" end-time="2017-08-14 18:37:41Z" duration="0.000117" asserts="1" />
            <test-case id="1283" name="TwoTests_SequentialExecution(&quot;After&quot;,&quot;=&gt; NUnitLite.Tests.TextUITests.MyFakeMethod\nOUTPUT1\nFailed =&gt; NUnitLite.Tests.TextUITests.MyFakeMethod\n=&gt; NUnitLite.Tests.TextUITests.AnotherFakeMethod\nOUTPUT2\nPassed =&gt; NUnitLite.Tests.TextUITests.AnotherFakeMethod\n&quot;)" fullname="NUnitLite.Tests.TextUITests.TwoTests_SequentialExecution(&quot;After&quot;,&quot;=&gt; NUnitLite.Tests.TextUITests.MyFakeMethod\nOUTPUT1\nFailed =&gt; NUnitLite.Tests.TextUITests.MyFakeMethod\n=&gt; NUnitLite.Tests.TextUITests.AnotherFakeMethod\nOUTPUT2\nPassed =&gt; NUnitLite.Tests.TextUITests.AnotherFakeMethod\n&quot;)" methodname="TwoTests_SequentialExecution" classname="NUnitLite.Tests.TextUITests" runstate="Runnable" seed="1016686473" result="Passed" start-time="2017-08-14 18:37:41Z" end-time="2017-08-14 18:37:41Z" duration="0.000112" asserts="1" />
          </test-suite>
        </test-suite>
        <test-suite type="TestFixture" id="1000" name="CommandLineTests" fullname="NUnitLite.Tests.CommandLineTests" classname="NUnitLite.Tests.CommandLineTests" runstate="Runnable" testcasecount="108" result="Passed" start-time="2017-08-14 18:37:41Z" end-time="2017-08-14 18:37:41Z" duration="0.297038" total="108" passed="108" failed="0" warnings="0" inconclusive="0" skipped="0" asserts="287">
          <test-case id="1081" name="AssemblyIsInvalidByDefault" fullname="NUnitLite.Tests.CommandLineTests.AssemblyIsInvalidByDefault" methodname="AssemblyIsInvalidByDefault" classname="NUnitLite.Tests.CommandLineTests" runstate="Runnable" seed="728101182" result="Passed" start-time="2017-08-14 18:37:41Z" end-time="2017-08-14 18:37:41Z" duration="0.004495" asserts="3" />
          <test-case id="1083" name="AssemblyIsValidIfAllowed" fullname="NUnitLite.Tests.CommandLineTests.AssemblyIsValidIfAllowed" methodname="AssemblyIsValidIfAllowed" classname="NUnitLite.Tests.CommandLineTests" runstate="Runnable" seed="202215138" result="Passed" start-time="2017-08-14 18:37:41Z" end-time="2017-08-14 18:37:41Z" duration="0.000620" asserts="2" />
          <test-suite type="ParameterizedMethod" id="1059" name="CanRecognizeBooleanOptions" fullname="NUnitLite.Tests.CommandLineTests.CanRecognizeBooleanOptions" classname="NUnitLite.Tests.CommandLineTests" runstate="Runnable" testcasecount="6" result="Passed" start-time="2017-08-14 18:37:41Z" end-time="2017-08-14 18:37:41Z" duration="0.018168" total="6" passed="6" failed="0" warnings="0" inconclusive="0" skipped="0" asserts="30">
            <test-case id="1053" name="CanRecognizeBooleanOptions(&quot;ShowHelp&quot;,&quot;help|h&quot;)" fullname="NUnitLite.Tests.CommandLineTests.CanRecognizeBooleanOptions(&quot;ShowHelp&quot;,&quot;help|h&quot;)" methodname="CanRecognizeBooleanOptions" classname="NUnitLite.Tests.CommandLineTests" runstate="Runnable" seed="711514857" result="Passed" start-time="2017-08-14 18:37:41Z" end-time="2017-08-14 18:37:41Z" duration="0.004040" asserts="6">
              <output><![CDATA[Testing ShowHelp
]]></output>
            </test-case>
            <test-case id="1054" name="CanRecognizeBooleanOptions(&quot;ShowVersion&quot;,&quot;version|V&quot;)" fullname="NUnitLite.Tests.CommandLineTests.CanRecognizeBooleanOptions(&quot;ShowVersion&quot;,&quot;version|V&quot;)" methodname="CanRecognizeBooleanOptions" classname="NUnitLite.Tests.CommandLineTests" runstate="Runnable" seed="1519010753" result="Passed" start-time="2017-08-14 18:37:41Z" end-time="2017-08-14 18:37:41Z" duration="0.000582" asserts="6">
              <output><![CDATA[Testing ShowVersion
]]></output>
            </test-case>
            <test-case id="1055" name="CanRecognizeBooleanOptions(&quot;StopOnError&quot;,&quot;stoponerror&quot;)" fullname="NUnitLite.Tests.CommandLineTests.CanRecognizeBooleanOptions(&quot;StopOnError&quot;,&quot;stoponerror&quot;)" methodname="CanRecognizeBooleanOptions" classname="NUnitLite.Tests.CommandLineTests" runstate="Runnable" seed="1899588083" result="Passed" start-time="2017-08-14 18:37:41Z" end-time="2017-08-14 18:37:41Z" duration="0.000344" asserts="4">
              <output><![CDATA[Testing StopOnError
]]></output>
            </test-case>
            <test-case id="1056" name="CanRecognizeBooleanOptions(&quot;WaitBeforeExit&quot;,&quot;wait&quot;)" fullname="NUnitLite.Tests.CommandLineTests.CanRecognizeBooleanOptions(&quot;WaitBeforeExit&quot;,&quot;wait&quot;)" methodname="CanRecognizeBooleanOptions" classname="NUnitLite.Tests.CommandLineTests" runstate="Runnable" seed="1223807687" result="Passed" start-time="2017-08-14 18:37:41Z" end-time="2017-08-14 18:37:41Z" duration="0.000409" asserts="4">
              <output><![CDATA[Testing WaitBeforeExit
]]></output>
            </test-case>
            <test-case id="1057" name="CanRecognizeBooleanOptions(&quot;NoHeader&quot;,&quot;noheader|noh&quot;)" fullname="NUnitLite.Tests.CommandLineTests.CanRecognizeBooleanOptions(&quot;NoHeader&quot;,&quot;noheader|noh&quot;)" methodname="CanRecognizeBooleanOptions" classname="NUnitLite.Tests.CommandLineTests" runstate="Runnable" seed="2080246437" result="Passed" start-time="2017-08-14 18:37:41Z" end-time="2017-08-14 18:37:41Z" duration="0.001451" asserts="6">
              <output><![CDATA[Testing NoHeader
]]></output>
            </test-case>
            <test-case id="1058" name="CanRecognizeBooleanOptions(&quot;TeamCity&quot;,&quot;teamcity&quot;)" fullname="NUnitLite.Tests.CommandLineTests.CanRecognizeBooleanOptions(&quot;TeamCity&quot;,&quot;teamcity&quot;)" methodname="CanRecognizeBooleanOptions" classname="NUnitLite.Tests.CommandLineTests" runstate="Runnable" seed="1568299626" result="Passed" start-time="2017-08-14 18:37:41Z" end-time="2017-08-14 18:37:41Z" duration="0.000357" asserts="4">
              <output><![CDATA[Testing TeamCity
]]></output>
            </test-case>
          </test-suite>
          <test-suite type="ParameterizedMethod" id="1073" name="CanRecognizeIntOptions" fullname="NUnitLite.Tests.CommandLineTests.CanRecognizeIntOptions" classname="NUnitLite.Tests.CommandLineTests" runstate="Runnable" testcasecount="3" result="Passed" start-time="2017-08-14 18:37:41Z" end-time="2017-08-14 18:37:41Z" duration="0.010348" total="3" passed="3" failed="0" warnings="0" inconclusive="0" skipped="0" asserts="9">
            <test-case id="1070" name="CanRecognizeIntOptions(&quot;DefaultTimeout&quot;,&quot;timeout&quot;)" fullname="NUnitLite.Tests.CommandLineTests.CanRecognizeIntOptions(&quot;DefaultTimeout&quot;,&quot;timeout&quot;)" methodname="CanRecognizeIntOptions" classname="NUnitLite.Tests.CommandLineTests" runstate="Runnable" seed="2131772840" result="Passed" start-time="2017-08-14 18:37:41Z" end-time="2017-08-14 18:37:41Z" duration="0.002768" asserts="3" />
            <test-case id="1071" name="CanRecognizeIntOptions(&quot;RandomSeed&quot;,&quot;seed&quot;)" fullname="NUnitLite.Tests.CommandLineTests.CanRecognizeIntOptions(&quot;RandomSeed&quot;,&quot;seed&quot;)" methodname="CanRecognizeIntOptions" classname="NUnitLite.Tests.CommandLineTests" runstate="Runnable" seed="1700787267" result="Passed" start-time="2017-08-14 18:37:41Z" end-time="2017-08-14 18:37:41Z" duration="0.000340" asserts="3" />
            <test-case id="1072" name="CanRecognizeIntOptions(&quot;NumberOfTestWorkers&quot;,&quot;workers&quot;)" fullname="NUnitLite.Tests.CommandLineTests.CanRecognizeIntOptions(&quot;NumberOfTestWorkers&quot;,&quot;workers&quot;)" methodname="CanRecognizeIntOptions" classname="NUnitLite.Tests.CommandLineTests" runstate="Runnable" seed="627125017" result="Passed" start-time="2017-08-14 18:37:41Z" end-time="2017-08-14 18:37:41Z" duration="0.000297" asserts="3" />
          </test-suite>
          <test-suite type="ParameterizedMethod" id="1069" name="CanRecognizeLowerCaseOptionValues" fullname="NUnitLite.Tests.CommandLineTests.CanRecognizeLowerCaseOptionValues" classname="NUnitLite.Tests.CommandLineTests" runstate="Runnable" testcasecount="2" result="Passed" start-time="2017-08-14 18:37:41Z" end-time="2017-08-14 18:37:41Z" duration="0.006015" total="2" passed="2" failed="0" warnings="0" inconclusive="0" skipped="0" asserts="22">
            <test-case id="1067" name="CanRecognizeLowerCaseOptionValues(&quot;DisplayTestLabels&quot;,&quot;labels&quot;,System.String[])" fullname="NUnitLite.Tests.CommandLineTests.CanRecognizeLowerCaseOptionValues(&quot;DisplayTestLabels&quot;,&quot;labels&quot;,System.String[])" methodname="CanRecognizeLowerCaseOptionValues" classname="NUnitLite.Tests.CommandLineTests" runstate="Runnable" seed="1187614475" result="Passed" start-time="2017-08-14 18:37:41Z" end-time="2017-08-14 18:37:41Z" duration="0.002200" asserts="8" />
            <test-case id="1068" name="CanRecognizeLowerCaseOptionValues(&quot;InternalTraceLevel&quot;,&quot;trace&quot;,System.String[])" fullname="NUnitLite.Tests.CommandLineTests.CanRecognizeLowerCaseOptionValues(&quot;InternalTraceLevel&quot;,&quot;trace&quot;,System.String[])" methodname="CanRecognizeLowerCaseOptionValues" classname="NUnitLite.Tests.CommandLineTests" runstate="Runnable" seed="2091012048" result="Passed" start-time="2017-08-14 18:37:41Z" end-time="2017-08-14 18:37:41Z" duration="0.000741" asserts="14" />
          </test-suite>
          <test-suite type="ParameterizedMethod" id="1066" name="CanRecognizeStringOptions" fullname="NUnitLite.Tests.CommandLineTests.CanRecognizeStringOptions" classname="NUnitLite.Tests.CommandLineTests" runstate="Runnable" testcasecount="6" result="Passed" start-time="2017-08-14 18:37:41Z" end-time="2017-08-14 18:37:41Z" duration="0.015988" total="6" passed="6" failed="0" warnings="0" inconclusive="0" skipped="0" asserts="46">
            <test-case id="1060" name="CanRecognizeStringOptions(&quot;WhereClause&quot;,&quot;where&quot;,System.String[],System.String[])" fullname="NUnitLite.Tests.CommandLineTests.CanRecognizeStringOptions(&quot;WhereClause&quot;,&quot;where&quot;,System.String[],System.String[])" methodname="CanRecognizeStringOptions" classname="NUnitLite.Tests.CommandLineTests" runstate="Runnable" seed="2117018939" result="Passed" start-time="2017-08-14 18:37:41Z" end-time="2017-08-14 18:37:41Z" duration="0.001678" asserts="4" />
            <test-case id="1061" name="CanRecognizeStringOptions(&quot;DisplayTestLabels&quot;,&quot;labels&quot;,System.String[],System.String[])" fullname="NUnitLite.Tests.CommandLineTests.CanRecognizeStringOptions(&quot;DisplayTestLabels&quot;,&quot;labels&quot;,System.String[],System.String[])" methodname="CanRecognizeStringOptions" classname="NUnitLite.Tests.CommandLineTests" runstate="Runnable" seed="866504603" result="Passed" start-time="2017-08-14 18:37:41Z" end-time="2017-08-14 18:37:41Z" duration="0.000419" asserts="13" />
            <test-case id="1062" name="CanRecognizeStringOptions(&quot;OutFile&quot;,&quot;output|out&quot;,System.String[],System.String[])" fullname="NUnitLite.Tests.CommandLineTests.CanRecognizeStringOptions(&quot;OutFile&quot;,&quot;output|out&quot;,System.String[],System.String[])" methodname="CanRecognizeStringOptions" classname="NUnitLite.Tests.CommandLineTests" runstate="Runnable" seed="176457238" result="Passed" start-time="2017-08-14 18:37:41Z" end-time="2017-08-14 18:37:41Z" duration="0.000491" asserts="6" />
            <test-case id="1063" name="CanRecognizeStringOptions(&quot;ErrFile&quot;,&quot;err&quot;,System.String[],System.String[])" fullname="NUnitLite.Tests.CommandLineTests.CanRecognizeStringOptions(&quot;ErrFile&quot;,&quot;err&quot;,System.String[],System.String[])" methodname="CanRecognizeStringOptions" classname="NUnitLite.Tests.CommandLineTests" runstate="Runnable" seed="1257049146" result="Passed" start-time="2017-08-14 18:37:41Z" end-time="2017-08-14 18:37:41Z" duration="0.000363" asserts="4" />
            <test-case id="1064" name="CanRecognizeStringOptions(&quot;WorkDirectory&quot;,&quot;work&quot;,System.String[],System.String[])" fullname="NUnitLite.Tests.CommandLineTests.CanRecognizeStringOptions(&quot;WorkDirectory&quot;,&quot;work&quot;,System.String[],System.String[])" methodname="CanRecognizeStringOptions" classname="NUnitLite.Tests.CommandLineTests" runstate="Runnable" seed="1982916213" result="Passed" start-time="2017-08-14 18:37:41Z" end-time="2017-08-14 18:37:41Z" duration="0.000311" asserts="4" />
            <test-case id="1065" name="CanRecognizeStringOptions(&quot;InternalTraceLevel&quot;,&quot;trace&quot;,System.String[],System.String[])" fullname="NUnitLite.Tests.CommandLineTests.CanRecognizeStringOptions(&quot;InternalTraceLevel&quot;,&quot;trace&quot;,System.String[],System.String[])" methodname="CanRecognizeStringOptions" classname="NUnitLite.Tests.CommandLineTests" runstate="Runnable" seed="989021597" result="Passed" start-time="2017-08-14 18:37:41Z" end-time="2017-08-14 18:37:41Z" duration="0.003647" asserts="15" />
          </test-suite>
          <test-case id="1097" name="DefaultResultSpecification" fullname="NUnitLite.Tests.CommandLineTests.DefaultResultSpecification" methodname="DefaultResultSpecification" classname="NUnitLite.Tests.CommandLineTests" runstate="Runnable" seed="507468783" result="Passed" start-time="2017-08-14 18:37:41Z" end-time="2017-08-14 18:37:41Z" duration="0.000808" asserts="4" />
          <test-case id="1117" name="DisplayTestParameters" fullname="NUnitLite.Tests.CommandLineTests.DisplayTestParameters" methodname="DisplayTestParameters" classname="NUnitLite.Tests.CommandLineTests" runstate="Runnable" seed="103159585" result="Passed" start-time="2017-08-14 18:37:41Z" end-time="2017-08-14 18:37:41Z" duration="0.000691" asserts="0">
            <output><![CDATA[No Test Parameters were passed
]]></output>
          </test-case>
          <test-case id="1101" name="ExploreOptionWithFilePath" fullname="NUnitLite.Tests.CommandLineTests.ExploreOptionWithFilePath" methodname="ExploreOptionWithFilePath" classname="NUnitLite.Tests.CommandLineTests" runstate="Runnable" seed="1887571615" result="Passed" start-time="2017-08-14 18:37:41Z" end-time="2017-08-14 18:37:41Z" duration="0.000699" asserts="5" />
          <test-case id="1102" name="ExploreOptionWithFilePathAndFormat" fullname="NUnitLite.Tests.CommandLineTests.ExploreOptionWithFilePathAndFormat" methodname="ExploreOptionWithFilePathAndFormat" classname="NUnitLite.Tests.CommandLineTests" runstate="Runnable" seed="1042966938" result="Passed" start-time="2017-08-14 18:37:41Z" end-time="2017-08-14 18:37:41Z" duration="0.000542" asserts="5" />
          <test-case id="1103" name="ExploreOptionWithFilePathAndTransform" fullname="NUnitLite.Tests.CommandLineTests.ExploreOptionWithFilePathAndTransform" methodname="ExploreOptionWithFilePathAndTransform" classname="NUnitLite.Tests.CommandLineTests" runstate="Runnable" seed="2067482187" result="Passed" start-time="2017-08-14 18:37:41Z" end-time="2017-08-14 18:37:41Z" duration="0.000496" asserts="5" />
          <test-case id="1104" name="ExploreOptionWithFilePathUsingEqualSign" fullname="NUnitLite.Tests.CommandLineTests.ExploreOptionWithFilePathUsingEqualSign" methodname="ExploreOptionWithFilePathUsingEqualSign" classname="NUnitLite.Tests.CommandLineTests" runstate="Runnable" seed="633740380" result="Passed" start-time="2017-08-14 18:37:41Z" end-time="2017-08-14 18:37:41Z" duration="0.000406" asserts="3" />
          <test-case id="1100" name="ExploreOptionWithoutPath" fullname="NUnitLite.Tests.CommandLineTests.ExploreOptionWithoutPath" methodname="ExploreOptionWithoutPath" classname="NUnitLite.Tests.CommandLineTests" runstate="Runnable" seed="661700269" result="Passed" start-time="2017-08-14 18:37:41Z" end-time="2017-08-14 18:37:41Z" duration="0.000374" asserts="2" />
          <test-case id="1091" name="FileNameWithoutResultOptionLooksLikeParameter" fullname="NUnitLite.Tests.CommandLineTests.FileNameWithoutResultOptionLooksLikeParameter" methodname="FileNameWithoutResultOptionLooksLikeParameter" classname="NUnitLite.Tests.CommandLineTests" runstate="Runnable" seed="1506752888" result="Passed" start-time="2017-08-14 18:37:41Z" end-time="2017-08-14 18:37:41Z" duration="0.000480" asserts="3" />
          <test-suite type="ParameterizedMethod" id="1024" name="GetArgsFromCommandLine" fullname="NUnitLite.Tests.CommandLineTests.GetArgsFromCommandLine" classname="NUnitLite.Tests.CommandLineTests" runstate="Runnable" testcasecount="23" result="Passed" start-time="2017-08-14 18:37:41Z" end-time="2017-08-14 18:37:41Z" duration="0.052016" total="23" passed="23" failed="0" warnings="0" inconclusive="0" skipped="0" asserts="23">
            <test-case id="1001" name="GetArgsFromCommandLine(&quot;--arg&quot;,&quot;--arg&quot;)" fullname="NUnitLite.Tests.CommandLineTests.GetArgsFromCommandLine(&quot;--arg&quot;,&quot;--arg&quot;)" methodname="GetArgsFromCommandLine" classname="NUnitLite.Tests.CommandLineTests" runstate="Runnable" seed="2047718275" result="Passed" start-time="2017-08-14 18:37:41Z" end-time="2017-08-14 18:37:41Z" duration="0.006136" asserts="1" />
            <test-case id="1002" name="GetArgsFromCommandLine(&quot;--ArG&quot;,&quot;--ArG&quot;)" fullname="NUnitLite.Tests.CommandLineTests.GetArgsFromCommandLine(&quot;--ArG&quot;,&quot;--ArG&quot;)" methodname="GetArgsFromCommandLine" classname="NUnitLite.Tests.CommandLineTests" runstate="Runnable" seed="1199523402" result="Passed" start-time="2017-08-14 18:37:41Z" end-time="2017-08-14 18:37:41Z" duration="0.000131" asserts="1" />
            <test-case id="1003" name="GetArgsFromCommandLine(&quot;--arg1 --arg2&quot;,&quot;--arg1&quot;,&quot;--arg2&quot;)" fullname="NUnitLite.Tests.CommandLineTests.GetArgsFromCommandLine(&quot;--arg1 --arg2&quot;,&quot;--arg1&quot;,&quot;--arg2&quot;)" methodname="GetArgsFromCommandLine" classname="NUnitLite.Tests.CommandLineTests" runstate="Runnable" seed="1432458856" result="Passed" start-time="2017-08-14 18:37:41Z" end-time="2017-08-14 18:37:41Z" duration="0.000111" asserts="1" />
            <test-case id="1004" name="GetArgsFromCommandLine(&quot;--arg1 data --arg2&quot;,&quot;--arg1&quot;,&quot;data&quot;,&quot;--arg2&quot;)" fullname="NUnitLite.Tests.CommandLineTests.GetArgsFromCommandLine(&quot;--arg1 data --arg2&quot;,&quot;--arg1&quot;,&quot;data&quot;,&quot;--arg2&quot;)" methodname="GetArgsFromCommandLine" classname="NUnitLite.Tests.CommandLineTests" runstate="Runnable" seed="1135710785" result="Passed" start-time="2017-08-14 18:37:41Z" end-time="2017-08-14 18:37:41Z" duration="0.000115" asserts="1" />
            <test-case id="1005" name="GetArgsFromCommandLine(&quot;&quot;)" fullname="NUnitLite.Tests.CommandLineTests.GetArgsFromCommandLine(&quot;&quot;)" methodname="GetArgsFromCommandLine" classname="NUnitLite.Tests.CommandLineTests" runstate="Runnable" seed="805152551" result="Passed" start-time="2017-08-14 18:37:41Z" end-time="2017-08-14 18:37:41Z" duration="0.000121" asserts="1" />
            <test-case id="1006" name="GetArgsFromCommandLine(&quot;   &quot;)" fullname="NUnitLite.Tests.CommandLineTests.GetArgsFromCommandLine(&quot;   &quot;)" methodname="GetArgsFromCommandLine" classname="NUnitLite.Tests.CommandLineTests" runstate="Runnable" seed="95283453" result="Passed" start-time="2017-08-14 18:37:41Z" end-time="2017-08-14 18:37:41Z" duration="0.000134" asserts="1" />
            <test-case id="1007" name="GetArgsFromCommandLine(&quot;\&quot;--arg 1\&quot; --arg2&quot;,&quot;--arg 1&quot;,&quot;--arg2&quot;)" fullname="NUnitLite.Tests.CommandLineTests.GetArgsFromCommandLine(&quot;\&quot;--arg 1\&quot; --arg2&quot;,&quot;--arg 1&quot;,&quot;--arg2&quot;)" methodname="GetArgsFromCommandLine" classname="NUnitLite.Tests.CommandLineTests" runstate="Runnable" seed="828374805" result="Passed" start-time="2017-08-14 18:37:41Z" end-time="2017-08-14 18:37:41Z" duration="0.000129" asserts="1" />
            <test-case id="1008" name="GetArgsFromCommandLine(&quot;--arg1 \&quot;--arg 2\&quot;&quot;,&quot;--arg1&quot;,&quot;--arg 2&quot;)" fullname="NUnitLite.Tests.CommandLineTests.GetArgsFromCommandLine(&quot;--arg1 \&quot;--arg 2\&quot;&quot;,&quot;--arg1&quot;,&quot;--arg 2&quot;)" methodname="GetArgsFromCommandLine" classname="NUnitLite.Tests.CommandLineTests" runstate="Runnable" seed="660359063" result="Passed" start-time="2017-08-14 18:37:41Z" end-time="2017-08-14 18:37:41Z" duration="0.000209" asserts="1" />
            <test-case id="1009" name="GetArgsFromCommandLine(&quot;\&quot;--arg 1\&quot; \&quot;--arg 2\&quot;&quot;,&quot;--arg 1&quot;,&quot;--arg 2&quot;)" fullname="NUnitLite.Tests.CommandLineTests.GetArgsFromCommandLine(&quot;\&quot;--arg 1\&quot; \&quot;--arg 2\&quot;&quot;,&quot;--arg 1&quot;,&quot;--arg 2&quot;)" methodname="GetArgsFromCommandLine" classname="NUnitLite.Tests.CommandLineTests" runstate="Runnable" seed="1051639705" result="Passed" start-time="2017-08-14 18:37:41Z" end-time="2017-08-14 18:37:41Z" duration="0.000116" asserts="1" />
            <test-case id="1010" name="GetArgsFromCommandLine(&quot;\&quot;--arg 1\&quot; \&quot;--arg 2\&quot; arg3 \&quot;arg 4\&quot;&quot;,&quot;--arg 1&quot;,&quot;--arg 2&quot;,&quot;arg3&quot;,&quot;arg 4&quot;)" fullname="NUnitLite.Tests.CommandLineTests.GetArgsFromCommandLine(&quot;\&quot;--arg 1\&quot; \&quot;--arg 2\&quot; arg3 \&quot;arg 4\&quot;&quot;,&quot;--arg 1&quot;,&quot;--arg 2&quot;,&quot;arg3&quot;,&quot;arg 4&quot;)" methodname="GetArgsFromCommandLine" classname="NUnitLite.Tests.CommandLineTests" runstate="Runnable" seed="354609683" result="Passed" start-time="2017-08-14 18:37:41Z" end-time="2017-08-14 18:37:41Z" duration="0.000119" asserts="1" />
            <test-case id="1011" name="GetArgsFromCommandLine(&quot;--arg1 \&quot;--arg 2\&quot; arg3 \&quot;arg 4\&quot;&quot;,&quot;--arg1&quot;,&quot;--arg 2&quot;,&quot;arg3&quot;,&quot;arg 4&quot;)" fullname="NUnitLite.Tests.CommandLineTests.GetArgsFromCommandLine(&quot;--arg1 \&quot;--arg 2\&quot; arg3 \&quot;arg 4\&quot;&quot;,&quot;--arg1&quot;,&quot;--arg 2&quot;,&quot;arg3&quot;,&quot;arg 4&quot;)" methodname="GetArgsFromCommandLine" classname="NUnitLite.Tests.CommandLineTests" runstate="Runnable" seed="192055777" result="Passed" start-time="2017-08-14 18:37:41Z" end-time="2017-08-14 18:37:41Z" duration="0.000114" asserts="1" />
            <test-case id="1012" name="GetArgsFromCommandLine(&quot;\&quot;--arg 1\&quot; \&quot;--arg 2\&quot; arg3 \&quot;arg 4\&quot; \&quot;--arg 1\&quot; \&quot;--arg 2\&quot; arg3 \&quot;arg 4\&quot;&quot;,&quot;--arg 1&quot;,&quot;--arg 2&quot;,&quot;arg3&quot;,&quot;arg 4&quot;,&quot;--arg 1&quot;,&quot;--arg 2&quot;,&quot;arg3&quot;,&quot;arg 4&quot;)" fullname="NUnitLite.Tests.CommandLineTests.GetArgsFromCommandLine(&quot;\&quot;--arg 1\&quot; \&quot;--arg 2\&quot; arg3 \&quot;arg 4\&quot; \&quot;--arg 1\&quot; \&quot;--arg 2\&quot; arg3 \&quot;arg 4\&quot;&quot;,&quot;--arg 1&quot;,&quot;--arg 2&quot;,&quot;arg3&quot;,&quot;arg 4&quot;,&quot;--arg 1&quot;,&quot;--arg 2&quot;,&quot;arg3&quot;,&quot;arg 4&quot;)" methodname="GetArgsFromCommandLine" classname="NUnitLite.Tests.CommandLineTests" runstate="Runnable" seed="1123500753" result="Passed" start-time="2017-08-14 18:37:41Z" end-time="2017-08-14 18:37:41Z" duration="0.000136" asserts="1" />
            <test-case id="1013" name="GetArgsFromCommandLine(&quot;\&quot;--arg\&quot;&quot;,&quot;--arg&quot;)" fullname="NUnitLite.Tests.CommandLineTests.GetArgsFromCommandLine(&quot;\&quot;--arg\&quot;&quot;,&quot;--arg&quot;)" methodname="GetArgsFromCommandLine" classname="NUnitLite.Tests.CommandLineTests" runstate="Runnable" seed="768283570" result="Passed" start-time="2017-08-14 18:37:41Z" end-time="2017-08-14 18:37:41Z" duration="0.000153" asserts="1" />
            <test-case id="1014" name="GetArgsFromCommandLine(&quot;\&quot;--arg 1\&quot;&quot;,&quot;--arg 1&quot;)" fullname="NUnitLite.Tests.CommandLineTests.GetArgsFromCommandLine(&quot;\&quot;--arg 1\&quot;&quot;,&quot;--arg 1&quot;)" methodname="GetArgsFromCommandLine" classname="NUnitLite.Tests.CommandLineTests" runstate="Runnable" seed="1120802314" result="Passed" start-time="2017-08-14 18:37:41Z" end-time="2017-08-14 18:37:41Z" duration="0.000111" asserts="1" />
            <test-case id="1015" name="GetArgsFromCommandLine(&quot;\&quot;--arg abc\&quot;&quot;,&quot;--arg abc&quot;)" fullname="NUnitLite.Tests.CommandLineTests.GetArgsFromCommandLine(&quot;\&quot;--arg abc\&quot;&quot;,&quot;--arg abc&quot;)" methodname="GetArgsFromCommandLine" classname="NUnitLite.Tests.CommandLineTests" runstate="Runnable" seed="519589956" result="Passed" start-time="2017-08-14 18:37:41Z" end-time="2017-08-14 18:37:41Z" duration="0.000116" asserts="1" />
            <test-case id="1016" name="GetArgsFromCommandLine(&quot;\&quot;--arg   abc\&quot;&quot;,&quot;--arg   abc&quot;)" fullname="NUnitLite.Tests.CommandLineTests.GetArgsFromCommandLine(&quot;\&quot;--arg   abc\&quot;&quot;,&quot;--arg   abc&quot;)" methodname="GetArgsFromCommandLine" classname="NUnitLite.Tests.CommandLineTests" runstate="Runnable" seed="1073624177" result="Passed" start-time="2017-08-14 18:37:41Z" end-time="2017-08-14 18:37:41Z" duration="0.000117" asserts="1" />
            <test-case id="1017" name="GetArgsFromCommandLine(&quot;\&quot; --arg   abc \&quot;&quot;,&quot; --arg   abc &quot;)" fullname="NUnitLite.Tests.CommandLineTests.GetArgsFromCommandLine(&quot;\&quot; --arg   abc \&quot;&quot;,&quot; --arg   abc &quot;)" methodname="GetArgsFromCommandLine" classname="NUnitLite.Tests.CommandLineTests" runstate="Runnable" seed="194081191" result="Passed" start-time="2017-08-14 18:37:41Z" end-time="2017-08-14 18:37:41Z" duration="0.000122" asserts="1" />
            <test-case id="1018" name="GetArgsFromCommandLine(&quot;\&quot;--arg=abc\&quot;&quot;,&quot;--arg=abc&quot;)" fullname="NUnitLite.Tests.CommandLineTests.GetArgsFromCommandLine(&quot;\&quot;--arg=abc\&quot;&quot;,&quot;--arg=abc&quot;)" methodname="GetArgsFromCommandLine" classname="NUnitLite.Tests.CommandLineTests" runstate="Runnable" seed="1387353878" result="Passed" start-time="2017-08-14 18:37:41Z" end-time="2017-08-14 18:37:41Z" duration="0.000117" asserts="1" />
            <test-case id="1019" name="GetArgsFromCommandLine(&quot;\&quot;--arg=aBc\&quot;&quot;,&quot;--arg=aBc&quot;)" fullname="NUnitLite.Tests.CommandLineTests.GetArgsFromCommandLine(&quot;\&quot;--arg=aBc\&quot;&quot;,&quot;--arg=aBc&quot;)" methodname="GetArgsFromCommandLine" classname="NUnitLite.Tests.CommandLineTests" runstate="Runnable" seed="2044860529" result="Passed" start-time="2017-08-14 18:37:41Z" end-time="2017-08-14 18:37:41Z" duration="0.000135" asserts="1" />
            <test-case id="1020" name="GetArgsFromCommandLine(&quot;\&quot;--arg = abc\&quot;&quot;,&quot;--arg = abc&quot;)" fullname="NUnitLite.Tests.CommandLineTests.GetArgsFromCommandLine(&quot;\&quot;--arg = abc\&quot;&quot;,&quot;--arg = abc&quot;)" methodname="GetArgsFromCommandLine" classname="NUnitLite.Tests.CommandLineTests" runstate="Runnable" seed="1623889237" result="Passed" start-time="2017-08-14 18:37:41Z" end-time="2017-08-14 18:37:41Z" duration="0.000114" asserts="1" />
            <test-case id="1021" name="GetArgsFromCommandLine(&quot;\&quot;--arg=abc,xyz\&quot;&quot;,&quot;--arg=abc,xyz&quot;)" fullname="NUnitLite.Tests.CommandLineTests.GetArgsFromCommandLine(&quot;\&quot;--arg=abc,xyz\&quot;&quot;,&quot;--arg=abc,xyz&quot;)" methodname="GetArgsFromCommandLine" classname="NUnitLite.Tests.CommandLineTests" runstate="Runnable" seed="268568583" result="Passed" start-time="2017-08-14 18:37:41Z" end-time="2017-08-14 18:37:41Z" duration="0.000230" asserts="1" />
            <test-case id="1022" name="GetArgsFromCommandLine(&quot;\&quot;--arg=abc, xyz\&quot;&quot;,&quot;--arg=abc, xyz&quot;)" fullname="NUnitLite.Tests.CommandLineTests.GetArgsFromCommandLine(&quot;\&quot;--arg=abc, xyz\&quot;&quot;,&quot;--arg=abc, xyz&quot;)" methodname="GetArgsFromCommandLine" classname="NUnitLite.Tests.CommandLineTests" runstate="Runnable" seed="748315317" result="Passed" start-time="2017-08-14 18:37:41Z" end-time="2017-08-14 18:37:41Z" duration="0.000124" asserts="1" />
            <test-case id="1023" name="GetArgsFromCommandLine(&quot;\&quot;@arg = ~ ` ! @ # $ % ^ &amp; * ( ) _ - : ; + ' ' { } [ ] | \\ ? / . , , xYz\&quot;&quot;,&quot;@arg = ~ ` ! @ # $ % ^ &amp; * ( ) _ - : ; + ' ' { } [ ] | \\ ? / . , , xYz&quot;)" fullname="NUnitLite.Tests.CommandLineTests.GetArgsFromCommandLine(&quot;\&quot;@arg = ~ ` ! @ # $ % ^ &amp; * ( ) _ - : ; + ' ' { } [ ] | \\ ? / . , , xYz\&quot;&quot;,&quot;@arg = ~ ` ! @ # $ % ^ &amp; * ( ) _ - : ; + ' ' { } [ ] | \\ ? / . , , xYz&quot;)" methodname="GetArgsFromCommandLine" classname="NUnitLite.Tests.CommandLineTests" runstate="Runnable" seed="1240108195" result="Passed" start-time="2017-08-14 18:37:41Z" end-time="2017-08-14 18:37:41Z" duration="0.000128" asserts="1" />
          </test-suite>
          <test-suite type="ParameterizedMethod" id="1048" name="GetArgsFromFiles" fullname="NUnitLite.Tests.CommandLineTests.GetArgsFromFiles" classname="NUnitLite.Tests.CommandLineTests" runstate="Runnable" testcasecount="23" result="Passed" start-time="2017-08-14 18:37:41Z" end-time="2017-08-14 18:37:41Z" duration="0.077028" total="23" passed="23" failed="0" warnings="0" inconclusive="0" skipped="0" asserts="46">
            <test-case id="1025" name="GetArgsFromFiles(&quot;--arg1 @file1.txt --arg2&quot;,&quot;file1.txt:--filearg1 --filearg2&quot;,&quot;--arg1&quot;,&quot;--filearg1&quot;,&quot;--filearg2&quot;,&quot;--arg2&quot;)" fullname="NUnitLite.Tests.CommandLineTests.GetArgsFromFiles(&quot;--arg1 @file1.txt --arg2&quot;,&quot;file1.txt:--filearg1 --filearg2&quot;,&quot;--arg1&quot;,&quot;--filearg1&quot;,&quot;--filearg2&quot;,&quot;--arg2&quot;)" methodname="GetArgsFromFiles" classname="NUnitLite.Tests.CommandLineTests" runstate="Runnable" seed="1471498644" result="Passed" start-time="2017-08-14 18:37:41Z" end-time="2017-08-14 18:37:41Z" duration="0.004970" asserts="2" />
            <test-case id="1026" name="GetArgsFromFiles(&quot;--arg1 @file1.txt --arg2&quot;,&quot;file1.txt:--filearg1\r\n--filearg2&quot;,&quot;--arg1&quot;,&quot;--filearg1&quot;,&quot;--filearg2&quot;,&quot;--arg2&quot;)" fullname="NUnitLite.Tests.CommandLineTests.GetArgsFromFiles(&quot;--arg1 @file1.txt --arg2&quot;,&quot;file1.txt:--filearg1\r\n--filearg2&quot;,&quot;--arg1&quot;,&quot;--filearg1&quot;,&quot;--filearg2&quot;,&quot;--arg2&quot;)" methodname="GetArgsFromFiles" classname="NUnitLite.Tests.CommandLineTests" runstate="Runnable" seed="284501660" result="Passed" start-time="2017-08-14 18:37:41Z" end-time="2017-08-14 18:37:41Z" duration="0.001731" asserts="2" />
            <test-case id="1027" name="GetArgsFromFiles(&quot;--arg1 @file1.txt --arg2&quot;,&quot;file1.txt:--filearg1 data&quot;,&quot;--arg1&quot;,&quot;--filearg1&quot;,&quot;data&quot;,&quot;--arg2&quot;)" fullname="NUnitLite.Tests.CommandLineTests.GetArgsFromFiles(&quot;--arg1 @file1.txt --arg2&quot;,&quot;file1.txt:--filearg1 data&quot;,&quot;--arg1&quot;,&quot;--filearg1&quot;,&quot;data&quot;,&quot;--arg2&quot;)" methodname="GetArgsFromFiles" classname="NUnitLite.Tests.CommandLineTests" runstate="Runnable" seed="86579373" result="Passed" start-time="2017-08-14 18:37:41Z" end-time="2017-08-14 18:37:41Z" duration="0.001749" asserts="2" />
            <test-case id="1028" name="GetArgsFromFiles(&quot;--arg1 @file1.txt --arg2&quot;,&quot;file1.txt:--filearg1 \&quot;data in quotes\&quot;&quot;,&quot;--arg1&quot;,&quot;--filearg1&quot;,&quot;data in quotes&quot;,&quot;--arg2&quot;)" fullname="NUnitLite.Tests.CommandLineTests.GetArgsFromFiles(&quot;--arg1 @file1.txt --arg2&quot;,&quot;file1.txt:--filearg1 \&quot;data in quotes\&quot;&quot;,&quot;--arg1&quot;,&quot;--filearg1&quot;,&quot;data in quotes&quot;,&quot;--arg2&quot;)" methodname="GetArgsFromFiles" classname="NUnitLite.Tests.CommandLineTests" runstate="Runnable" seed="842341360" result="Passed" start-time="2017-08-14 18:37:41Z" end-time="2017-08-14 18:37:41Z" duration="0.001380" asserts="2" />
            <test-case id="1029" name="GetArgsFromFiles(&quot;--arg1 @file1.txt --arg2&quot;,&quot;file1.txt:--filearg1 \&quot;data in quotes with 'single' quotes\&quot;&quot;,&quot;--arg1&quot;,&quot;--filearg1&quot;,&quot;data in quotes with 'single' quotes&quot;,&quot;--arg2&quot;)" fullname="NUnitLite.Tests.CommandLineTests.GetArgsFromFiles(&quot;--arg1 @file1.txt --arg2&quot;,&quot;file1.txt:--filearg1 \&quot;data in quotes with 'single' quotes\&quot;&quot;,&quot;--arg1&quot;,&quot;--filearg1&quot;,&quot;data in quotes with 'single' quotes&quot;,&quot;--arg2&quot;)" methodname="GetArgsFromFiles" classname="NUnitLite.Tests.CommandLineTests" runstate="Runnable" seed="102935670" result="Passed" start-time="2017-08-14 18:37:41Z" end-time="2017-08-14 18:37:41Z" duration="0.001087" asserts="2" />
            <test-case id="1030" name="GetArgsFromFiles(&quot;--arg1 @file1.txt --arg2&quot;,&quot;file1.txt:--filearg1 \&quot;data in quotes with /slashes/\&quot;&quot;,&quot;--arg1&quot;,&quot;--filearg1&quot;,&quot;data in quotes with /slashes/&quot;,&quot;--arg2&quot;)" fullname="NUnitLite.Tests.CommandLineTests.GetArgsFromFiles(&quot;--arg1 @file1.txt --arg2&quot;,&quot;file1.txt:--filearg1 \&quot;data in quotes with /slashes/\&quot;&quot;,&quot;--arg1&quot;,&quot;--filearg1&quot;,&quot;data in quotes with /slashes/&quot;,&quot;--arg2&quot;)" methodname="GetArgsFromFiles" classname="NUnitLite.Tests.CommandLineTests" runstate="Runnable" seed="1744730648" result="Passed" start-time="2017-08-14 18:37:41Z" end-time="2017-08-14 18:37:41Z" duration="0.001043" asserts="2" />
            <test-case id="1031" name="GetArgsFromFiles(&quot;--arg1 @file1.txt --arg2 @file2.txt&quot;,&quot;file1.txt:--filearg1 --filearg2,file2.txt:--filearg3&quot;,&quot;--arg1&quot;,&quot;--filearg1&quot;,&quot;--filearg2&quot;,&quot;--arg2&quot;,&quot;--filearg3&quot;)" fullname="NUnitLite.Tests.CommandLineTests.GetArgsFromFiles(&quot;--arg1 @file1.txt --arg2 @file2.txt&quot;,&quot;file1.txt:--filearg1 --filearg2,file2.txt:--filearg3&quot;,&quot;--arg1&quot;,&quot;--filearg1&quot;,&quot;--filearg2&quot;,&quot;--arg2&quot;,&quot;--filearg3&quot;)" methodname="GetArgsFromFiles" classname="NUnitLite.Tests.CommandLineTests" runstate="Runnable" seed="1737747991" result="Passed" start-time="2017-08-14 18:37:41Z" end-time="2017-08-14 18:37:41Z" duration="0.005638" asserts="2" />
            <test-case id="1032" name="GetArgsFromFiles(&quot;--arg1 @file1.txt --arg2&quot;,&quot;file1.txt:&quot;,&quot;--arg1&quot;,&quot;--arg2&quot;)" fullname="NUnitLite.Tests.CommandLineTests.GetArgsFromFiles(&quot;--arg1 @file1.txt --arg2&quot;,&quot;file1.txt:&quot;,&quot;--arg1&quot;,&quot;--arg2&quot;)" methodname="GetArgsFromFiles" classname="NUnitLite.Tests.CommandLineTests" runstate="Runnable" seed="494602177" result="Passed" start-time="2017-08-14 18:37:41Z" end-time="2017-08-14 18:37:41Z" duration="0.001576" asserts="2" />
            <test-case id="1033" name="GetArgsFromFiles(&quot;--arg1 @file1.txt --arg2&quot;,&quot;file1.txt:--fileArg1\n\n\n--fileArg2&quot;,&quot;--arg1&quot;,&quot;--fileArg1&quot;,&quot;--fileArg2&quot;,&quot;--arg2&quot;)" fullname="NUnitLite.Tests.CommandLineTests.GetArgsFromFiles(&quot;--arg1 @file1.txt --arg2&quot;,&quot;file1.txt:--fileArg1\n\n\n--fileArg2&quot;,&quot;--arg1&quot;,&quot;--fileArg1&quot;,&quot;--fileArg2&quot;,&quot;--arg2&quot;)" methodname="GetArgsFromFiles" classname="NUnitLite.Tests.CommandLineTests" runstate="Runnable" seed="700180086" result="Passed" start-time="2017-08-14 18:37:41Z" end-time="2017-08-14 18:37:41Z" duration="0.001624" asserts="2" />
            <test-case id="1034" name="GetArgsFromFiles(&quot;--arg1 @file1.txt --arg2&quot;,&quot;file1.txt:--fileArg1\n    \n\t\t\n--fileArg2&quot;,&quot;--arg1&quot;,&quot;--fileArg1&quot;,&quot;--fileArg2&quot;,&quot;--arg2&quot;)" fullname="NUnitLite.Tests.CommandLineTests.GetArgsFromFiles(&quot;--arg1 @file1.txt --arg2&quot;,&quot;file1.txt:--fileArg1\n    \n\t\t\n--fileArg2&quot;,&quot;--arg1&quot;,&quot;--fileArg1&quot;,&quot;--fileArg2&quot;,&quot;--arg2&quot;)" methodname="GetArgsFromFiles" classname="NUnitLite.Tests.CommandLineTests" runstate="Runnable" seed="1338857519" result="Passed" start-time="2017-08-14 18:37:41Z" end-time="2017-08-14 18:37:41Z" duration="0.001266" asserts="2" />
            <test-case id="1035" name="GetArgsFromFiles(&quot;--arg1 @file1.txt --arg2&quot;,&quot;file1.txt:--fileArg1\r\n\r\n\r\n--fileArg2&quot;,&quot;--arg1&quot;,&quot;--fileArg1&quot;,&quot;--fileArg2&quot;,&quot;--arg2&quot;)" fullname="NUnitLite.Tests.CommandLineTests.GetArgsFromFiles(&quot;--arg1 @file1.txt --arg2&quot;,&quot;file1.txt:--fileArg1\r\n\r\n\r\n--fileArg2&quot;,&quot;--arg1&quot;,&quot;--fileArg1&quot;,&quot;--fileArg2&quot;,&quot;--arg2&quot;)" methodname="GetArgsFromFiles" classname="NUnitLite.Tests.CommandLineTests" runstate="Runnable" seed="2016321738" result="Passed" start-time="2017-08-14 18:37:41Z" end-time="2017-08-14 18:37:41Z" duration="0.001167" asserts="2" />
            <test-case id="1036" name="GetArgsFromFiles(&quot;--arg1 @file1.txt --arg2&quot;,&quot;file1.txt:--fileArg1\r\n    \r\n\t\t\r\n--fileArg2&quot;,&quot;--arg1&quot;,&quot;--fileArg1&quot;,&quot;--fileArg2&quot;,&quot;--arg2&quot;)" fullname="NUnitLite.Tests.CommandLineTests.GetArgsFromFiles(&quot;--arg1 @file1.txt --arg2&quot;,&quot;file1.txt:--fileArg1\r\n    \r\n\t\t\r\n--fileArg2&quot;,&quot;--arg1&quot;,&quot;--fileArg1&quot;,&quot;--fileArg2&quot;,&quot;--arg2&quot;)" methodname="GetArgsFromFiles" classname="NUnitLite.Tests.CommandLineTests" runstate="Runnable" seed="891571027" result="Passed" start-time="2017-08-14 18:37:41Z" end-time="2017-08-14 18:37:41Z" duration="0.001036" asserts="2" />
            <test-case id="1037" name="GetArgsFromFiles(&quot;--arg1 @file1.txt --arg2&quot;,&quot;file1.txt:--filearg1 --filearg2\r\n\n--filearg3 --filearg4&quot;,&quot;--arg1&quot;,&quot;--filearg1&quot;,&quot;--filearg2&quot;,&quot;--filearg3&quot;,&quot;--filearg4&quot;,&quot;--arg2&quot;)" fullname="NUnitLite.Tests.CommandLineTests.GetArgsFromFiles(&quot;--arg1 @file1.txt --arg2&quot;,&quot;file1.txt:--filearg1 --filearg2\r\n\n--filearg3 --filearg4&quot;,&quot;--arg1&quot;,&quot;--filearg1&quot;,&quot;--filearg2&quot;,&quot;--filearg3&quot;,&quot;--filearg4&quot;,&quot;--arg2&quot;)" methodname="GetArgsFromFiles" classname="NUnitLite.Tests.CommandLineTests" runstate="Runnable" seed="542207675" result="Passed" start-time="2017-08-14 18:37:41Z" end-time="2017-08-14 18:37:41Z" duration="0.000976" asserts="2" />
            <test-case id="1038" name="GetArgsFromFiles(&quot;--arg1 @file1.txt --arg2&quot;,&quot;file1.txt:--fileArg1\nThis is NOT treated as a COMMENT\n--fileArg2&quot;,&quot;--arg1&quot;,&quot;--fileArg1&quot;,&quot;This&quot;,&quot;is&quot;,&quot;NOT&quot;,&quot;treated&quot;,&quot;as&quot;,&quot;a&quot;,&quot;COMMENT&quot;,&quot;--fileArg2&quot;,&quot;--arg2&quot;)" fullname="NUnitLite.Tests.CommandLineTests.GetArgsFromFiles(&quot;--arg1 @file1.txt --arg2&quot;,&quot;file1.txt:--fileArg1\nThis is NOT treated as a COMMENT\n--fileArg2&quot;,&quot;--arg1&quot;,&quot;--fileArg1&quot;,&quot;This&quot;,&quot;is&quot;,&quot;NOT&quot;,&quot;treated&quot;,&quot;as&quot;,&quot;a&quot;,&quot;COMMENT&quot;,&quot;--fileArg2&quot;,&quot;--arg2&quot;)" methodname="GetArgsFromFiles" classname="NUnitLite.Tests.CommandLineTests" runstate="Runnable" seed="1088057025" result="Passed" start-time="2017-08-14 18:37:41Z" end-time="2017-08-14 18:37:41Z" duration="0.001143" asserts="2" />
            <test-case id="1039" name="GetArgsFromFiles(&quot;--arg1 @file1.txt --arg2&quot;,&quot;file1.txt:--fileArg1\n#This is treated as a COMMENT\n--fileArg2&quot;,&quot;--arg1&quot;,&quot;--fileArg1&quot;,&quot;--fileArg2&quot;,&quot;--arg2&quot;)" fullname="NUnitLite.Tests.CommandLineTests.GetArgsFromFiles(&quot;--arg1 @file1.txt --arg2&quot;,&quot;file1.txt:--fileArg1\n#This is treated as a COMMENT\n--fileArg2&quot;,&quot;--arg1&quot;,&quot;--fileArg1&quot;,&quot;--fileArg2&quot;,&quot;--arg2&quot;)" methodname="GetArgsFromFiles" classname="NUnitLite.Tests.CommandLineTests" runstate="Runnable" seed="815176584" result="Passed" start-time="2017-08-14 18:37:41Z" end-time="2017-08-14 18:37:41Z" duration="0.001049" asserts="2" />
            <test-case id="1040" name="GetArgsFromFiles(&quot;--arg1 @file1.txt --arg2 @file2.txt&quot;,&quot;file1.txt:--filearg1 --filearg2,file2.txt:--filearg3 @file3.txt,file3.txt:--filearg4&quot;,&quot;--arg1&quot;,&quot;--filearg1&quot;,&quot;--filearg2&quot;,&quot;--arg2&quot;,&quot;--filearg3&quot;,&quot;--filearg4&quot;)" fullname="NUnitLite.Tests.CommandLineTests.GetArgsFromFiles(&quot;--arg1 @file1.txt --arg2 @file2.txt&quot;,&quot;file1.txt:--filearg1 --filearg2,file2.txt:--filearg3 @file3.txt,file3.txt:--filearg4&quot;,&quot;--arg1&quot;,&quot;--filearg1&quot;,&quot;--filearg2&quot;,&quot;--arg2&quot;,&quot;--filearg3&quot;,&quot;--filearg4&quot;)" methodname="GetArgsFromFiles" classname="NUnitLite.Tests.CommandLineTests" runstate="Runnable" seed="1903668808" result="Passed" start-time="2017-08-14 18:37:41Z" end-time="2017-08-14 18:37:41Z" duration="0.003486" asserts="2" />
            <test-case id="1041" name="GetArgsFromFiles(&quot;testfile.dll @file1.txt --arg2&quot;,&quot;file1.txt:--where test==somelongname&quot;,&quot;testfile.dll&quot;,&quot;--where&quot;,&quot;test==somelongname&quot;,&quot;--arg2&quot;)" fullname="NUnitLite.Tests.CommandLineTests.GetArgsFromFiles(&quot;testfile.dll @file1.txt --arg2&quot;,&quot;file1.txt:--where test==somelongname&quot;,&quot;testfile.dll&quot;,&quot;--where&quot;,&quot;test==somelongname&quot;,&quot;--arg2&quot;)" methodname="GetArgsFromFiles" classname="NUnitLite.Tests.CommandLineTests" runstate="Runnable" seed="408876119" result="Passed" start-time="2017-08-14 18:37:41Z" end-time="2017-08-14 18:37:41Z" duration="0.001831" asserts="2" />
            <test-case id="1042" name="GetArgsFromFiles(&quot;testfile.dll @file1.txt --arg2&quot;,&quot;file1.txt:--where test == somelongname&quot;,&quot;testfile.dll&quot;,&quot;--where&quot;,&quot;test&quot;,&quot;==&quot;,&quot;somelongname&quot;,&quot;--arg2&quot;)" fullname="NUnitLite.Tests.CommandLineTests.GetArgsFromFiles(&quot;testfile.dll @file1.txt --arg2&quot;,&quot;file1.txt:--where test == somelongname&quot;,&quot;testfile.dll&quot;,&quot;--where&quot;,&quot;test&quot;,&quot;==&quot;,&quot;somelongname&quot;,&quot;--arg2&quot;)" methodname="GetArgsFromFiles" classname="NUnitLite.Tests.CommandLineTests" runstate="Runnable" seed="965847195" result="Passed" start-time="2017-08-14 18:37:41Z" end-time="2017-08-14 18:37:41Z" duration="0.001476" asserts="2" />
            <test-case id="1043" name="GetArgsFromFiles(&quot;testfile.dll @file1.txt --arg2&quot;,&quot;file1.txt:--where \&quot;test == somelongname\&quot;&quot;,&quot;testfile.dll&quot;,&quot;--where&quot;,&quot;test == somelongname&quot;,&quot;--arg2&quot;)" fullname="NUnitLite.Tests.CommandLineTests.GetArgsFromFiles(&quot;testfile.dll @file1.txt --arg2&quot;,&quot;file1.txt:--where \&quot;test == somelongname\&quot;&quot;,&quot;testfile.dll&quot;,&quot;--where&quot;,&quot;test == somelongname&quot;,&quot;--arg2&quot;)" methodname="GetArgsFromFiles" classname="NUnitLite.Tests.CommandLineTests" runstate="Runnable" seed="1842498773" result="Passed" start-time="2017-08-14 18:37:41Z" end-time="2017-08-14 18:37:41Z" duration="0.001444" asserts="2" />
            <test-case id="1044" name="GetArgsFromFiles(&quot;testfile.dll @file1.txt --arg2&quot;,&quot;file1.txt:--where\n    \&quot;test == somelongname\&quot;&quot;,&quot;testfile.dll&quot;,&quot;--where&quot;,&quot;test == somelongname&quot;,&quot;--arg2&quot;)" fullname="NUnitLite.Tests.CommandLineTests.GetArgsFromFiles(&quot;testfile.dll @file1.txt --arg2&quot;,&quot;file1.txt:--where\n    \&quot;test == somelongname\&quot;&quot;,&quot;testfile.dll&quot;,&quot;--where&quot;,&quot;test == somelongname&quot;,&quot;--arg2&quot;)" methodname="GetArgsFromFiles" classname="NUnitLite.Tests.CommandLineTests" runstate="Runnable" seed="714924733" result="Passed" start-time="2017-08-14 18:37:41Z" end-time="2017-08-14 18:37:41Z" duration="0.000928" asserts="2" />
            <test-case id="1045" name="GetArgsFromFiles(&quot;testfile.dll @file1.txt --arg2&quot;,&quot;file1.txt:--where\n    \&quot;test == somelongname or test == /another long name/ or cat == SomeCategory\&quot;&quot;,&quot;testfile.dll&quot;,&quot;--where&quot;,&quot;test == somelongname or test == /another long name/ or cat == SomeCategory&quot;,&quot;--arg2&quot;)" fullname="NUnitLite.Tests.CommandLineTests.GetArgsFromFiles(&quot;testfile.dll @file1.txt --arg2&quot;,&quot;file1.txt:--where\n    \&quot;test == somelongname or test == /another long name/ or cat == SomeCategory\&quot;&quot;,&quot;testfile.dll&quot;,&quot;--where&quot;,&quot;test == somelongname or test == /another long name/ or cat == SomeCategory&quot;,&quot;--arg2&quot;)" methodname="GetArgsFromFiles" classname="NUnitLite.Tests.CommandLineTests" runstate="Runnable" seed="1577614762" result="Passed" start-time="2017-08-14 18:37:41Z" end-time="2017-08-14 18:37:41Z" duration="0.000978" asserts="2" />
            <test-case id="1046" name="GetArgsFromFiles(&quot;testfile.dll @file1.txt --arg2&quot;,&quot;file1.txt:--where\n    \&quot;test == somelongname or\ntest == /another long name/ or\ncat == SomeCategory\&quot;&quot;,&quot;testfile.dll&quot;,&quot;--where&quot;,&quot;test == somelongname or test == /another long name/ or cat == SomeCategory&quot;,&quot;--arg2&quot;)" fullname="NUnitLite.Tests.CommandLineTests.GetArgsFromFiles(&quot;testfile.dll @file1.txt --arg2&quot;,&quot;file1.txt:--where\n    \&quot;test == somelongname or\ntest == /another long name/ or\ncat == SomeCategory\&quot;&quot;,&quot;testfile.dll&quot;,&quot;--where&quot;,&quot;test == somelongname or test == /another long name/ or cat == SomeCategory&quot;,&quot;--arg2&quot;)" methodname="GetArgsFromFiles" classname="NUnitLite.Tests.CommandLineTests" runstate="Runnable" seed="576178957" result="Passed" start-time="2017-08-14 18:37:41Z" end-time="2017-08-14 18:37:41Z" duration="0.001067" asserts="2" />
            <test-case id="1047" name="GetArgsFromFiles(&quot;testfile.dll @file1.txt --arg2&quot;,&quot;file1.txt:--where\n    \&quot;test == somelongname ||\ntest == /another long name/ ||\ncat == SomeCategory\&quot;&quot;,&quot;testfile.dll&quot;,&quot;--where&quot;,&quot;test == somelongname || test == /another long name/ || cat == SomeCategory&quot;,&quot;--arg2&quot;)" fullname="NUnitLite.Tests.CommandLineTests.GetArgsFromFiles(&quot;testfile.dll @file1.txt --arg2&quot;,&quot;file1.txt:--where\n    \&quot;test == somelongname ||\ntest == /another long name/ ||\ncat == SomeCategory\&quot;&quot;,&quot;testfile.dll&quot;,&quot;--where&quot;,&quot;test == somelongname || test == /another long name/ || cat == SomeCategory&quot;,&quot;--arg2&quot;)" methodname="GetArgsFromFiles" classname="NUnitLite.Tests.CommandLineTests" runstate="Runnable" seed="2077208650" result="Passed" start-time="2017-08-14 18:37:41Z" end-time="2017-08-14 18:37:41Z" duration="0.001055" asserts="2" />
          </test-suite>
          <test-suite type="ParameterizedMethod" id="1051" name="GetArgsFromFiles_FailureTests" fullname="NUnitLite.Tests.CommandLineTests.GetArgsFromFiles_FailureTests" classname="NUnitLite.Tests.CommandLineTests" runstate="Runnable" testcasecount="2" result="Passed" start-time="2017-08-14 18:37:41Z" end-time="2017-08-14 18:37:41Z" duration="0.004009" total="2" passed="2" failed="0" warnings="0" inconclusive="0" skipped="0" asserts="2">
            <test-case id="1049" name="GetArgsFromFiles_FailureTests(&quot;--arg1 @file1.txt --arg2&quot;,&quot;The file \&quot;file1.txt\&quot; was not found.&quot;)" fullname="NUnitLite.Tests.CommandLineTests.GetArgsFromFiles_FailureTests(&quot;--arg1 @file1.txt --arg2&quot;,&quot;The file \&quot;file1.txt\&quot; was not found.&quot;)" methodname="GetArgsFromFiles_FailureTests" classname="NUnitLite.Tests.CommandLineTests" runstate="Runnable" seed="1847211346" result="Passed" start-time="2017-08-14 18:37:41Z" end-time="2017-08-14 18:37:41Z" duration="0.000608" asserts="1" />
            <test-case id="1050" name="GetArgsFromFiles_FailureTests(&quot;--arg1 @ --arg2&quot;,&quot;You must include a file name after @.&quot;)" fullname="NUnitLite.Tests.CommandLineTests.GetArgsFromFiles_FailureTests(&quot;--arg1 @ --arg2&quot;,&quot;You must include a file name after @.&quot;)" methodname="GetArgsFromFiles_FailureTests" classname="NUnitLite.Tests.CommandLineTests" runstate="Runnable" seed="934430034" result="Passed" start-time="2017-08-14 18:37:41Z" end-time="2017-08-14 18:37:41Z" duration="0.000105" asserts="1" />
          </test-suite>
          <test-case id="1086" name="InvalidCommandLineParms" fullname="NUnitLite.Tests.CommandLineTests.InvalidCommandLineParms" methodname="InvalidCommandLineParms" classname="NUnitLite.Tests.CommandLineTests" runstate="Runnable" seed="71708770" result="Passed" start-time="2017-08-14 18:37:41Z" end-time="2017-08-14 18:37:41Z" duration="0.001928" asserts="4" />
          <test-case id="1085" name="InvalidOption" fullname="NUnitLite.Tests.CommandLineTests.InvalidOption" methodname="InvalidOption" classname="NUnitLite.Tests.CommandLineTests" runstate="Runnable" seed="1880161162" result="Passed" start-time="2017-08-14 18:37:41Z" end-time="2017-08-14 18:37:41Z" duration="0.000483" asserts="3" />
          <test-suite type="ParameterizedMethod" id="1080" name="MissingValuesAreReported" fullname="NUnitLite.Tests.CommandLineTests.MissingValuesAreReported" classname="NUnitLite.Tests.CommandLineTests" runstate="Runnable" testcasecount="6" result="Passed" start-time="2017-08-14 18:37:41Z" end-time="2017-08-14 18:37:41Z" duration="0.012010" total="6" passed="6" failed="0" warnings="0" inconclusive="0" skipped="0" asserts="12">
            <test-case id="1074" name="MissingValuesAreReported(&quot;--where&quot;)" fullname="NUnitLite.Tests.CommandLineTests.MissingValuesAreReported(&quot;--where&quot;)" methodname="MissingValuesAreReported" classname="NUnitLite.Tests.CommandLineTests" runstate="Runnable" seed="465412090" result="Passed" start-time="2017-08-14 18:37:41Z" end-time="2017-08-14 18:37:41Z" duration="0.000442" asserts="2" />
            <test-case id="1075" name="MissingValuesAreReported(&quot;--output&quot;)" fullname="NUnitLite.Tests.CommandLineTests.MissingValuesAreReported(&quot;--output&quot;)" methodname="MissingValuesAreReported" classname="NUnitLite.Tests.CommandLineTests" runstate="Runnable" seed="2084779008" result="Passed" start-time="2017-08-14 18:37:41Z" end-time="2017-08-14 18:37:41Z" duration="0.000107" asserts="2" />
            <test-case id="1076" name="MissingValuesAreReported(&quot;--err&quot;)" fullname="NUnitLite.Tests.CommandLineTests.MissingValuesAreReported(&quot;--err&quot;)" methodname="MissingValuesAreReported" classname="NUnitLite.Tests.CommandLineTests" runstate="Runnable" seed="1074447103" result="Passed" start-time="2017-08-14 18:37:41Z" end-time="2017-08-14 18:37:41Z" duration="0.000104" asserts="2" />
            <test-case id="1077" name="MissingValuesAreReported(&quot;--work&quot;)" fullname="NUnitLite.Tests.CommandLineTests.MissingValuesAreReported(&quot;--work&quot;)" methodname="MissingValuesAreReported" classname="NUnitLite.Tests.CommandLineTests" runstate="Runnable" seed="307431586" result="Passed" start-time="2017-08-14 18:37:41Z" end-time="2017-08-14 18:37:41Z" duration="0.000101" asserts="2" />
            <test-case id="1078" name="MissingValuesAreReported(&quot;--trace&quot;)" fullname="NUnitLite.Tests.CommandLineTests.MissingValuesAreReported(&quot;--trace&quot;)" methodname="MissingValuesAreReported" classname="NUnitLite.Tests.CommandLineTests" runstate="Runnable" seed="1914372203" result="Passed" start-time="2017-08-14 18:37:41Z" end-time="2017-08-14 18:37:41Z" duration="0.000096" asserts="2" />
            <test-case id="1079" name="MissingValuesAreReported(&quot;--timeout&quot;)" fullname="NUnitLite.Tests.CommandLineTests.MissingValuesAreReported(&quot;--timeout&quot;)" methodname="MissingValuesAreReported" classname="NUnitLite.Tests.CommandLineTests" runstate="Runnable" seed="1544248848" result="Passed" start-time="2017-08-14 18:37:41Z" end-time="2017-08-14 18:37:41Z" duration="0.000100" asserts="2" />
          </test-suite>
          <test-case id="1082" name="MultipleAssembliesAreInvalidByDefault" fullname="NUnitLite.Tests.CommandLineTests.MultipleAssembliesAreInvalidByDefault" methodname="MultipleAssembliesAreInvalidByDefault" classname="NUnitLite.Tests.CommandLineTests" runstate="Runnable" seed="1100392203" result="Passed" start-time="2017-08-14 18:37:41Z" end-time="2017-08-14 18:37:41Z" duration="0.000630" asserts="4" />
          <test-case id="1084" name="MultipleAssembliesAreInvalidEvenIfOneIsAllowed" fullname="NUnitLite.Tests.CommandLineTests.MultipleAssembliesAreInvalidEvenIfOneIsAllowed" methodname="MultipleAssembliesAreInvalidEvenIfOneIsAllowed" classname="NUnitLite.Tests.CommandLineTests" runstate="Runnable" seed="422842674" result="Passed" start-time="2017-08-14 18:37:41Z" end-time="2017-08-14 18:37:41Z" duration="0.000490" asserts="3" />
          <test-case id="1052" name="NoInputFiles" fullname="NUnitLite.Tests.CommandLineTests.NoInputFiles" methodname="NoInputFiles" classname="NUnitLite.Tests.CommandLineTests" runstate="Runnable" seed="1613511172" result="Passed" start-time="2017-08-14 18:37:41Z" end-time="2017-08-14 18:37:41Z" duration="0.000306" asserts="2" />
          <test-case id="1099" name="NoResultSuppressesAllResultSpecifications" fullname="NUnitLite.Tests.CommandLineTests.NoResultSuppressesAllResultSpecifications" methodname="NoResultSuppressesAllResultSpecifications" classname="NUnitLite.Tests.CommandLineTests" runstate="Runnable" seed="1417817927" result="Passed" start-time="2017-08-14 18:37:41Z" end-time="2017-08-14 18:37:41Z" duration="0.000584" asserts="1" />
          <test-case id="1098" name="NoResultSuppressesDefaultResultSpecification" fullname="NUnitLite.Tests.CommandLineTests.NoResultSuppressesDefaultResultSpecification" methodname="NoResultSuppressesDefaultResultSpecification" classname="NUnitLite.Tests.CommandLineTests" runstate="Runnable" seed="1166989692" result="Passed" start-time="2017-08-14 18:37:41Z" end-time="2017-08-14 18:37:41Z" duration="0.000341" asserts="1" />
          <test-case id="1116" name="ParameterWithoutEqualSignIsInvalid" fullname="NUnitLite.Tests.CommandLineTests.ParameterWithoutEqualSignIsInvalid" methodname="ParameterWithoutEqualSignIsInvalid" classname="NUnitLite.Tests.CommandLineTests" runstate="Runnable" seed="1893149625" result="Passed" start-time="2017-08-14 18:37:41Z" end-time="2017-08-14 18:37:41Z" duration="0.000832" asserts="1" />
          <test-case id="1096" name="ResultOptionMayBeRepeated" fullname="NUnitLite.Tests.CommandLineTests.ResultOptionMayBeRepeated" methodname="ResultOptionMayBeRepeated" classname="NUnitLite.Tests.CommandLineTests" runstate="Runnable" seed="1688007500" result="Passed" start-time="2017-08-14 18:37:41Z" end-time="2017-08-14 18:37:41Z" duration="0.000860" asserts="11" />
          <test-case id="1092" name="ResultOptionWithFilePath" fullname="NUnitLite.Tests.CommandLineTests.ResultOptionWithFilePath" methodname="ResultOptionWithFilePath" classname="NUnitLite.Tests.CommandLineTests" runstate="Runnable" seed="1249359046" result="Passed" start-time="2017-08-14 18:37:41Z" end-time="2017-08-14 18:37:41Z" duration="0.000461" asserts="4" />
          <test-case id="1093" name="ResultOptionWithFilePathAndFormat" fullname="NUnitLite.Tests.CommandLineTests.ResultOptionWithFilePathAndFormat" methodname="ResultOptionWithFilePathAndFormat" classname="NUnitLite.Tests.CommandLineTests" runstate="Runnable" seed="1636901567" result="Passed" start-time="2017-08-14 18:37:41Z" end-time="2017-08-14 18:37:41Z" duration="0.000523" asserts="4" />
          <test-case id="1094" name="ResultOptionWithFilePathAndTransform" fullname="NUnitLite.Tests.CommandLineTests.ResultOptionWithFilePathAndTransform" methodname="ResultOptionWithFilePathAndTransform" classname="NUnitLite.Tests.CommandLineTests" runstate="Runnable" seed="826185150" result="Passed" start-time="2017-08-14 18:37:41Z" end-time="2017-08-14 18:37:41Z" duration="0.000552" asserts="4" />
          <test-case id="1095" name="ResultOptionWithoutFileNameIsInvalid" fullname="NUnitLite.Tests.CommandLineTests.ResultOptionWithoutFileNameIsInvalid" methodname="ResultOptionWithoutFileNameIsInvalid" classname="NUnitLite.Tests.CommandLineTests" runstate="Runnable" seed="461469491" result="Passed" start-time="2017-08-14 18:37:41Z" end-time="2017-08-14 18:37:41Z" duration="0.000445" asserts="2" />
          <test-suite type="ParameterizedMethod" id="1111" name="ShouldSetTeamCityFlagAccordingToArgsAndDefaults" fullname="NUnitLite.Tests.CommandLineTests.ShouldSetTeamCityFlagAccordingToArgsAndDefaults" classname="NUnitLite.Tests.CommandLineTests" runstate="Runnable" testcasecount="6" result="Passed" start-time="2017-08-14 18:37:41Z" end-time="2017-08-14 18:37:41Z" duration="0.012010" total="6" passed="6" failed="0" warnings="0" inconclusive="0" skipped="0" asserts="6">
            <test-case id="1105" name="ShouldSetTeamCityFlagAccordingToArgsAndDefaults(True,null,True)" fullname="NUnitLite.Tests.CommandLineTests.ShouldSetTeamCityFlagAccordingToArgsAndDefaults(True,null,True)" methodname="ShouldSetTeamCityFlagAccordingToArgsAndDefaults" classname="NUnitLite.Tests.CommandLineTests" runstate="Runnable" seed="1876725672" result="Passed" start-time="2017-08-14 18:37:41Z" end-time="2017-08-14 18:37:41Z" duration="0.000671" asserts="1" />
            <test-case id="1106" name="ShouldSetTeamCityFlagAccordingToArgsAndDefaults(False,null,False)" fullname="NUnitLite.Tests.CommandLineTests.ShouldSetTeamCityFlagAccordingToArgsAndDefaults(False,null,False)" methodname="ShouldSetTeamCityFlagAccordingToArgsAndDefaults" classname="NUnitLite.Tests.CommandLineTests" runstate="Runnable" seed="1335946550" result="Passed" start-time="2017-08-14 18:37:41Z" end-time="2017-08-14 18:37:41Z" duration="0.000108" asserts="1" />
            <test-case id="1107" name="ShouldSetTeamCityFlagAccordingToArgsAndDefaults(True,False,True)" fullname="NUnitLite.Tests.CommandLineTests.ShouldSetTeamCityFlagAccordingToArgsAndDefaults(True,False,True)" methodname="ShouldSetTeamCityFlagAccordingToArgsAndDefaults" classname="NUnitLite.Tests.CommandLineTests" runstate="Runnable" seed="1853497137" result="Passed" start-time="2017-08-14 18:37:41Z" end-time="2017-08-14 18:37:41Z" duration="0.000657" asserts="1" />
            <test-case id="1108" name="ShouldSetTeamCityFlagAccordingToArgsAndDefaults(False,False,False)" fullname="NUnitLite.Tests.CommandLineTests.ShouldSetTeamCityFlagAccordingToArgsAndDefaults(False,False,False)" methodname="ShouldSetTeamCityFlagAccordingToArgsAndDefaults" classname="NUnitLite.Tests.CommandLineTests" runstate="Runnable" seed="532819486" result="Passed" start-time="2017-08-14 18:37:41Z" end-time="2017-08-14 18:37:41Z" duration="0.000118" asserts="1" />
            <test-case id="1109" name="ShouldSetTeamCityFlagAccordingToArgsAndDefaults(True,True,True)" fullname="NUnitLite.Tests.CommandLineTests.ShouldSetTeamCityFlagAccordingToArgsAndDefaults(True,True,True)" methodname="ShouldSetTeamCityFlagAccordingToArgsAndDefaults" classname="NUnitLite.Tests.CommandLineTests" runstate="Runnable" seed="1054099681" result="Passed" start-time="2017-08-14 18:37:41Z" end-time="2017-08-14 18:37:41Z" duration="0.000118" asserts="1" />
            <test-case id="1110" name="ShouldSetTeamCityFlagAccordingToArgsAndDefaults(False,True,True)" fullname="NUnitLite.Tests.CommandLineTests.ShouldSetTeamCityFlagAccordingToArgsAndDefaults(False,True,True)" methodname="ShouldSetTeamCityFlagAccordingToArgsAndDefaults" classname="NUnitLite.Tests.CommandLineTests" runstate="Runnable" seed="1744050545" result="Passed" start-time="2017-08-14 18:37:41Z" end-time="2017-08-14 18:37:41Z" duration="0.000101" asserts="1" />
          </test-suite>
          <test-case id="1112" name="SingleTestParameter" fullname="NUnitLite.Tests.CommandLineTests.SingleTestParameter" methodname="SingleTestParameter" classname="NUnitLite.Tests.CommandLineTests" runstate="Runnable" seed="1051065837" result="Passed" start-time="2017-08-14 18:37:41Z" end-time="2017-08-14 18:37:41Z" duration="0.003379" asserts="2" />
          <test-case id="1115" name="ThreeTestParametersInTwoOptions" fullname="NUnitLite.Tests.CommandLineTests.ThreeTestParametersInTwoOptions" methodname="ThreeTestParametersInTwoOptions" classname="NUnitLite.Tests.CommandLineTests" runstate="Runnable" seed="894094493" result="Passed" start-time="2017-08-14 18:37:41Z" end-time="2017-08-14 18:37:41Z" duration="0.000567" asserts="2" />
          <test-case id="1090" name="TimeoutCausesErrorIfValueIsNotInteger" fullname="NUnitLite.Tests.CommandLineTests.TimeoutCausesErrorIfValueIsNotInteger" methodname="TimeoutCausesErrorIfValueIsNotInteger" classname="NUnitLite.Tests.CommandLineTests" runstate="Runnable" seed="52220419" result="Passed" start-time="2017-08-14 18:37:41Z" end-time="2017-08-14 18:37:41Z" duration="0.000523" asserts="2" />
          <test-case id="1087" name="TimeoutIsMinusOneIfNoOptionIsProvided" fullname="NUnitLite.Tests.CommandLineTests.TimeoutIsMinusOneIfNoOptionIsProvided" methodname="TimeoutIsMinusOneIfNoOptionIsProvided" classname="NUnitLite.Tests.CommandLineTests" runstate="Runnable" seed="547702564" result="Passed" start-time="2017-08-14 18:37:41Z" end-time="2017-08-14 18:37:41Z" duration="0.000374" asserts="2" />
          <test-case id="1089" name="TimeoutParsesIntValueCorrectly" fullname="NUnitLite.Tests.CommandLineTests.TimeoutParsesIntValueCorrectly" methodname="TimeoutParsesIntValueCorrectly" classname="NUnitLite.Tests.CommandLineTests" runstate="Runnable" seed="1583646324" result="Passed" start-time="2017-08-14 18:37:41Z" end-time="2017-08-14 18:37:41Z" duration="0.000399" asserts="2" />
          <test-case id="1088" name="TimeoutThrowsExceptionIfOptionHasNoValue" fullname="NUnitLite.Tests.CommandLineTests.TimeoutThrowsExceptionIfOptionHasNoValue" methodname="TimeoutThrowsExceptionIfOptionHasNoValue" classname="NUnitLite.Tests.CommandLineTests" runstate="Runnable" seed="993827291" result="Passed" start-time="2017-08-14 18:37:41Z" end-time="2017-08-14 18:37:41Z" duration="0.002115" asserts="1" />
          <test-case id="1113" name="TwoTestParametersInOneOption" fullname="NUnitLite.Tests.CommandLineTests.TwoTestParametersInOneOption" methodname="TwoTestParametersInOneOption" classname="NUnitLite.Tests.CommandLineTests" runstate="Runnable" seed="2086173349" result="Passed" start-time="2017-08-14 18:37:41Z" end-time="2017-08-14 18:37:41Z" duration="0.000499" asserts="2" />
          <test-case id="1114" name="TwoTestParametersInSeparateOptions" fullname="NUnitLite.Tests.CommandLineTests.TwoTestParametersInSeparateOptions" methodname="TwoTestParametersInSeparateOptions" classname="NUnitLite.Tests.CommandLineTests" runstate="Runnable" seed="1835851294" result="Passed" start-time="2017-08-14 18:37:41Z" end-time="2017-08-14 18:37:41Z" duration="0.000510" asserts="2" />
        </test-suite>
      </test-suite>
    </test-suite>
  </test-suite>
</test-run>